#
# There is insufficient memory for the Java Runtime Environment to continue.
# Native memory allocation (malloc) failed to allocate 1048576 bytes. Error detail: AllocateHeap
# Possible reasons:
#   The system is out of physical RAM or swap space
#   This process is running with CompressedOops enabled, and the Java Heap may be blocking the growth of the native heap
# Possible solutions:
#   Reduce memory load on the system
#   Increase physical memory or swap space
#   Check if swap backing store is full
#   Decrease Java heap size (-Xmx/-Xms)
#   Decrease number of Java threads
#   Decrease Java thread stack sizes (-Xss)
#   Set larger code cache with -XX:ReservedCodeCacheSize=
#   JVM is running with Unscaled Compressed Oops mode in which the Java heap is
#     placed in the first 4GB address space. The Java Heap base address is the
#     maximum limit for the native heap growth. Please use -XX:HeapBaseMinAddress
#     to set the Java Heap base and to place the Java Heap above 4GB virtual address.
# This output file may be truncated or incomplete.
#
#  Out of Memory Error (allocation.cpp:44), pid=15188, tid=12736
#
# JRE version: OpenJDK Runtime Environment Temurin-21.0.9+10 (21.0.9+10) (build 21.0.9+10-LTS)
# Java VM: OpenJDK 64-Bit Server VM Temurin-21.0.9+10 (21.0.9+10-LTS, mixed mode, sharing, tiered, compressed oops, compressed class ptrs, parallel gc, windows-amd64)
# No core dump will be written. Minidumps are not enabled by default on client versions of Windows
#

---------------  S U M M A R Y ------------

Command Line: --add-modules=ALL-SYSTEM --add-opens=java.base/java.util=ALL-UNNAMED --add-opens=java.base/java.lang=ALL-UNNAMED --add-opens=java.base/sun.nio.fs=ALL-UNNAMED -Declipse.application=org.eclipse.jdt.ls.core.id1 -Dosgi.bundles.defaultStartLevel=4 -Declipse.product=org.eclipse.jdt.ls.core.product -Djava.import.generatesMetadataFilesAtProjectRoot=false -DDetectVMInstallationsJob.disabled=true -Dfile.encoding=utf8 -XX:+UseParallelGC -XX:GCTimeRatio=4 -XX:AdaptiveSizePolicyWeight=90 -Dsun.zip.disableMemoryMapping=true -Xmx2G -Xms100m -Xlog:disable -javaagent:c:\Users\juanb\.antigravity\extensions\redhat.java-1.50.0-win32-x64\lombok\lombok-1.18.39-4050.jar -XX:+HeapDumpOnOutOfMemoryError -XX:HeapDumpPath=c:\Users\juanb\AppData\Roaming\Antigravity\User\workspaceStorage\945df90eec9aabffa7a7b0fd25b8c26d\redhat.java -Daether.dependencyCollector.impl=bf c:\Users\juanb\.antigravity\extensions\redhat.java-1.50.0-win32-x64\server\plugins\org.eclipse.equinox.launcher_1.7.100.v20251111-0406.jar -configuration c:\Users\juanb\AppData\Roaming\Antigravity\User\globalStorage\redhat.java\1.50.0\config_win -data c:\Users\juanb\AppData\Roaming\Antigravity\User\workspaceStorage\945df90eec9aabffa7a7b0fd25b8c26d\redhat.java\jdt_ws --pipe=\\.\pipe\lsp-da31f77490a5f928f76ba446f913c62d-sock

Host: Intel(R) Pentium(R) Gold 7505 @ 2.00GHz, 4 cores, 7G,  Windows 11 , 64 bit Build 26100 (10.0.26100.7019)
Time: Fri Nov 28 17:30:06 2025 Hora est. Pacífico, Sudamérica elapsed time: 2425.993982 seconds (0d 0h 40m 25s)

---------------  T H R E A D  ---------------

Current thread (0x000001399b939170):  JavaThread "Attach Listener" daemon [_thread_in_vm, id=12736, stack(0x00000019f9e00000,0x00000019f9f00000) (1024K)]

Stack: [0x00000019f9e00000,0x00000019f9f00000]
Native frames: (J=compiled Java code, j=interpreted, Vv=VM code, C=native code)
V  [jvm.dll+0x6d6e29]
V  [jvm.dll+0x8b4b76]
V  [jvm.dll+0x8b712e]
V  [jvm.dll+0x8b7813]
V  [jvm.dll+0x283d86]
V  [jvm.dll+0xc1277]
V  [jvm.dll+0x6d76d9]
V  [jvm.dll+0x133466]
V  [jvm.dll+0x3f7ea6]
V  [jvm.dll+0x85e9ad]
V  [jvm.dll+0x6d565d]
C  [ucrtbase.dll+0x37b0]
C  [KERNEL32.DLL+0x2e8d7]
C  [ntdll.dll+0x8c53c]


---------------  P R O C E S S  ---------------

Threads class SMR info:
_java_thread_list=0x00000139f875a430, length=31, elements={
0x00000139995fb6b0, 0x000001399bafadb0, 0x000001399bafd720, 0x000001399b9346f0,
0x000001399b939170, 0x000001399b93ad30, 0x000001399b93e900, 0x000001399b96cb70,
0x000001399b96d360, 0x00000139f81e2ea0, 0x00000139f82a3310, 0x00000139f8dfca20,
0x00000139f8dcd050, 0x00000139f8ee3100, 0x00000139f8ee3760, 0x00000139f944b020,
0x00000139f90ef9b0, 0x00000139f8f33590, 0x00000139f935be30, 0x00000139f95925c0,
0x00000139f95932e0, 0x00000139f9594000, 0x00000139f94f7120, 0x00000139f94f6400,
0x00000139f94f8b60, 0x00000139f94f56e0, 0x00000139f94f84d0, 0x00000139f94f77b0,
0x00000139fc1aad60, 0x00000139fc1aba80, 0x00000139fc1ae870
}

Java Threads: ( => current thread )
  0x00000139995fb6b0 JavaThread "main"                              [_thread_blocked, id=2164, stack(0x00000019f9700000,0x00000019f9800000) (1024K)]
  0x000001399bafadb0 JavaThread "Reference Handler"          daemon [_thread_blocked, id=18804, stack(0x00000019f9b00000,0x00000019f9c00000) (1024K)]
  0x000001399bafd720 JavaThread "Finalizer"                  daemon [_thread_blocked, id=7304, stack(0x00000019f9c00000,0x00000019f9d00000) (1024K)]
  0x000001399b9346f0 JavaThread "Signal Dispatcher"          daemon [_thread_blocked, id=2644, stack(0x00000019f9d00000,0x00000019f9e00000) (1024K)]
=>0x000001399b939170 JavaThread "Attach Listener"            daemon [_thread_in_vm, id=12736, stack(0x00000019f9e00000,0x00000019f9f00000) (1024K)]
  0x000001399b93ad30 JavaThread "Service Thread"             daemon [_thread_blocked, id=18280, stack(0x00000019f9f00000,0x00000019fa000000) (1024K)]
  0x000001399b93e900 JavaThread "Monitor Deflation Thread"   daemon [_thread_blocked, id=20384, stack(0x00000019fa000000,0x00000019fa100000) (1024K)]
  0x000001399b96cb70 JavaThread "C2 CompilerThread0"         daemon [_thread_blocked, id=18192, stack(0x00000019fa100000,0x00000019fa200000) (1024K)]
  0x000001399b96d360 JavaThread "C1 CompilerThread0"         daemon [_thread_blocked, id=5708, stack(0x00000019fa200000,0x00000019fa300000) (1024K)]
  0x00000139f81e2ea0 JavaThread "Common-Cleaner"             daemon [_thread_blocked, id=10588, stack(0x00000019fa300000,0x00000019fa400000) (1024K)]
  0x00000139f82a3310 JavaThread "Notification Thread"        daemon [_thread_blocked, id=21000, stack(0x00000019fa400000,0x00000019fa500000) (1024K)]
  0x00000139f8dfca20 JavaThread "Active Thread: Equinox Container: a2db8f2d-c9e4-4d5d-8a3e-18d530bb6923"        [_thread_blocked, id=3768, stack(0x00000019fa900000,0x00000019faa00000) (1024K)]
  0x00000139f8dcd050 JavaThread "Refresh Thread: Equinox Container: a2db8f2d-c9e4-4d5d-8a3e-18d530bb6923" daemon [_thread_blocked, id=1476, stack(0x00000019faa00000,0x00000019fab00000) (1024K)]
  0x00000139f8ee3100 JavaThread "Framework Event Dispatcher: Equinox Container: a2db8f2d-c9e4-4d5d-8a3e-18d530bb6923" daemon [_thread_blocked, id=14628, stack(0x00000019fab00000,0x00000019fac00000) (1024K)]
  0x00000139f8ee3760 JavaThread "Start Level: Equinox Container: a2db8f2d-c9e4-4d5d-8a3e-18d530bb6923" daemon [_thread_blocked, id=8040, stack(0x00000019fac00000,0x00000019fad00000) (1024K)]
  0x00000139f944b020 JavaThread "Bundle File Closer"         daemon [_thread_blocked, id=21152, stack(0x00000019fad00000,0x00000019fae00000) (1024K)]
  0x00000139f90ef9b0 JavaThread "SCR Component Actor"        daemon [_thread_blocked, id=11232, stack(0x00000019fae00000,0x00000019faf00000) (1024K)]
  0x00000139f8f33590 JavaThread "Worker-JM"                         [_thread_blocked, id=15932, stack(0x00000019faf00000,0x00000019fb000000) (1024K)]
  0x00000139f935be30 JavaThread "JNA Cleaner"                daemon [_thread_blocked, id=6368, stack(0x00000019fb000000,0x00000019fb100000) (1024K)]
  0x00000139f95925c0 JavaThread "Java indexing"              daemon [_thread_blocked, id=8360, stack(0x00000019fb400000,0x00000019fb500000) (1024K)]
  0x00000139f95932e0 JavaThread "Thread-1"                   daemon [_thread_in_native, id=16132, stack(0x00000019fba00000,0x00000019fbb00000) (1024K)]
  0x00000139f9594000 JavaThread "Thread-2"                   daemon [_thread_in_native, id=18836, stack(0x00000019fbb00000,0x00000019fbc00000) (1024K)]
  0x00000139f94f7120 JavaThread "Thread-3"                   daemon [_thread_in_native, id=19356, stack(0x00000019fbc00000,0x00000019fbd00000) (1024K)]
  0x00000139f94f6400 JavaThread "Thread-4"                   daemon [_thread_in_native, id=6756, stack(0x00000019fbd00000,0x00000019fbe00000) (1024K)]
  0x00000139f94f8b60 JavaThread "Thread-5"                   daemon [_thread_in_native, id=3432, stack(0x00000019fbe00000,0x00000019fbf00000) (1024K)]
  0x00000139f94f56e0 JavaThread "pool-2-thread-1"                   [_thread_blocked, id=21112, stack(0x00000019fbf00000,0x00000019fc000000) (1024K)]
  0x00000139f94f84d0 JavaThread "WorkspaceEventsHandler"            [_thread_blocked, id=12908, stack(0x00000019fc000000,0x00000019fc100000) (1024K)]
  0x00000139f94f77b0 JavaThread "pool-1-thread-1"                   [_thread_blocked, id=3284, stack(0x00000019fc100000,0x00000019fc200000) (1024K)]
  0x00000139fc1aad60 JavaThread "Cleaner-0"                  daemon [_thread_blocked, id=1840, stack(0x00000019fa500000,0x00000019fa600000) (1024K)]
  0x00000139fc1aba80 JavaThread "Worker-7"                          [_thread_blocked, id=20016, stack(0x00000019fb500000,0x00000019fb600000) (1024K)]
  0x00000139fc1ae870 JavaThread "Worker-11"                         [_thread_blocked, id=20088, stack(0x00000019f9500000,0x00000019f9600000) (1024K)]
Total: 31

Other Threads:
  0x000001399b92e8a0 VMThread "VM Thread"                           [id=5820, stack(0x00000019f9a00000,0x00000019f9b00000) (1024K)]
  0x000001399baab5e0 WatcherThread "VM Periodic Task Thread"        [id=16808, stack(0x00000019f9900000,0x00000019f9a00000) (1024K)]
  0x000001399ba5b920 WorkerThread "GC Thread#0"                     [id=17484, stack(0x00000019f9800000,0x00000019f9900000) (1024K)]
  0x00000139f82ccd00 WorkerThread "GC Thread#1"                     [id=17936, stack(0x00000019fa600000,0x00000019fa700000) (1024K)]
  0x00000139f82cd0a0 WorkerThread "GC Thread#2"                     [id=16856, stack(0x00000019fa700000,0x00000019fa800000) (1024K)]
  0x00000139f82cd440 WorkerThread "GC Thread#3"                     [id=8088, stack(0x00000019fa800000,0x00000019fa900000) (1024K)]
Total: 6

Threads with active compile tasks:
Total: 0

VM state: not at safepoint (normal execution)

VM Mutex/Monitor currently owned by a thread: None

Heap address: 0x0000000080000000, size: 2048 MB, Compressed Oops mode: 32-bit

CDS archive(s) mapped at: [0x00000139b3000000-0x00000139b3ba0000-0x00000139b3ba0000), size 12189696, SharedBaseAddress: 0x00000139b3000000, ArchiveRelocationMode: 1.
Compressed class space mapped at: 0x00000139b4000000-0x00000139f4000000, reserved size: 1073741824
Narrow klass base: 0x00000139b3000000, Narrow klass shift: 0, Narrow klass range: 0x100000000

GC Precious Log:
 CardTable entry size: 512
 CPUs: 4 total, 4 available
 Memory: 7885M
 Large Page Support: Disabled
 NUMA Support: Disabled
 Compressed Oops: Enabled (32-bit)
 Alignments: Space 512K, Generation 512K, Heap 2M
 Heap Min Capacity: 100M
 Heap Initial Capacity: 100M
 Heap Max Capacity: 2G
 Pre-touch: Disabled
 Parallel Workers: 4

Heap:
 PSYoungGen      total 2048K, used 1074K [0x00000000d5580000, 0x00000000d5d00000, 0x0000000100000000)
  eden space 1536K, 55% used [0x00000000d5580000,0x00000000d5654858,0x00000000d5700000)
  from space 512K, 43% used [0x00000000d5c80000,0x00000000d5cb8000,0x00000000d5d00000)
  to   space 512K, 0% used [0x00000000d5c00000,0x00000000d5c00000,0x00000000d5c80000)
 ParOldGen       total 529920K, used 529512K [0x0000000080000000, 0x00000000a0580000, 0x00000000d5580000)
  object space 529920K, 99% used [0x0000000080000000,0x00000000a051a020,0x00000000a0580000)
 Metaspace       used 77072K, committed 78720K, reserved 1179648K
  class space    used 7798K, committed 8512K, reserved 1048576K

Card table byte_map: [0x000001399b3e0000,0x000001399b7f0000] _byte_map_base: 0x000001399afe0000

Marking Bits: (ParMarkBitMap*) 0x00007ffd7f092460
 Begin Bits: [0x00000139adef0000, 0x00000139afef0000)
 End Bits:   [0x00000139afef0000, 0x00000139b1ef0000)

Polling page: 0x0000013999890000

Metaspace:

Usage:
  Non-class:     67.65 MB used.
      Class:      7.62 MB used.
       Both:     75.27 MB used.

Virtual space:
  Non-class space:      128.00 MB reserved,      68.56 MB ( 54%) committed,  2 nodes.
      Class space:        1.00 GB reserved,       8.31 MB ( <1%) committed,  1 nodes.
             Both:        1.12 GB reserved,      76.88 MB (  7%) committed. 

Chunk freelists:
   Non-Class:  10.56 MB
       Class:  7.59 MB
        Both:  18.15 MB

MaxMetaspaceSize: unlimited
CompressedClassSpaceSize: 1.00 GB
Initial GC threshold: 21.00 MB
Current GC threshold: 120.62 MB
CDS: on
 - commit_granule_bytes: 65536.
 - commit_granule_words: 8192.
 - virtual_space_node_default_size: 8388608.
 - enlarge_chunks_in_place: 1.
 - use_allocation_guard: 0.


Internal statistics:

num_allocs_failed_limit: 9.
num_arena_births: 1456.
num_arena_deaths: 16.
num_vsnodes_births: 3.
num_vsnodes_deaths: 0.
num_space_committed: 1230.
num_space_uncommitted: 0.
num_chunks_returned_to_freelist: 25.
num_chunks_taken_from_freelist: 5285.
num_chunk_merges: 12.
num_chunk_splits: 3171.
num_chunks_enlarged: 1690.
num_inconsistent_stats: 0.

CodeHeap 'non-profiled nmethods': size=120000Kb used=14065Kb max_used=14065Kb free=105934Kb
 bounds [0x00000139a6710000, 0x00000139a74d0000, 0x00000139adc40000]
CodeHeap 'profiled nmethods': size=120000Kb used=39273Kb max_used=39273Kb free=80726Kb
 bounds [0x000001399ec40000, 0x00000139a12a0000, 0x00000139a6170000]
CodeHeap 'non-nmethods': size=5760Kb used=1487Kb max_used=1554Kb free=4272Kb
 bounds [0x00000139a6170000, 0x00000139a63e0000, 0x00000139a6710000]
CodeCache: size=245760Kb, used=54825Kb, max_used=54892Kb, free=190932Kb
 total_blobs=16370, nmethods=15574, adapters=698, full_count=0
Compilation: enabled, stopped_count=0, restarted_count=0

Compilation events (20 events):
Event: 2226.894 Thread 0x000001399b96cb70 17191       4       java.io.ObjectOutputStream$BlockDataOutputStream::setBlockDataMode (35 bytes)
Event: 2226.896 Thread 0x000001399b96d360 17193       3       org.eclipse.core.internal.dtree.DataTreeWriter::writeNode (182 bytes)
Event: 2226.896 Thread 0x000001399b96d360 nmethod 17193 0x00000139a128ff90 code [0x00000139a1290260, 0x00000139a1290f40]
Event: 2226.899 Thread 0x000001399b96d360 17194       3       org.eclipse.core.internal.resources.MarkerWriter::snap (153 bytes)
Event: 2226.901 Thread 0x000001399b96d360 nmethod 17194 0x00000139a1291310 code [0x00000139a1291700, 0x00000139a12934b8]
Event: 2226.901 Thread 0x000001399b96cb70 nmethod 17191 0x00000139a74ca010 code [0x00000139a74ca260, 0x00000139a74cab00]
Event: 2226.901 Thread 0x000001399b96d360 17195       3       org.eclipse.core.internal.resources.SyncInfoWriter::snapSyncInfo (157 bytes)
Event: 2226.901 Thread 0x000001399b96cb70 17187       4       java.io.ObjectOutputStream$BlockDataOutputStream::writeInt (46 bytes)
Event: 2226.903 Thread 0x000001399b96cb70 nmethod 17187 0x00000139a74cb310 code [0x00000139a74cb4a0, 0x00000139a74cb5d0]
Event: 2226.903 Thread 0x000001399b96d360 nmethod 17195 0x00000139a1294010 code [0x00000139a1294500, 0x00000139a1296fc0]
Event: 2227.057 Thread 0x000001399b96d360 17196       3       java.lang.Double::compare (54 bytes)
Event: 2227.057 Thread 0x000001399b96d360 nmethod 17196 0x00000139a1297e10 code [0x00000139a1298000, 0x00000139a12985f8]
Event: 2227.057 Thread 0x000001399b96d360 17197   !   3       org.eclipse.core.internal.jobs.JobManager::currentJob (89 bytes)
Event: 2227.058 Thread 0x000001399b96d360 nmethod 17197 0x00000139a1298790 code [0x00000139a1298a00, 0x00000139a1299788]
Event: 2227.068 Thread 0x000001399b96d360 17198       3       com.sun.org.apache.xerces.internal.impl.XMLEntityManager::setScannerVersion (115 bytes)
Event: 2227.068 Thread 0x000001399b96d360 nmethod 17198 0x00000139a1299c10 code [0x00000139a1299e20, 0x00000139a129a3f8]
Event: 2227.074 Thread 0x000001399b96cb70 17199       4       java.io.File::exists (34 bytes)
Event: 2227.080 Thread 0x000001399b96cb70 nmethod 17199 0x00000139a74cb790 code [0x00000139a74cb980, 0x00000139a74cbd18]
Event: 2227.088 Thread 0x000001399b96cb70 17200   !   4       org.eclipse.jdt.internal.core.builder.ClasspathJar::cleanup (175 bytes)
Event: 2227.090 Thread 0x000001399b96cb70 nmethod 17200 0x00000139a74cc110 code [0x00000139a74cc2e0, 0x00000139a74cc4d0]

GC Heap History (20 events):
Event: 1929.740 GC heap before
{Heap before GC invocations=600 (full 4):
 PSYoungGen      total 2048K, used 1792K [0x00000000d5580000, 0x00000000d5d00000, 0x0000000100000000)
  eden space 1536K, 100% used [0x00000000d5580000,0x00000000d5700000,0x00000000d5700000)
  from space 512K, 50% used [0x00000000d5c80000,0x00000000d5cc0000,0x00000000d5d00000)
  to   space 512K, 0% used [0x00000000d5c00000,0x00000000d5c00000,0x00000000d5c80000)
 ParOldGen       total 526848K, used 526633K [0x0000000080000000, 0x00000000a0280000, 0x00000000d5580000)
  object space 526848K, 99% used [0x0000000080000000,0x00000000a024a708,0x00000000a0280000)
 Metaspace       used 77022K, committed 78656K, reserved 1179648K
  class space    used 7798K, committed 8512K, reserved 1048576K
}
Event: 1929.742 GC heap after
{Heap after GC invocations=600 (full 4):
 PSYoungGen      total 2048K, used 416K [0x00000000d5580000, 0x00000000d5d00000, 0x0000000100000000)
  eden space 1536K, 0% used [0x00000000d5580000,0x00000000d5580000,0x00000000d5700000)
  from space 512K, 81% used [0x00000000d5c00000,0x00000000d5c68000,0x00000000d5c80000)
  to   space 512K, 0% used [0x00000000d5c80000,0x00000000d5c80000,0x00000000d5d00000)
 ParOldGen       total 526848K, used 526841K [0x0000000080000000, 0x00000000a0280000, 0x00000000d5580000)
  object space 526848K, 99% used [0x0000000080000000,0x00000000a027e708,0x00000000a0280000)
 Metaspace       used 77022K, committed 78656K, reserved 1179648K
  class space    used 7798K, committed 8512K, reserved 1048576K
}
Event: 1929.777 GC heap before
{Heap before GC invocations=601 (full 4):
 PSYoungGen      total 2048K, used 1952K [0x00000000d5580000, 0x00000000d5d00000, 0x0000000100000000)
  eden space 1536K, 100% used [0x00000000d5580000,0x00000000d5700000,0x00000000d5700000)
  from space 512K, 81% used [0x00000000d5c00000,0x00000000d5c68000,0x00000000d5c80000)
  to   space 512K, 0% used [0x00000000d5c80000,0x00000000d5c80000,0x00000000d5d00000)
 ParOldGen       total 526848K, used 526841K [0x0000000080000000, 0x00000000a0280000, 0x00000000d5580000)
  object space 526848K, 99% used [0x0000000080000000,0x00000000a027e708,0x00000000a0280000)
 Metaspace       used 77038K, committed 78656K, reserved 1179648K
  class space    used 7798K, committed 8512K, reserved 1048576K
}
Event: 1929.780 GC heap after
{Heap after GC invocations=601 (full 4):
 PSYoungGen      total 2048K, used 352K [0x00000000d5580000, 0x00000000d5d00000, 0x0000000100000000)
  eden space 1536K, 0% used [0x00000000d5580000,0x00000000d5580000,0x00000000d5700000)
  from space 512K, 68% used [0x00000000d5c80000,0x00000000d5cd8000,0x00000000d5d00000)
  to   space 512K, 0% used [0x00000000d5c00000,0x00000000d5c00000,0x00000000d5c80000)
 ParOldGen       total 527360K, used 527213K [0x0000000080000000, 0x00000000a0300000, 0x00000000d5580000)
  object space 527360K, 99% used [0x0000000080000000,0x00000000a02db728,0x00000000a0300000)
 Metaspace       used 77038K, committed 78656K, reserved 1179648K
  class space    used 7798K, committed 8512K, reserved 1048576K
}
Event: 1929.813 GC heap before
{Heap before GC invocations=602 (full 4):
 PSYoungGen      total 2048K, used 1888K [0x00000000d5580000, 0x00000000d5d00000, 0x0000000100000000)
  eden space 1536K, 100% used [0x00000000d5580000,0x00000000d5700000,0x00000000d5700000)
  from space 512K, 68% used [0x00000000d5c80000,0x00000000d5cd8000,0x00000000d5d00000)
  to   space 512K, 0% used [0x00000000d5c00000,0x00000000d5c00000,0x00000000d5c80000)
 ParOldGen       total 527360K, used 527213K [0x0000000080000000, 0x00000000a0300000, 0x00000000d5580000)
  object space 527360K, 99% used [0x0000000080000000,0x00000000a02db728,0x00000000a0300000)
 Metaspace       used 77041K, committed 78656K, reserved 1179648K
  class space    used 7798K, committed 8512K, reserved 1048576K
}
Event: 1929.815 GC heap after
{Heap after GC invocations=602 (full 4):
 PSYoungGen      total 2048K, used 404K [0x00000000d5580000, 0x00000000d5d00000, 0x0000000100000000)
  eden space 1536K, 0% used [0x00000000d5580000,0x00000000d5580000,0x00000000d5700000)
  from space 512K, 79% used [0x00000000d5c00000,0x00000000d5c65200,0x00000000d5c80000)
  to   space 512K, 0% used [0x00000000d5c80000,0x00000000d5c80000,0x00000000d5d00000)
 ParOldGen       total 527872K, used 527469K [0x0000000080000000, 0x00000000a0380000, 0x00000000d5580000)
  object space 527872K, 99% used [0x0000000080000000,0x00000000a031b728,0x00000000a0380000)
 Metaspace       used 77041K, committed 78656K, reserved 1179648K
  class space    used 7798K, committed 8512K, reserved 1048576K
}
Event: 1929.827 GC heap before
{Heap before GC invocations=603 (full 4):
 PSYoungGen      total 2048K, used 1940K [0x00000000d5580000, 0x00000000d5d00000, 0x0000000100000000)
  eden space 1536K, 100% used [0x00000000d5580000,0x00000000d5700000,0x00000000d5700000)
  from space 512K, 79% used [0x00000000d5c00000,0x00000000d5c65200,0x00000000d5c80000)
  to   space 512K, 0% used [0x00000000d5c80000,0x00000000d5c80000,0x00000000d5d00000)
 ParOldGen       total 527872K, used 527469K [0x0000000080000000, 0x00000000a0380000, 0x00000000d5580000)
  object space 527872K, 99% used [0x0000000080000000,0x00000000a031b728,0x00000000a0380000)
 Metaspace       used 77043K, committed 78656K, reserved 1179648K
  class space    used 7798K, committed 8512K, reserved 1048576K
}
Event: 1929.828 GC heap after
{Heap after GC invocations=603 (full 4):
 PSYoungGen      total 2048K, used 346K [0x00000000d5580000, 0x00000000d5d00000, 0x0000000100000000)
  eden space 1536K, 0% used [0x00000000d5580000,0x00000000d5580000,0x00000000d5700000)
  from space 512K, 67% used [0x00000000d5c80000,0x00000000d5cd6a08,0x00000000d5d00000)
  to   space 512K, 0% used [0x00000000d5c00000,0x00000000d5c00000,0x00000000d5c80000)
 ParOldGen       total 527872K, used 527828K [0x0000000080000000, 0x00000000a0380000, 0x00000000d5580000)
  object space 527872K, 99% used [0x0000000080000000,0x00000000a03752d8,0x00000000a0380000)
 Metaspace       used 77043K, committed 78656K, reserved 1179648K
  class space    used 7798K, committed 8512K, reserved 1048576K
}
Event: 1929.838 GC heap before
{Heap before GC invocations=604 (full 4):
 PSYoungGen      total 2048K, used 1882K [0x00000000d5580000, 0x00000000d5d00000, 0x0000000100000000)
  eden space 1536K, 100% used [0x00000000d5580000,0x00000000d5700000,0x00000000d5700000)
  from space 512K, 67% used [0x00000000d5c80000,0x00000000d5cd6a08,0x00000000d5d00000)
  to   space 512K, 0% used [0x00000000d5c00000,0x00000000d5c00000,0x00000000d5c80000)
 ParOldGen       total 527872K, used 527828K [0x0000000080000000, 0x00000000a0380000, 0x00000000d5580000)
  object space 527872K, 99% used [0x0000000080000000,0x00000000a03752d8,0x00000000a0380000)
 Metaspace       used 77044K, committed 78656K, reserved 1179648K
  class space    used 7798K, committed 8512K, reserved 1048576K
}
Event: 1929.840 GC heap after
{Heap after GC invocations=604 (full 4):
 PSYoungGen      total 2048K, used 320K [0x00000000d5580000, 0x00000000d5d00000, 0x0000000100000000)
  eden space 1536K, 0% used [0x00000000d5580000,0x00000000d5580000,0x00000000d5700000)
  from space 512K, 62% used [0x00000000d5c00000,0x00000000d5c50000,0x00000000d5c80000)
  to   space 512K, 0% used [0x00000000d5c80000,0x00000000d5c80000,0x00000000d5d00000)
 ParOldGen       total 528384K, used 528143K [0x0000000080000000, 0x00000000a0400000, 0x00000000d5580000)
  object space 528384K, 99% used [0x0000000080000000,0x00000000a03c3cf0,0x00000000a0400000)
 Metaspace       used 77044K, committed 78656K, reserved 1179648K
  class space    used 7798K, committed 8512K, reserved 1048576K
}
Event: 1929.848 GC heap before
{Heap before GC invocations=605 (full 4):
 PSYoungGen      total 2048K, used 1856K [0x00000000d5580000, 0x00000000d5d00000, 0x0000000100000000)
  eden space 1536K, 100% used [0x00000000d5580000,0x00000000d5700000,0x00000000d5700000)
  from space 512K, 62% used [0x00000000d5c00000,0x00000000d5c50000,0x00000000d5c80000)
  to   space 512K, 0% used [0x00000000d5c80000,0x00000000d5c80000,0x00000000d5d00000)
 ParOldGen       total 528384K, used 528143K [0x0000000080000000, 0x00000000a0400000, 0x00000000d5580000)
  object space 528384K, 99% used [0x0000000080000000,0x00000000a03c3cf0,0x00000000a0400000)
 Metaspace       used 77044K, committed 78656K, reserved 1179648K
  class space    used 7798K, committed 8512K, reserved 1048576K
}
Event: 1929.850 GC heap after
{Heap after GC invocations=605 (full 4):
 PSYoungGen      total 2048K, used 288K [0x00000000d5580000, 0x00000000d5d00000, 0x0000000100000000)
  eden space 1536K, 0% used [0x00000000d5580000,0x00000000d5580000,0x00000000d5700000)
  from space 512K, 56% used [0x00000000d5c80000,0x00000000d5cc8000,0x00000000d5d00000)
  to   space 512K, 0% used [0x00000000d5c00000,0x00000000d5c00000,0x00000000d5c80000)
 ParOldGen       total 528896K, used 528399K [0x0000000080000000, 0x00000000a0480000, 0x00000000d5580000)
  object space 528896K, 99% used [0x0000000080000000,0x00000000a0403d10,0x00000000a0480000)
 Metaspace       used 77044K, committed 78656K, reserved 1179648K
  class space    used 7798K, committed 8512K, reserved 1048576K
}
Event: 1929.861 GC heap before
{Heap before GC invocations=606 (full 4):
 PSYoungGen      total 2048K, used 1824K [0x00000000d5580000, 0x00000000d5d00000, 0x0000000100000000)
  eden space 1536K, 100% used [0x00000000d5580000,0x00000000d5700000,0x00000000d5700000)
  from space 512K, 56% used [0x00000000d5c80000,0x00000000d5cc8000,0x00000000d5d00000)
  to   space 512K, 0% used [0x00000000d5c00000,0x00000000d5c00000,0x00000000d5c80000)
 ParOldGen       total 528896K, used 528399K [0x0000000080000000, 0x00000000a0480000, 0x00000000d5580000)
  object space 528896K, 99% used [0x0000000080000000,0x00000000a0403d10,0x00000000a0480000)
 Metaspace       used 77044K, committed 78656K, reserved 1179648K
  class space    used 7798K, committed 8512K, reserved 1048576K
}
Event: 1929.863 GC heap after
{Heap after GC invocations=606 (full 4):
 PSYoungGen      total 2048K, used 416K [0x00000000d5580000, 0x00000000d5d00000, 0x0000000100000000)
  eden space 1536K, 0% used [0x00000000d5580000,0x00000000d5580000,0x00000000d5700000)
  from space 512K, 81% used [0x00000000d5c00000,0x00000000d5c68000,0x00000000d5c80000)
  to   space 512K, 0% used [0x00000000d5c80000,0x00000000d5c80000,0x00000000d5d00000)
 ParOldGen       total 528896K, used 528615K [0x0000000080000000, 0x00000000a0480000, 0x00000000d5580000)
  object space 528896K, 99% used [0x0000000080000000,0x00000000a0439d10,0x00000000a0480000)
 Metaspace       used 77044K, committed 78656K, reserved 1179648K
  class space    used 7798K, committed 8512K, reserved 1048576K
}
Event: 1929.882 GC heap before
{Heap before GC invocations=607 (full 4):
 PSYoungGen      total 2048K, used 1952K [0x00000000d5580000, 0x00000000d5d00000, 0x0000000100000000)
  eden space 1536K, 100% used [0x00000000d5580000,0x00000000d5700000,0x00000000d5700000)
  from space 512K, 81% used [0x00000000d5c00000,0x00000000d5c68000,0x00000000d5c80000)
  to   space 512K, 0% used [0x00000000d5c80000,0x00000000d5c80000,0x00000000d5d00000)
 ParOldGen       total 528896K, used 528615K [0x0000000080000000, 0x00000000a0480000, 0x00000000d5580000)
  object space 528896K, 99% used [0x0000000080000000,0x00000000a0439d10,0x00000000a0480000)
 Metaspace       used 77046K, committed 78656K, reserved 1179648K
  class space    used 7798K, committed 8512K, reserved 1048576K
}
Event: 1929.885 GC heap after
{Heap after GC invocations=607 (full 4):
 PSYoungGen      total 2048K, used 352K [0x00000000d5580000, 0x00000000d5d00000, 0x0000000100000000)
  eden space 1536K, 0% used [0x00000000d5580000,0x00000000d5580000,0x00000000d5700000)
  from space 512K, 68% used [0x00000000d5c80000,0x00000000d5cd8000,0x00000000d5d00000)
  to   space 512K, 0% used [0x00000000d5c00000,0x00000000d5c00000,0x00000000d5c80000)
 ParOldGen       total 529408K, used 528959K [0x0000000080000000, 0x00000000a0500000, 0x00000000d5580000)
  object space 529408K, 99% used [0x0000000080000000,0x00000000a048fd10,0x00000000a0500000)
 Metaspace       used 77046K, committed 78656K, reserved 1179648K
  class space    used 7798K, committed 8512K, reserved 1048576K
}
Event: 2106.346 GC heap before
{Heap before GC invocations=608 (full 4):
 PSYoungGen      total 2048K, used 1887K [0x00000000d5580000, 0x00000000d5d00000, 0x0000000100000000)
  eden space 1536K, 99% used [0x00000000d5580000,0x00000000d56ffff8,0x00000000d5700000)
  from space 512K, 68% used [0x00000000d5c80000,0x00000000d5cd8000,0x00000000d5d00000)
  to   space 512K, 0% used [0x00000000d5c00000,0x00000000d5c00000,0x00000000d5c80000)
 ParOldGen       total 529408K, used 528959K [0x0000000080000000, 0x00000000a0500000, 0x00000000d5580000)
  object space 529408K, 99% used [0x0000000080000000,0x00000000a048fd10,0x00000000a0500000)
 Metaspace       used 77058K, committed 78656K, reserved 1179648K
  class space    used 7798K, committed 8512K, reserved 1048576K
}
Event: 2106.349 GC heap after
{Heap after GC invocations=608 (full 4):
 PSYoungGen      total 2048K, used 384K [0x00000000d5580000, 0x00000000d5d00000, 0x0000000100000000)
  eden space 1536K, 0% used [0x00000000d5580000,0x00000000d5580000,0x00000000d5700000)
  from space 512K, 75% used [0x00000000d5c00000,0x00000000d5c60000,0x00000000d5c80000)
  to   space 512K, 0% used [0x00000000d5c80000,0x00000000d5c80000,0x00000000d5d00000)
 ParOldGen       total 529408K, used 529207K [0x0000000080000000, 0x00000000a0500000, 0x00000000d5580000)
  object space 529408K, 99% used [0x0000000080000000,0x00000000a04cdd10,0x00000000a0500000)
 Metaspace       used 77058K, committed 78656K, reserved 1179648K
  class space    used 7798K, committed 8512K, reserved 1048576K
}
Event: 2227.075 GC heap before
{Heap before GC invocations=609 (full 4):
 PSYoungGen      total 2048K, used 1919K [0x00000000d5580000, 0x00000000d5d00000, 0x0000000100000000)
  eden space 1536K, 99% used [0x00000000d5580000,0x00000000d56fffc8,0x00000000d5700000)
  from space 512K, 75% used [0x00000000d5c00000,0x00000000d5c60000,0x00000000d5c80000)
  to   space 512K, 0% used [0x00000000d5c80000,0x00000000d5c80000,0x00000000d5d00000)
 ParOldGen       total 529408K, used 529207K [0x0000000080000000, 0x00000000a0500000, 0x00000000d5580000)
  object space 529408K, 99% used [0x0000000080000000,0x00000000a04cdd10,0x00000000a0500000)
 Metaspace       used 77071K, committed 78720K, reserved 1179648K
  class space    used 7798K, committed 8512K, reserved 1048576K
}
Event: 2227.078 GC heap after
{Heap after GC invocations=609 (full 4):
 PSYoungGen      total 2048K, used 224K [0x00000000d5580000, 0x00000000d5d00000, 0x0000000100000000)
  eden space 1536K, 0% used [0x00000000d5580000,0x00000000d5580000,0x00000000d5700000)
  from space 512K, 43% used [0x00000000d5c80000,0x00000000d5cb8000,0x00000000d5d00000)
  to   space 512K, 0% used [0x00000000d5c00000,0x00000000d5c00000,0x00000000d5c80000)
 ParOldGen       total 529920K, used 529512K [0x0000000080000000, 0x00000000a0580000, 0x00000000d5580000)
  object space 529920K, 99% used [0x0000000080000000,0x00000000a051a020,0x00000000a0580000)
 Metaspace       used 77071K, committed 78720K, reserved 1179648K
  class space    used 7798K, committed 8512K, reserved 1048576K
}

Dll operation events (10 events):
Event: 0.011 Loaded shared library c:\Users\juanb\.antigravity\extensions\redhat.java-1.50.0-win32-x64\jre\21.0.9-win32-x86_64\bin\java.dll
Event: 0.077 Loaded shared library c:\Users\juanb\.antigravity\extensions\redhat.java-1.50.0-win32-x64\jre\21.0.9-win32-x86_64\bin\zip.dll
Event: 0.103 Loaded shared library C:\Users\juanb\.antigravity\extensions\redhat.java-1.50.0-win32-x64\jre\21.0.9-win32-x86_64\bin\instrument.dll
Event: 0.108 Loaded shared library C:\Users\juanb\.antigravity\extensions\redhat.java-1.50.0-win32-x64\jre\21.0.9-win32-x86_64\bin\net.dll
Event: 0.111 Loaded shared library C:\Users\juanb\.antigravity\extensions\redhat.java-1.50.0-win32-x64\jre\21.0.9-win32-x86_64\bin\nio.dll
Event: 0.114 Loaded shared library C:\Users\juanb\.antigravity\extensions\redhat.java-1.50.0-win32-x64\jre\21.0.9-win32-x86_64\bin\zip.dll
Event: 0.130 Loaded shared library C:\Users\juanb\.antigravity\extensions\redhat.java-1.50.0-win32-x64\jre\21.0.9-win32-x86_64\bin\jimage.dll
Event: 0.196 Loaded shared library c:\Users\juanb\.antigravity\extensions\redhat.java-1.50.0-win32-x64\jre\21.0.9-win32-x86_64\bin\verify.dll
Event: 1.851 Loaded shared library C:\Users\juanb\AppData\Roaming\Antigravity\User\globalStorage\redhat.java\1.50.0\config_win\org.eclipse.equinox.launcher\org.eclipse.equinox.launcher.win32.win32.x86_64_1.2.1400.v20250801-0854\eclipse_11916.dll
Event: 3.305 Loaded shared library C:\Users\juanb\AppData\Local\Temp\jna-101475498\jna15706541005595980241.dll

Deoptimization events (20 events):
Event: 1927.890 Thread 0x00000139f95925c0 DEOPT PACKING pc=0x00000139a7410464 sp=0x00000019fb4feab0
Event: 1927.890 Thread 0x00000139f95925c0 DEOPT UNPACKING pc=0x00000139a61c6da2 sp=0x00000019fb4fea50 mode 2
Event: 1929.687 Thread 0x00000139fc1adb50 DEOPT PACKING pc=0x00000139a113e23a sp=0x00000019fb1fe540
Event: 1929.687 Thread 0x00000139fc1adb50 DEOPT UNPACKING pc=0x00000139a61c78e2 sp=0x00000019fb1fda58 mode 0
Event: 1929.823 Thread 0x00000139fc1adb50 Uncommon trap: trap_request=0xffffff76 fr.pc=0x00000139a74b42bc relative=0x0000000000001a7c
Event: 1929.823 Thread 0x00000139fc1adb50 Uncommon trap: reason=predicate action=maybe_recompile pc=0x00000139a74b42bc method=org.eclipse.jdt.internal.compiler.parser.Scanner.jumpOverMethodBody()V @ 7 c2
Event: 1929.823 Thread 0x00000139fc1adb50 DEOPT PACKING pc=0x00000139a74b42bc sp=0x00000019fb1fe5d0
Event: 1929.823 Thread 0x00000139fc1adb50 DEOPT UNPACKING pc=0x00000139a61c6da2 sp=0x00000019fb1fe570 mode 2
Event: 2226.881 Thread 0x00000139fc1aba80 DEOPT PACKING pc=0x00000139a0f6d506 sp=0x00000019fb5fe870
Event: 2226.881 Thread 0x00000139fc1aba80 DEOPT UNPACKING pc=0x00000139a61c78e2 sp=0x00000019fb5fddc8 mode 0
Event: 2226.881 Thread 0x00000139fc1aba80 DEOPT PACKING pc=0x00000139a0f6d506 sp=0x00000019fb5fe940
Event: 2226.881 Thread 0x00000139fc1aba80 DEOPT UNPACKING pc=0x00000139a61c78e2 sp=0x00000019fb5fde98 mode 0
Event: 2226.882 Thread 0x00000139fc1aba80 DEOPT PACKING pc=0x00000139a0f6d506 sp=0x00000019fb5fe940
Event: 2226.882 Thread 0x00000139fc1aba80 DEOPT UNPACKING pc=0x00000139a61c78e2 sp=0x00000019fb5fde98 mode 0
Event: 2226.883 Thread 0x00000139fc1aba80 DEOPT PACKING pc=0x00000139a0f6d7a8 sp=0x00000019fb5fe940
Event: 2226.883 Thread 0x00000139fc1aba80 DEOPT UNPACKING pc=0x00000139a61c78e2 sp=0x00000019fb5fde98 mode 0
Event: 2226.888 Thread 0x00000139fc1aba80 DEOPT PACKING pc=0x00000139a0f6d506 sp=0x00000019fb5fec10
Event: 2226.888 Thread 0x00000139fc1aba80 DEOPT UNPACKING pc=0x00000139a61c78e2 sp=0x00000019fb5fe168 mode 0
Event: 2226.888 Thread 0x00000139fc1aba80 DEOPT PACKING pc=0x00000139a0f6d7a8 sp=0x00000019fb5fec10
Event: 2226.888 Thread 0x00000139fc1aba80 DEOPT UNPACKING pc=0x00000139a61c78e2 sp=0x00000019fb5fe168 mode 0

Classes loaded (20 events):
Event: 325.444 Loading class java/nio/BufferMismatch
Event: 325.445 Loading class java/nio/BufferMismatch done
Event: 334.073 Loading class jdk/internal/module/IllegalAccessLogger
Event: 334.073 Loading class jdk/internal/module/IllegalAccessLogger done
Event: 341.159 Loading class jdk/internal/module/IllegalAccessLogger
Event: 341.159 Loading class jdk/internal/module/IllegalAccessLogger done
Event: 344.854 Loading class jdk/internal/module/IllegalAccessLogger
Event: 344.854 Loading class jdk/internal/module/IllegalAccessLogger done
Event: 370.003 Loading class jdk/internal/module/IllegalAccessLogger
Event: 370.003 Loading class jdk/internal/module/IllegalAccessLogger done
Event: 410.404 Loading class jdk/internal/module/IllegalAccessLogger
Event: 410.404 Loading class jdk/internal/module/IllegalAccessLogger done
Event: 412.250 Loading class jdk/internal/module/IllegalAccessLogger
Event: 412.250 Loading class jdk/internal/module/IllegalAccessLogger done
Event: 422.076 Loading class java/nio/file/Path$1
Event: 422.076 Loading class java/nio/file/Path$1 done
Event: 450.323 Loading class jdk/internal/module/IllegalAccessLogger
Event: 450.323 Loading class jdk/internal/module/IllegalAccessLogger done
Event: 1927.371 Loading class jdk/internal/module/IllegalAccessLogger
Event: 1927.371 Loading class jdk/internal/module/IllegalAccessLogger done

Classes unloaded (8 events):
Event: 3.851 Thread 0x000001399b92e8a0 Unloading class 0x00000139b41a4c00 'java/lang/invoke/LambdaForm$MH+0x00000139b41a4c00'
Event: 3.851 Thread 0x000001399b92e8a0 Unloading class 0x00000139b41a4800 'java/lang/invoke/LambdaForm$MH+0x00000139b41a4800'
Event: 3.851 Thread 0x000001399b92e8a0 Unloading class 0x00000139b41a4400 'java/lang/invoke/LambdaForm$MH+0x00000139b41a4400'
Event: 3.851 Thread 0x000001399b92e8a0 Unloading class 0x00000139b41a4000 'java/lang/invoke/LambdaForm$MH+0x00000139b41a4000'
Event: 3.851 Thread 0x000001399b92e8a0 Unloading class 0x00000139b41a3c00 'java/lang/invoke/LambdaForm$BMH+0x00000139b41a3c00'
Event: 3.851 Thread 0x000001399b92e8a0 Unloading class 0x00000139b41a3800 'java/lang/invoke/LambdaForm$DMH+0x00000139b41a3800'
Event: 3.851 Thread 0x000001399b92e8a0 Unloading class 0x00000139b41a2400 'java/lang/invoke/LambdaForm$DMH+0x00000139b41a2400'
Event: 341.944 Thread 0x000001399b92e8a0 Unloading class 0x00000139b46dc400 'java/lang/invoke/LambdaForm$DMH+0x00000139b46dc400'

Classes redefined (0 events):
No events

Internal exceptions (20 events):
Event: 1929.831 Thread 0x00000139fc1adb50 Exception <a 'java/lang/NullPointerException'{0x00000000d56a79d0}> (0x00000000d56a79d0) 
thrown [s\src\hotspot\share\runtime\sharedRuntime.cpp, line 625]
Event: 1929.831 Thread 0x00000139fc1adb50 Implicit null exception at 0x000001399efda29b to 0x000001399efda855
Event: 1929.831 Thread 0x00000139fc1adb50 Exception <a 'java/lang/NullPointerException'{0x00000000d56a7e28}> (0x00000000d56a7e28) 
thrown [s\src\hotspot\share\runtime\sharedRuntime.cpp, line 625]
Event: 1929.832 Thread 0x00000139fc1adb50 Implicit null exception at 0x000001399efda29b to 0x000001399efda855
Event: 1929.832 Thread 0x00000139fc1adb50 Exception <a 'java/lang/NullPointerException'{0x00000000d56a9058}> (0x00000000d56a9058) 
thrown [s\src\hotspot\share\runtime\sharedRuntime.cpp, line 625]
Event: 1929.832 Thread 0x00000139fc1adb50 Implicit null exception at 0x000001399efda29b to 0x000001399efda855
Event: 1929.832 Thread 0x00000139fc1adb50 Exception <a 'java/lang/NullPointerException'{0x00000000d56a9530}> (0x00000000d56a9530) 
thrown [s\src\hotspot\share\runtime\sharedRuntime.cpp, line 625]
Event: 1929.832 Thread 0x00000139fc1adb50 Implicit null exception at 0x000001399efda29b to 0x000001399efda855
Event: 1929.832 Thread 0x00000139fc1adb50 Exception <a 'java/lang/NullPointerException'{0x00000000d56aa248}> (0x00000000d56aa248) 
thrown [s\src\hotspot\share\runtime\sharedRuntime.cpp, line 625]
Event: 1929.832 Thread 0x00000139fc1adb50 Implicit null exception at 0x000001399efda29b to 0x000001399efda855
Event: 1929.832 Thread 0x00000139fc1adb50 Exception <a 'java/lang/NullPointerException'{0x00000000d56aa950}> (0x00000000d56aa950) 
thrown [s\src\hotspot\share\runtime\sharedRuntime.cpp, line 625]
Event: 1929.832 Thread 0x00000139fc1adb50 Implicit null exception at 0x000001399efda29b to 0x000001399efda855
Event: 1929.832 Thread 0x00000139fc1adb50 Exception <a 'java/lang/NullPointerException'{0x00000000d56aada8}> (0x00000000d56aada8) 
thrown [s\src\hotspot\share\runtime\sharedRuntime.cpp, line 625]
Event: 1929.832 Thread 0x00000139fc1adb50 Implicit null exception at 0x000001399efda29b to 0x000001399efda855
Event: 1929.832 Thread 0x00000139fc1adb50 Exception <a 'java/lang/NullPointerException'{0x00000000d56abe70}> (0x00000000d56abe70) 
thrown [s\src\hotspot\share\runtime\sharedRuntime.cpp, line 625]
Event: 1929.843 Thread 0x00000139fc1adb50 Implicit null exception at 0x000001399efda29b to 0x000001399efda855
Event: 1929.843 Thread 0x00000139fc1adb50 Exception <a 'java/lang/NullPointerException'{0x00000000d55a9290}> (0x00000000d55a9290) 
thrown [s\src\hotspot\share\runtime\sharedRuntime.cpp, line 625]
Event: 2226.884 Thread 0x00000139fc1aba80 Exception <a 'sun/nio/fs/WindowsException'{0x00000000d55b68e8}> (0x00000000d55b68e8) 
thrown [s\src\hotspot\share\prims\jni.cpp, line 520]
Event: 2226.885 Thread 0x00000139fc1aba80 Exception <a 'sun/nio/fs/WindowsException'{0x00000000d55b7418}> (0x00000000d55b7418) 
thrown [s\src\hotspot\share\prims\jni.cpp, line 520]
Event: 2423.308 Thread 0x00000139f94f77b0 Exception <a 'java/lang/IncompatibleClassChangeError'{0x00000000d5653508}: Found class java.lang.Object, but interface was expected> (0x00000000d5653508) 
thrown [s\src\hotspot\share\interpreter\linkResolver.cpp, line 840]

ZGC Phase Switch (0 events):
No events

VM Operations (20 events):
Event: 2103.634 Executing VM operation: Cleanup
Event: 2103.634 Executing VM operation: Cleanup done
Event: 2104.299 Executing VM operation: HandshakeAllThreads (HandshakeForDeflation)
Event: 2104.299 Executing VM operation: HandshakeAllThreads (HandshakeForDeflation) done
Event: 2104.299 Executing VM operation: RendezvousGCThreads
Event: 2104.299 Executing VM operation: RendezvousGCThreads done
Event: 2106.346 Executing VM operation: ParallelGCFailedAllocation (Allocation Failure)
Event: 2106.349 Executing VM operation: ParallelGCFailedAllocation (Allocation Failure) done
Event: 2224.770 Executing VM operation: HandshakeAllThreads (HandshakeForDeflation)
Event: 2224.770 Executing VM operation: HandshakeAllThreads (HandshakeForDeflation) done
Event: 2224.771 Executing VM operation: RendezvousGCThreads
Event: 2224.771 Executing VM operation: RendezvousGCThreads done
Event: 2227.075 Executing VM operation: ParallelGCFailedAllocation (Allocation Failure)
Event: 2227.078 Executing VM operation: ParallelGCFailedAllocation (Allocation Failure) done
Event: 2228.084 Executing VM operation: Cleanup
Event: 2228.084 Executing VM operation: Cleanup done
Event: 2284.789 Executing VM operation: HandshakeAllThreads (HandshakeForDeflation)
Event: 2284.789 Executing VM operation: HandshakeAllThreads (HandshakeForDeflation) done
Event: 2284.789 Executing VM operation: RendezvousGCThreads
Event: 2284.789 Executing VM operation: RendezvousGCThreads done

Memory protections (0 events):
No events

Nmethod flushes (20 events):
Event: 341.988 Thread 0x000001399b92e8a0 flushing  nmethod 0x000001399fe56d90
Event: 341.988 Thread 0x000001399b92e8a0 flushing  nmethod 0x000001399fe66e10
Event: 341.988 Thread 0x000001399b92e8a0 flushing  nmethod 0x000001399fe67190
Event: 341.988 Thread 0x000001399b92e8a0 flushing  nmethod 0x000001399fe70890
Event: 341.988 Thread 0x000001399b92e8a0 flushing  nmethod 0x000001399fe71610
Event: 341.988 Thread 0x000001399b92e8a0 flushing  nmethod 0x000001399fea4c90
Event: 341.988 Thread 0x000001399b92e8a0 flushing  nmethod 0x000001399fea9e90
Event: 341.988 Thread 0x000001399b92e8a0 flushing  nmethod 0x000001399fed1690
Event: 341.988 Thread 0x000001399b92e8a0 flushing  nmethod 0x000001399fed6710
Event: 341.988 Thread 0x000001399b92e8a0 flushing  nmethod 0x000001399fee8410
Event: 341.988 Thread 0x000001399b92e8a0 flushing  nmethod 0x000001399ff2ac10
Event: 341.988 Thread 0x000001399b92e8a0 flushing  nmethod 0x000001399ff2f990
Event: 341.988 Thread 0x000001399b92e8a0 flushing  nmethod 0x000001399ff2fc90
Event: 341.988 Thread 0x000001399b92e8a0 flushing  nmethod 0x000001399ff54f90
Event: 341.988 Thread 0x000001399b92e8a0 flushing  nmethod 0x000001399ff56310
Event: 341.988 Thread 0x000001399b92e8a0 flushing  nmethod 0x000001399ffd8010
Event: 341.988 Thread 0x000001399b92e8a0 flushing  nmethod 0x00000139a0091c10
Event: 341.988 Thread 0x000001399b92e8a0 flushing  nmethod 0x00000139a00a0110
Event: 341.989 Thread 0x000001399b92e8a0 flushing  nmethod 0x00000139a00c8090
Event: 341.989 Thread 0x000001399b92e8a0 flushing  nmethod 0x00000139a0117c90

Events (20 events):
Event: 1874.161 Thread 0x00000139fc1ac7a0 Thread exited: 0x00000139fc1ac7a0
Event: 1926.427 Thread 0x000001399b96cb70 Thread added: 0x00000139fae37fa0
Event: 1926.844 Thread 0x00000139fae37fa0 Thread exited: 0x00000139fae37fa0
Event: 1926.954 Thread 0x000001399b96d360 Thread added: 0x00000139f8da9f10
Event: 1927.065 Thread 0x00000139fc1aba80 Thread added: 0x00000139fc1adb50
Event: 1927.290 Thread 0x00000139fc1ac110 Thread added: 0x00000139fc1ae1e0
Event: 1927.374 Thread 0x00000139fc1ac110 Thread added: 0x00000139fc1ac7a0
Event: 1927.746 Thread 0x00000139f8da9f10 Thread exited: 0x00000139f8da9f10
Event: 1927.850 Thread 0x000001399b96d360 Thread added: 0x00000139f8da9f10
Event: 1929.682 Thread 0x00000139f8da9f10 Thread exited: 0x00000139f8da9f10
Event: 1929.743 Thread 0x000001399b96d360 Thread added: 0x00000139f8da9f10
Event: 1935.046 Thread 0x00000139f8da9f10 Thread exited: 0x00000139f8da9f10
Event: 1987.279 Thread 0x00000139fc1ace30 Thread exited: 0x00000139fc1ace30
Event: 1987.458 Thread 0x00000139fc1ac7a0 Thread exited: 0x00000139fc1ac7a0
Event: 1989.913 Thread 0x00000139fc1adb50 Thread exited: 0x00000139fc1adb50
Event: 2226.865 Thread 0x00000139fc1aba80 Thread added: 0x00000139fc1ae870
Event: 2226.887 Thread 0x00000139fc1aba80 Thread added: 0x00000139fc1ad4c0
Event: 2226.887 Thread 0x00000139fc1ad4c0 Thread exited: 0x00000139fc1ad4c0
Event: 2227.000 Thread 0x00000139fc1ac110 Thread exited: 0x00000139fc1ac110
Event: 2227.299 Thread 0x00000139fc1ae1e0 Thread exited: 0x00000139fc1ae1e0


Dynamic libraries:
0x00007ff667690000 - 0x00007ff66769e000 	c:\Users\juanb\.antigravity\extensions\redhat.java-1.50.0-win32-x64\jre\21.0.9-win32-x86_64\bin\java.exe
0x00007ffe28360000 - 0x00007ffe285c8000 	C:\WINDOWS\SYSTEM32\ntdll.dll
0x00007ffe269d0000 - 0x00007ffe26a99000 	C:\WINDOWS\System32\KERNEL32.DLL
0x00007ffe25620000 - 0x00007ffe25a18000 	C:\WINDOWS\System32\KERNELBASE.dll
0x00007ffe25a20000 - 0x00007ffe25b6b000 	C:\WINDOWS\System32\ucrtbase.dll
0x00007ffe148f0000 - 0x00007ffe1490e000 	c:\Users\juanb\.antigravity\extensions\redhat.java-1.50.0-win32-x64\jre\21.0.9-win32-x86_64\bin\VCRUNTIME140.dll
0x00007ffe14b80000 - 0x00007ffe14b98000 	c:\Users\juanb\.antigravity\extensions\redhat.java-1.50.0-win32-x64\jre\21.0.9-win32-x86_64\bin\jli.dll
0x00007ffe26680000 - 0x00007ffe26847000 	C:\WINDOWS\System32\USER32.dll
0x00007ffe118d0000 - 0x00007ffe11b64000 	C:\WINDOWS\WinSxS\amd64_microsoft.windows.common-controls_6595b64144ccf1df_6.0.26100.7019_none_3e06ffa0e335b8a8\COMCTL32.dll
0x00007ffe25b70000 - 0x00007ffe25b97000 	C:\WINDOWS\System32\win32u.dll
0x00007ffe268e0000 - 0x00007ffe26989000 	C:\WINDOWS\System32\msvcrt.dll
0x00007ffe26990000 - 0x00007ffe269bb000 	C:\WINDOWS\System32\GDI32.dll
0x00007ffe25fd0000 - 0x00007ffe260fc000 	C:\WINDOWS\System32\gdi32full.dll
0x00007ffe25f20000 - 0x00007ffe25fc3000 	C:\WINDOWS\System32\msvcp_win.dll
0x00007ffe281c0000 - 0x00007ffe281f1000 	C:\WINDOWS\System32\IMM32.DLL
0x00007ffe14250000 - 0x00007ffe1425c000 	c:\Users\juanb\.antigravity\extensions\redhat.java-1.50.0-win32-x64\jre\21.0.9-win32-x86_64\bin\vcruntime140_1.dll
0x00007ffe03c70000 - 0x00007ffe03cfd000 	c:\Users\juanb\.antigravity\extensions\redhat.java-1.50.0-win32-x64\jre\21.0.9-win32-x86_64\bin\msvcp140.dll
0x00007ffd7e3d0000 - 0x00007ffd7f170000 	c:\Users\juanb\.antigravity\extensions\redhat.java-1.50.0-win32-x64\jre\21.0.9-win32-x86_64\bin\server\jvm.dll
0x00007ffe28080000 - 0x00007ffe28134000 	C:\WINDOWS\System32\ADVAPI32.dll
0x00007ffe28200000 - 0x00007ffe282a6000 	C:\WINDOWS\System32\sechost.dll
0x00007ffe27030000 - 0x00007ffe27148000 	C:\WINDOWS\System32\RPCRT4.dll
0x00007ffe28140000 - 0x00007ffe281b4000 	C:\WINDOWS\System32\WS2_32.dll
0x00007ffe25310000 - 0x00007ffe2536e000 	C:\WINDOWS\SYSTEM32\POWRPROF.dll
0x00007ffe142f0000 - 0x00007ffe14325000 	C:\WINDOWS\SYSTEM32\WINMM.dll
0x00007ffe1cf70000 - 0x00007ffe1cf7b000 	C:\WINDOWS\SYSTEM32\VERSION.dll
0x00007ffe252f0000 - 0x00007ffe25304000 	C:\WINDOWS\SYSTEM32\UMPDC.dll
0x00007ffe24270000 - 0x00007ffe2428b000 	C:\WINDOWS\SYSTEM32\kernel.appcore.dll
0x00007ffe14210000 - 0x00007ffe1421a000 	c:\Users\juanb\.antigravity\extensions\redhat.java-1.50.0-win32-x64\jre\21.0.9-win32-x86_64\bin\jimage.dll
0x00007ffe22590000 - 0x00007ffe227d2000 	C:\WINDOWS\SYSTEM32\DBGHELP.DLL
0x00007ffe262f0000 - 0x00007ffe2667b000 	C:\WINDOWS\System32\combase.dll
0x00007ffe26f50000 - 0x00007ffe27027000 	C:\WINDOWS\System32\OLEAUT32.dll
0x00007ffe0aa30000 - 0x00007ffe0aa6c000 	C:\WINDOWS\SYSTEM32\dbgcore.DLL
0x00007ffe25e70000 - 0x00007ffe25f15000 	C:\WINDOWS\System32\bcryptPrimitives.dll
0x00007ffe14200000 - 0x00007ffe1420f000 	c:\Users\juanb\.antigravity\extensions\redhat.java-1.50.0-win32-x64\jre\21.0.9-win32-x86_64\bin\instrument.dll
0x00007ffe10850000 - 0x00007ffe10870000 	c:\Users\juanb\.antigravity\extensions\redhat.java-1.50.0-win32-x64\jre\21.0.9-win32-x86_64\bin\java.dll
0x00007ffe27460000 - 0x00007ffe27baf000 	C:\WINDOWS\System32\SHELL32.dll
0x00007ffe254b0000 - 0x00007ffe2561b000 	C:\WINDOWS\System32\wintypes.dll
0x00007ffe230d0000 - 0x00007ffe2392d000 	C:\WINDOWS\SYSTEM32\windows.storage.dll
0x00007ffe27d20000 - 0x00007ffe27e12000 	C:\WINDOWS\System32\SHCORE.dll
0x00007ffe282b0000 - 0x00007ffe28317000 	C:\WINDOWS\System32\shlwapi.dll
0x00007ffe253d0000 - 0x00007ffe253f9000 	C:\WINDOWS\SYSTEM32\profapi.dll
0x00007ffe10830000 - 0x00007ffe10848000 	c:\Users\juanb\.antigravity\extensions\redhat.java-1.50.0-win32-x64\jre\21.0.9-win32-x86_64\bin\zip.dll
0x00007ffe141f0000 - 0x00007ffe14200000 	C:\Users\juanb\.antigravity\extensions\redhat.java-1.50.0-win32-x64\jre\21.0.9-win32-x86_64\bin\net.dll
0x00007ffe19bf0000 - 0x00007ffe19d18000 	C:\WINDOWS\SYSTEM32\WINHTTP.dll
0x00007ffe247e0000 - 0x00007ffe2484b000 	C:\WINDOWS\system32\mswsock.dll
0x00007ffe0cc80000 - 0x00007ffe0cc96000 	C:\Users\juanb\.antigravity\extensions\redhat.java-1.50.0-win32-x64\jre\21.0.9-win32-x86_64\bin\nio.dll
0x00007ffe14100000 - 0x00007ffe14110000 	c:\Users\juanb\.antigravity\extensions\redhat.java-1.50.0-win32-x64\jre\21.0.9-win32-x86_64\bin\verify.dll
0x00007ffe03c20000 - 0x00007ffe03c64000 	C:\Users\juanb\AppData\Roaming\Antigravity\User\globalStorage\redhat.java\1.50.0\config_win\org.eclipse.equinox.launcher\org.eclipse.equinox.launcher.win32.win32.x86_64_1.2.1400.v20250801-0854\eclipse_11916.dll
0x00007ffe27150000 - 0x00007ffe272e7000 	C:\WINDOWS\System32\ole32.dll
0x00007ffe24aa0000 - 0x00007ffe24abb000 	C:\WINDOWS\SYSTEM32\CRYPTSP.dll
0x00007ffe241d0000 - 0x00007ffe2420a000 	C:\WINDOWS\system32\rsaenh.dll
0x00007ffe24890000 - 0x00007ffe248bb000 	C:\WINDOWS\SYSTEM32\USERENV.dll
0x00007ffe253a0000 - 0x00007ffe253ca000 	C:\WINDOWS\SYSTEM32\bcrypt.dll
0x00007ffe24ac0000 - 0x00007ffe24acc000 	C:\WINDOWS\SYSTEM32\CRYPTBASE.dll
0x00007ffe23c60000 - 0x00007ffe23c94000 	C:\WINDOWS\SYSTEM32\IPHLPAPI.DLL
0x00007ffe269c0000 - 0x00007ffe269ca000 	C:\WINDOWS\System32\NSI.dll
0x00007ffdede20000 - 0x00007ffdede69000 	C:\Users\juanb\AppData\Local\Temp\jna-101475498\jna15706541005595980241.dll
0x00007ffe262b0000 - 0x00007ffe262b8000 	C:\WINDOWS\System32\PSAPI.DLL
0x00007ffe1cf80000 - 0x00007ffe1cf9e000 	C:\WINDOWS\SYSTEM32\dhcpcsvc6.DLL
0x00007ffe19d20000 - 0x00007ffe19d43000 	C:\WINDOWS\SYSTEM32\dhcpcsvc.DLL
0x00007ffe24390000 - 0x00007ffe243c6000 	C:\WINDOWS\SYSTEM32\ntmarta.dll

JVMTI agents:
c:\Users\juanb\.antigravity\extensions\redhat.java-1.50.0-win32-x64\lombok\lombok-1.18.39-4050.jar path:c:\Users\juanb\.antigravity\extensions\redhat.java-1.50.0-win32-x64\jre\21.0.9-win32-x86_64\bin\instrument.dll, loaded, initialized, instrumentlib options:none

dbghelp: loaded successfully - version: 4.0.5 - missing functions: none
symbol engine: initialized successfully - sym options: 0x614 - pdb path: .;c:\Users\juanb\.antigravity\extensions\redhat.java-1.50.0-win32-x64\jre\21.0.9-win32-x86_64\bin;C:\WINDOWS\SYSTEM32;C:\WINDOWS\WinSxS\amd64_microsoft.windows.common-controls_6595b64144ccf1df_6.0.26100.7019_none_3e06ffa0e335b8a8;c:\Users\juanb\.antigravity\extensions\redhat.java-1.50.0-win32-x64\jre\21.0.9-win32-x86_64\bin\server;C:\Users\juanb\AppData\Roaming\Antigravity\User\globalStorage\redhat.java\1.50.0\config_win\org.eclipse.equinox.launcher\org.eclipse.equinox.launcher.win32.win32.x86_64_1.2.1400.v20250801-0854;C:\Users\juanb\AppData\Local\Temp\jna-101475498

VM Arguments:
jvm_args: --add-modules=ALL-SYSTEM --add-opens=java.base/java.util=ALL-UNNAMED --add-opens=java.base/java.lang=ALL-UNNAMED --add-opens=java.base/sun.nio.fs=ALL-UNNAMED -Declipse.application=org.eclipse.jdt.ls.core.id1 -Dosgi.bundles.defaultStartLevel=4 -Declipse.product=org.eclipse.jdt.ls.core.product -Djava.import.generatesMetadataFilesAtProjectRoot=false -DDetectVMInstallationsJob.disabled=true -Dfile.encoding=utf8 -XX:+UseParallelGC -XX:GCTimeRatio=4 -XX:AdaptiveSizePolicyWeight=90 -Dsun.zip.disableMemoryMapping=true -Xmx2G -Xms100m -Xlog:disable -javaagent:c:\Users\juanb\.antigravity\extensions\redhat.java-1.50.0-win32-x64\lombok\lombok-1.18.39-4050.jar -XX:+HeapDumpOnOutOfMemoryError -XX:HeapDumpPath=c:\Users\juanb\AppData\Roaming\Antigravity\User\workspaceStorage\945df90eec9aabffa7a7b0fd25b8c26d\redhat.java -Daether.dependencyCollector.impl=bf 
java_command: c:\Users\juanb\.antigravity\extensions\redhat.java-1.50.0-win32-x64\server\plugins\org.eclipse.equinox.launcher_1.7.100.v20251111-0406.jar -configuration c:\Users\juanb\AppData\Roaming\Antigravity\User\globalStorage\redhat.java\1.50.0\config_win -data c:\Users\juanb\AppData\Roaming\Antigravity\User\workspaceStorage\945df90eec9aabffa7a7b0fd25b8c26d\redhat.java\jdt_ws --pipe=\\.\pipe\lsp-da31f77490a5f928f76ba446f913c62d-sock
java_class_path (initial): c:\Users\juanb\.antigravity\extensions\redhat.java-1.50.0-win32-x64\server\plugins\org.eclipse.equinox.launcher_1.7.100.v20251111-0406.jar
Launcher Type: SUN_STANDARD

[Global flags]
    uintx AdaptiveSizePolicyWeight                 = 90                                        {product} {command line}
     intx CICompilerCount                          = 3                                         {product} {ergonomic}
    uintx GCTimeRatio                              = 4                                         {product} {command line}
     bool HeapDumpOnOutOfMemoryError               = true                                   {manageable} {command line}
    ccstr HeapDumpPath                             = c:\Users\juanb\AppData\Roaming\Antigravity\User\workspaceStorage\945df90eec9aabffa7a7b0fd25b8c26d\redhat.java         {manageable} {command line}
   size_t InitialHeapSize                          = 104857600                                 {product} {command line}
   size_t MaxHeapSize                              = 2147483648                                {product} {command line}
   size_t MaxNewSize                               = 715653120                                 {product} {ergonomic}
   size_t MinHeapDeltaBytes                        = 524288                                    {product} {ergonomic}
   size_t MinHeapSize                              = 104857600                                 {product} {command line}
   size_t NewSize                                  = 34603008                                  {product} {ergonomic}
    uintx NonNMethodCodeHeapSize                   = 5832780                                {pd product} {ergonomic}
    uintx NonProfiledCodeHeapSize                  = 122912730                              {pd product} {ergonomic}
   size_t OldSize                                  = 70254592                                  {product} {ergonomic}
    uintx ProfiledCodeHeapSize                     = 122912730                              {pd product} {ergonomic}
    uintx ReservedCodeCacheSize                    = 251658240                              {pd product} {ergonomic}
     bool SegmentedCodeCache                       = true                                      {product} {ergonomic}
   size_t SoftMaxHeapSize                          = 2147483648                             {manageable} {ergonomic}
     bool UseCompressedOops                        = true                           {product lp64_product} {ergonomic}
     bool UseLargePagesIndividualAllocation        = false                                  {pd product} {ergonomic}
     bool UseParallelGC                            = true                                      {product} {command line}

Logging:
Log output configuration:
 #0: stdout all=off uptime,level,tags foldmultilines=false
 #1: stderr all=off uptime,level,tags foldmultilines=false

Release file:
JAVA_VERSION="21.0.9" 
MODULES="java.base java.compiler java.datatransfer java.xml java.prefs java.desktop java.instrument java.logging java.management java.security.sasl java.naming java.rmi java.management.rmi java.net.http java.scripting java.security.jgss java.transaction.xa java.sql java.sql.rowset java.xml.crypto java.se java.smartcardio jdk.accessibility jdk.internal.jvmstat jdk.attach jdk.charsets jdk.internal.opt jdk.zipfs jdk.compiler jdk.crypto.ec jdk.crypto.cryptoki jdk.crypto.mscapi jdk.dynalink jdk.internal.ed jdk.editpad jdk.hotspot.agent jdk.httpserver jdk.internal.le jdk.internal.vm.ci jdk.internal.vm.compiler jdk.internal.vm.compiler.management jdk.jartool jdk.javadoc jdk.jcmd jdk.management jdk.management.agent jdk.jconsole jdk.jdeps jdk.jdwp.agent jdk.jdi jdk.jfr jdk.jshell jdk.jsobject jdk.jstatd jdk.localedata jdk.management.jfr jdk.naming.dns jdk.naming.rmi jdk.net jdk.nio.mapmode jdk.random jdk.sctp jdk.security.auth jdk.security.jgss jdk.unsupported jdk.unsupported.desktop jdk.xml.dom" 

Environment Variables:
JAVA_HOME=C:\Program Files\Java\jdk-23
PATH=C:\Program Files (x86)\Common Files\Oracle\Java\javapath;C:\Program Files\PostgreSQL\17\bin;C:\Program Files\Git\cmd;C:\Program Files\Git\mingw64\bin;C:\Program Files\Git\usr\bin;C:\ProgramData\chocolatey\bin;C:\Program Files\dotnet\;C:\Windows\System32;C:\sonarqube-25.8.0.112029\bin;C:\sonarqube-25.8.0.112029\bin\windows-x86-64;C:\Program Files\MongoDB\Server\8.0\bin;C:\Program Files\MongoDB\Server\8.0\bin\mongosh-2.5.6-win32-x64\bin;C:\Program Files\MongoDB\Server\8.0\bin\mongodb-database-tools-windows-x86_64-100.13.0\bin;C:\php;C:\composer;C:\Program Files\nodejs\;C:\Windows\System32\WindowsPowerShell\v1.0\powershell.exe;C:\Program Files\Apache\Maven\apache-maven-3.9.11\bin;C:\Program Files\Java\jdk-23\bin;C:\Program Files\Docker\Docker\resources\bin;C:\flutter\bin;C:\Windows\System32\WindowsPowerShell\v1.0;C:\Program Files (x86)\Windows Kits\10\Windows Performance Toolkit\;C:\Users\juanb\anaconda3;C:\Users\juanb\anaconda3\Library\mingw-w64\bin;C:\Users\juanb\anaconda3\Library\usr\bin;C:\Users\juanb\anaconda3\Library\bin;C:\Users\juanb\anaconda3\Scripts;C:\Users\juanb\AppData\Local\Microsoft\WindowsApps;C:\Users\juanb\AppData\Local\Programs\Microsoft VS Code\bin;C:\Users\juanb\AppData\Roaming\Composer\vendor\bin;C:\Users\juanb\AppData\Local\Programs\Python\Python311;C:\Program Files\Java\jdk-23\bin;C:\Users\juanb\AppData\Local\Muse Hub\lib;C:\Program Files\JetBrains\IntelliJ IDEA Community Edition 2025.2\bin;C:\Windows\System32;C:\sonarqube-25.8.0.112029\bin\;C:\sonarqube-25.8.0.112029\bin\windows-x86-64;C:\Program Files\MongoDB\Server\8.0\bin;C:\Program Files\MongoDB\Server\8.0\bin\mongosh-2.5.6-win32-x64\bin;C:\Program Files\MongoDB\Server\8.0\bin\mongodb-database-tools-windows-x86_64-100.13.0\bin;C:\php;C:\Users\juanb\AppData\Roaming\npm;C:\Windows\System32\WindowsPowerShell\v1.0\powershell.exe;C:\Program Files\Apache\Maven\apache-maven-3.9.11\bin;C:\Program Files\Java\jdk-23\bin;C:\flutter\bin;C:\Windows\System32\WindowsPowerShell\v1.0;C:\Users\juanb\AppData\Local\Programs\Antigravity\bin
USERNAME=juanb
OS=Windows_NT
PROCESSOR_IDENTIFIER=Intel64 Family 6 Model 140 Stepping 1, GenuineIntel
TMP=C:\Users\juanb\AppData\Local\Temp
TEMP=C:\Users\juanb\AppData\Local\Temp




Periodic native trim disabled

---------------  S Y S T E M  ---------------

OS:
 Windows 11 , 64 bit Build 26100 (10.0.26100.7019)
OS uptime: 0 days 8:26 hours
Hyper-V role detected

CPU: total 4 (initial active 4) (2 cores per cpu, 2 threads per core) family 6 model 140 stepping 1 microcode 0x86, cx8, cmov, fxsr, ht, mmx, 3dnowpref, sse, sse2, sse3, ssse3, sse4.1, sse4.2, popcnt, lzcnt, tsc, tscinvbit, avx, avx2, aes, erms, clmul, bmi1, bmi2, adx, avx512f, avx512dq, avx512cd, avx512bw, avx512vl, sha, fma, vzeroupper, avx512_vpopcntdq, avx512_vpclmulqdq, avx512_vaes, avx512_vnni, clflush, clflushopt, clwb, avx512_vbmi2, avx512_vbmi, hv, rdtscp, rdpid, fsrm, gfni, avx512_bitalg, f16c, cet_ibt, cet_ss, avx512_ifma
Processor Information for the first 4 processors :
  Max Mhz: 1997, Current Mhz: 1997, Mhz Limit: 1997

Memory: 4k page, system-wide physical 7885M (474M free)
TotalPageFile size 14029M (AvailPageFile size 3M)
current process WorkingSet (physical memory assigned to process): 16M, peak: 663M
current process commit charge ("private bytes"): 839M, peak: 864M

vm_info: OpenJDK 64-Bit Server VM (21.0.9+10-LTS) for windows-amd64 JRE (21.0.9+10-LTS), built on 2025-10-21T00:00:00Z by "admin" with unknown MS VC++:1942

END.
