#
# There is insufficient memory for the Java Runtime Environment to continue.
# Native memory allocation (malloc) failed to allocate 1048576 bytes. Error detail: AllocateHeap
# Possible reasons:
#   The system is out of physical RAM or swap space
#   This process is running with CompressedOops enabled, and the Java Heap may be blocking the growth of the native heap
# Possible solutions:
#   Reduce memory load on the system
#   Increase physical memory or swap space
#   Check if swap backing store is full
#   Decrease Java heap size (-Xmx/-Xms)
#   Decrease number of Java threads
#   Decrease Java thread stack sizes (-Xss)
#   Set larger code cache with -XX:ReservedCodeCacheSize=
#   JVM is running with Unscaled Compressed Oops mode in which the Java heap is
#     placed in the first 4GB address space. The Java Heap base address is the
#     maximum limit for the native heap growth. Please use -XX:HeapBaseMinAddress
#     to set the Java Heap base and to place the Java Heap above 4GB virtual address.
# This output file may be truncated or incomplete.
#
#  Out of Memory Error (allocation.cpp:44), pid=16240, tid=15688
#
# JRE version: OpenJDK Runtime Environment Temurin-21.0.9+10 (21.0.9+10) (build 21.0.9+10-LTS)
# Java VM: OpenJDK 64-Bit Server VM Temurin-21.0.9+10 (21.0.9+10-LTS, mixed mode, sharing, tiered, compressed oops, compressed class ptrs, parallel gc, windows-amd64)
# No core dump will be written. Minidumps are not enabled by default on client versions of Windows
#

---------------  S U M M A R Y ------------

Command Line: --add-modules=ALL-SYSTEM --add-opens=java.base/java.util=ALL-UNNAMED --add-opens=java.base/java.lang=ALL-UNNAMED --add-opens=java.base/sun.nio.fs=ALL-UNNAMED -Declipse.application=org.eclipse.jdt.ls.core.id1 -Dosgi.bundles.defaultStartLevel=4 -Declipse.product=org.eclipse.jdt.ls.core.product -Djava.import.generatesMetadataFilesAtProjectRoot=false -DDetectVMInstallationsJob.disabled=true -Dfile.encoding=utf8 -XX:+UseParallelGC -XX:GCTimeRatio=4 -XX:AdaptiveSizePolicyWeight=90 -Dsun.zip.disableMemoryMapping=true -Xmx2G -Xms100m -Xlog:disable -javaagent:c:\Users\juanb\.antigravity\extensions\redhat.java-1.50.0-win32-x64\lombok\lombok-1.18.39-4050.jar -XX:+HeapDumpOnOutOfMemoryError -XX:HeapDumpPath=c:\Users\juanb\AppData\Roaming\Antigravity\User\workspaceStorage\945df90eec9aabffa7a7b0fd25b8c26d\redhat.java -Daether.dependencyCollector.impl=bf c:\Users\juanb\.antigravity\extensions\redhat.java-1.50.0-win32-x64\server\plugins\org.eclipse.equinox.launcher_1.7.100.v20251111-0406.jar -configuration c:\Users\juanb\AppData\Roaming\Antigravity\User\globalStorage\redhat.java\1.50.0\config_win -data c:\Users\juanb\AppData\Roaming\Antigravity\User\workspaceStorage\945df90eec9aabffa7a7b0fd25b8c26d\redhat.java\jdt_ws --pipe=\\.\pipe\lsp-846c54687796fb41ee20a6cebf6ed863-sock

Host: Intel(R) Pentium(R) Gold 7505 @ 2.00GHz, 4 cores, 7G,  Windows 11 , 64 bit Build 26100 (10.0.26100.7019)
Time: Sun Nov 30 09:16:14 2025 Hora est. Pacífico, Sudamérica elapsed time: 7763.443664 seconds (0d 2h 9m 23s)

---------------  T H R E A D  ---------------

Current thread (0x00000299ab168a50):  JavaThread "Attach Listener" daemon [_thread_in_vm, id=15688, stack(0x000000abf8700000,0x000000abf8800000) (1024K)]

Stack: [0x000000abf8700000,0x000000abf8800000]
Native frames: (J=compiled Java code, j=interpreted, Vv=VM code, C=native code)
V  [jvm.dll+0x6d6e29]
V  [jvm.dll+0x8b4b76]
V  [jvm.dll+0x8b712e]
V  [jvm.dll+0x8b7813]
V  [jvm.dll+0x283d86]
V  [jvm.dll+0xc1277]
V  [jvm.dll+0x6d76d9]
V  [jvm.dll+0x133466]
V  [jvm.dll+0x3f7ea6]
V  [jvm.dll+0x85e9ad]
V  [jvm.dll+0x6d565d]
C  [ucrtbase.dll+0x37b0]
C  [KERNEL32.DLL+0x2e8d7]
C  [ntdll.dll+0x8c53c]


---------------  P R O C E S S  ---------------

Threads class SMR info:
_java_thread_list=0x00000299f35c28a0, length=31, elements={
0x000002999253a500, 0x00000299928fbd60, 0x00000299ab1612c0, 0x00000299ab163ae0,
0x00000299ab168a50, 0x00000299ab1694a0, 0x00000299ab169ef0, 0x00000299ab16ad20,
0x00000299ab1a48b0, 0x00000299f114a200, 0x00000299f1282730, 0x00000299f1b616d0,
0x00000299f15f5f90, 0x00000299f162dc00, 0x00000299f162e260, 0x00000299f1e050e0,
0x00000299f1f2cde0, 0x00000299f15924c0, 0x00000299f1092ce0, 0x00000299f26a64b0,
0x00000299f26a71d0, 0x00000299f26a7ef0, 0x00000299f28f2ad0, 0x00000299f28ef650,
0x00000299f28f0370, 0x00000299f28f1720, 0x00000299f28f0a00, 0x00000299f28f1db0,
0x00000299f2580bd0, 0x00000299f257e470, 0x00000299f2583330
}

Java Threads: ( => current thread )
  0x000002999253a500 JavaThread "main"                              [_thread_blocked, id=9244, stack(0x000000abf8000000,0x000000abf8100000) (1024K)]
  0x00000299928fbd60 JavaThread "Reference Handler"          daemon [_thread_blocked, id=16352, stack(0x000000abf8400000,0x000000abf8500000) (1024K)]
  0x00000299ab1612c0 JavaThread "Finalizer"                  daemon [_thread_blocked, id=5808, stack(0x000000abf8500000,0x000000abf8600000) (1024K)]
  0x00000299ab163ae0 JavaThread "Signal Dispatcher"          daemon [_thread_blocked, id=16328, stack(0x000000abf8600000,0x000000abf8700000) (1024K)]
=>0x00000299ab168a50 JavaThread "Attach Listener"            daemon [_thread_in_vm, id=15688, stack(0x000000abf8700000,0x000000abf8800000) (1024K)]
  0x00000299ab1694a0 JavaThread "Service Thread"             daemon [_thread_blocked, id=15524, stack(0x000000abf8800000,0x000000abf8900000) (1024K)]
  0x00000299ab169ef0 JavaThread "Monitor Deflation Thread"   daemon [_thread_blocked, id=16168, stack(0x000000abf8900000,0x000000abf8a00000) (1024K)]
  0x00000299ab16ad20 JavaThread "C2 CompilerThread0"         daemon [_thread_blocked, id=16228, stack(0x000000abf8a00000,0x000000abf8b00000) (1024K)]
  0x00000299ab1a48b0 JavaThread "C1 CompilerThread0"         daemon [_thread_blocked, id=14680, stack(0x000000abf8b00000,0x000000abf8c00000) (1024K)]
  0x00000299f114a200 JavaThread "Common-Cleaner"             daemon [_thread_blocked, id=16312, stack(0x000000abf8c00000,0x000000abf8d00000) (1024K)]
  0x00000299f1282730 JavaThread "Notification Thread"        daemon [_thread_blocked, id=11392, stack(0x000000abf8d00000,0x000000abf8e00000) (1024K)]
  0x00000299f1b616d0 JavaThread "Active Thread: Equinox Container: ba13629c-114b-4c93-af73-c277522cafbf"        [_thread_blocked, id=1760, stack(0x000000abf8e00000,0x000000abf8f00000) (1024K)]
  0x00000299f15f5f90 JavaThread "Refresh Thread: Equinox Container: ba13629c-114b-4c93-af73-c277522cafbf" daemon [_thread_blocked, id=15672, stack(0x000000abf9200000,0x000000abf9300000) (1024K)]
  0x00000299f162dc00 JavaThread "Framework Event Dispatcher: Equinox Container: ba13629c-114b-4c93-af73-c277522cafbf" daemon [_thread_blocked, id=15748, stack(0x000000abf9300000,0x000000abf9400000) (1024K)]
  0x00000299f162e260 JavaThread "Start Level: Equinox Container: ba13629c-114b-4c93-af73-c277522cafbf" daemon [_thread_blocked, id=15708, stack(0x000000abf9400000,0x000000abf9500000) (1024K)]
  0x00000299f1e050e0 JavaThread "Bundle File Closer"         daemon [_thread_blocked, id=15960, stack(0x000000abf9500000,0x000000abf9600000) (1024K)]
  0x00000299f1f2cde0 JavaThread "SCR Component Actor"        daemon [_thread_blocked, id=4692, stack(0x000000abf9700000,0x000000abf9800000) (1024K)]
  0x00000299f15924c0 JavaThread "Worker-JM"                         [_thread_blocked, id=8308, stack(0x000000abf9800000,0x000000abf9900000) (1024K)]
  0x00000299f1092ce0 JavaThread "JNA Cleaner"                daemon [_thread_blocked, id=9468, stack(0x000000abf9900000,0x000000abf9a00000) (1024K)]
  0x00000299f26a64b0 JavaThread "Java indexing"              daemon [_thread_blocked, id=11768, stack(0x000000abf9e00000,0x000000abf9f00000) (1024K)]
  0x00000299f26a71d0 JavaThread "Thread-1"                   daemon [_thread_in_native, id=4024, stack(0x000000abfa200000,0x000000abfa300000) (1024K)]
  0x00000299f26a7ef0 JavaThread "Thread-2"                   daemon [_thread_in_native, id=11844, stack(0x000000abfa300000,0x000000abfa400000) (1024K)]
  0x00000299f28f2ad0 JavaThread "Thread-3"                   daemon [_thread_in_native, id=14912, stack(0x000000abfa400000,0x000000abfa500000) (1024K)]
  0x00000299f28ef650 JavaThread "Thread-4"                   daemon [_thread_in_native, id=4068, stack(0x000000abfa500000,0x000000abfa600000) (1024K)]
  0x00000299f28f0370 JavaThread "Thread-5"                   daemon [_thread_in_native, id=4924, stack(0x000000abfa600000,0x000000abfa700000) (1024K)]
  0x00000299f28f1720 JavaThread "pool-2-thread-1"                   [_thread_blocked, id=10924, stack(0x000000abfa700000,0x000000abfa800000) (1024K)]
  0x00000299f28f0a00 JavaThread "WorkspaceEventsHandler"            [_thread_blocked, id=14260, stack(0x000000abfa800000,0x000000abfa900000) (1024K)]
  0x00000299f28f1db0 JavaThread "pool-1-thread-1"                   [_thread_blocked, id=1528, stack(0x000000abfa900000,0x000000abfaa00000) (1024K)]
  0x00000299f2580bd0 JavaThread "Worker-8"                          [_thread_blocked, id=8968, stack(0x000000abf7d00000,0x000000abf7e00000) (1024K)]
  0x00000299f257e470 JavaThread "Worker-9"                          [_thread_blocked, id=8364, stack(0x000000abf7e00000,0x000000abf7f00000) (1024K)]
  0x00000299f2583330 JavaThread "Cleaner-0"                  daemon [_thread_blocked, id=13416, stack(0x000000abf9c00000,0x000000abf9d00000) (1024K)]
Total: 31

Other Threads:
  0x00000299928e0940 VMThread "VM Thread"                           [id=16308, stack(0x000000abf8300000,0x000000abf8400000) (1024K)]
  0x00000299928aea10 WatcherThread "VM Periodic Task Thread"        [id=16232, stack(0x000000abf8200000,0x000000abf8300000) (1024K)]
  0x000002999285dfa0 WorkerThread "GC Thread#0"                     [id=16320, stack(0x000000abf8100000,0x000000abf8200000) (1024K)]
  0x00000299f17ef420 WorkerThread "GC Thread#1"                     [id=11380, stack(0x000000abf8f00000,0x000000abf9000000) (1024K)]
  0x00000299f163b6c0 WorkerThread "GC Thread#2"                     [id=15976, stack(0x000000abf9000000,0x000000abf9100000) (1024K)]
  0x00000299f1480460 WorkerThread "GC Thread#3"                     [id=15620, stack(0x000000abf9100000,0x000000abf9200000) (1024K)]
Total: 6

Threads with active compile tasks:
Total: 0

VM state: not at safepoint (normal execution)

VM Mutex/Monitor currently owned by a thread: None

Heap address: 0x0000000080000000, size: 2048 MB, Compressed Oops mode: 32-bit

CDS archive(s) mapped at: [0x00000299ac000000-0x00000299acba0000-0x00000299acba0000), size 12189696, SharedBaseAddress: 0x00000299ac000000, ArchiveRelocationMode: 1.
Compressed class space mapped at: 0x00000299ad000000-0x00000299ed000000, reserved size: 1073741824
Narrow klass base: 0x00000299ac000000, Narrow klass shift: 0, Narrow klass range: 0x100000000

GC Precious Log:
 CardTable entry size: 512
 CPUs: 4 total, 4 available
 Memory: 7885M
 Large Page Support: Disabled
 NUMA Support: Disabled
 Compressed Oops: Enabled (32-bit)
 Alignments: Space 512K, Generation 512K, Heap 2M
 Heap Min Capacity: 100M
 Heap Initial Capacity: 100M
 Heap Max Capacity: 2G
 Pre-touch: Disabled
 Parallel Workers: 4

Heap:
 PSYoungGen      total 7168K, used 991K [0x00000000d5580000, 0x00000000d5f00000, 0x0000000100000000)
  eden space 6656K, 11% used [0x00000000d5580000,0x00000000d5637e70,0x00000000d5c00000)
  from space 512K, 50% used [0x00000000d5e80000,0x00000000d5ec0020,0x00000000d5f00000)
  to   space 512K, 0% used [0x00000000d5e00000,0x00000000d5e00000,0x00000000d5e80000)
 ParOldGen       total 280064K, used 80663K [0x0000000080000000, 0x0000000091180000, 0x00000000d5580000)
  object space 280064K, 28% used [0x0000000080000000,0x0000000084ec5d10,0x0000000091180000)
 Metaspace       used 74910K, committed 76352K, reserved 1179648K
  class space    used 7563K, committed 8192K, reserved 1048576K

Card table byte_map: [0x00000299a6530000,0x00000299a6940000] _byte_map_base: 0x00000299a6130000

Marking Bits: (ParMarkBitMap*) 0x00007ff8b2242460
 Begin Bits: [0x00000299a6bf0000, 0x00000299a8bf0000)
 End Bits:   [0x00000299a8bf0000, 0x00000299aabf0000)

Polling page: 0x00000299927a0000

Metaspace:

Usage:
  Non-class:     65.77 MB used.
      Class:      7.39 MB used.
       Both:     73.16 MB used.

Virtual space:
  Non-class space:      128.00 MB reserved,      66.56 MB ( 52%) committed,  2 nodes.
      Class space:        1.00 GB reserved,       8.00 MB ( <1%) committed,  1 nodes.
             Both:        1.12 GB reserved,      74.56 MB (  6%) committed. 

Chunk freelists:
   Non-Class:  13.42 MB
       Class:  8.01 MB
        Both:  21.43 MB

MaxMetaspaceSize: unlimited
CompressedClassSpaceSize: 1.00 GB
Initial GC threshold: 21.00 MB
Current GC threshold: 119.50 MB
CDS: on
 - commit_granule_bytes: 65536.
 - commit_granule_words: 8192.
 - virtual_space_node_default_size: 8388608.
 - enlarge_chunks_in_place: 1.
 - use_allocation_guard: 0.


Internal statistics:

num_allocs_failed_limit: 11.
num_arena_births: 1510.
num_arena_deaths: 452.
num_vsnodes_births: 3.
num_vsnodes_deaths: 0.
num_space_committed: 1193.
num_space_uncommitted: 0.
num_chunks_returned_to_freelist: 526.
num_chunks_taken_from_freelist: 5376.
num_chunk_merges: 142.
num_chunk_splits: 3082.
num_chunks_enlarged: 1731.
num_inconsistent_stats: 0.

CodeHeap 'non-profiled nmethods': size=120000Kb used=14126Kb max_used=14126Kb free=105873Kb
 bounds [0x000002999ee20000, 0x000002999fc00000, 0x00000299a6350000]
CodeHeap 'profiled nmethods': size=120000Kb used=38050Kb max_used=38588Kb free=81950Kb
 bounds [0x0000029997350000, 0x0000029999970000, 0x000002999e880000]
CodeHeap 'non-nmethods': size=5760Kb used=1483Kb max_used=1554Kb free=4277Kb
 bounds [0x000002999e880000, 0x000002999eaf0000, 0x000002999ee20000]
CodeCache: size=245760Kb, used=53659Kb, max_used=54268Kb, free=192100Kb
 total_blobs=16357, nmethods=15568, adapters=693, full_count=0
Compilation: enabled, stopped_count=0, restarted_count=0

Compilation events (20 events):
Event: 7234.675 Thread 0x00000299ab1a48b0 17229   !   3       org.eclipse.lsp4j.jsonrpc.json.StreamMessageProducer::handleMessage (137 bytes)
Event: 7234.680 Thread 0x00000299ab1a48b0 nmethod 17229 0x000002999772c390 code [0x000002999772c720, 0x000002999772ddc0]
Event: 7234.680 Thread 0x00000299ab1a48b0 17230       3       org.eclipse.lsp4j.jsonrpc.util.LimitedInputStream::<init> (35 bytes)
Event: 7234.681 Thread 0x00000299ab1a48b0 nmethod 17230 0x0000029997d49a10 code [0x0000029997d49be0, 0x0000029997d49f28]
Event: 7389.471 Thread 0x00000299ab1a48b0 17231   !   3       org.eclipse.osgi.container.ModuleDatabase::getTimestamp (25 bytes)
Event: 7389.489 Thread 0x00000299ab1a48b0 nmethod 17231 0x0000029998024e10 code [0x0000029998025060, 0x00000299980259a8]
Event: 7509.499 Thread 0x00000299ab1a48b0 17232       3       org.eclipse.osgi.storage.Storage::isReadOnly (10 bytes)
Event: 7509.503 Thread 0x00000299ab1a48b0 nmethod 17232 0x0000029998423310 code [0x00000299984234c0, 0x0000029998423640]
Event: 7672.269 Thread 0x00000299ab1a48b0 17233       3       java.util.logging.Logger::getLogger (8 bytes)
Event: 7672.270 Thread 0x00000299ab1a48b0 nmethod 17233 0x00000299978d4910 code [0x00000299978d4ae0, 0x00000299978d4ca0]
Event: 7672.270 Thread 0x00000299ab1a48b0 17234       3       java.util.logging.Logger::getLogger (7 bytes)
Event: 7672.270 Thread 0x00000299ab1a48b0 nmethod 17234 0x000002999785fa10 code [0x000002999785fbc0, 0x000002999785fce8]
Event: 7672.270 Thread 0x00000299ab1a48b0 17235       3       java.util.logging.Logger::demandLogger (36 bytes)
Event: 7672.275 Thread 0x00000299ab1a48b0 nmethod 17235 0x0000029997ce1d10 code [0x0000029997ce1fa0, 0x0000029997ce2a50]
Event: 7689.535 Thread 0x00000299ab1a48b0 17236   !   3       org.eclipse.osgi.internal.framework.StorageSaver$StorageSaverTask::run (31 bytes)
Event: 7689.546 Thread 0x00000299ab1a48b0 nmethod 17236 0x00000299980c5a90 code [0x00000299980c5c60, 0x00000299980c5f00]
Event: 7689.546 Thread 0x00000299ab1a48b0 17237   !   3       org.eclipse.osgi.storage.Storage::save (62 bytes)
Event: 7689.547 Thread 0x00000299ab1a48b0 nmethod 17237 0x0000029998115290 code [0x0000029998115480, 0x00000299981157f0]
Event: 7689.547 Thread 0x00000299ab1a48b0 17238   !   3       org.eclipse.osgi.storage.Storage::save0 (246 bytes)
Event: 7689.560 Thread 0x00000299ab1a48b0 nmethod 17238 0x00000299982c7210 code [0x00000299982c7720, 0x00000299982ca308]

GC Heap History (20 events):
Event: 6568.521 GC heap before
{Heap before GC invocations=173 (full 4):
 PSYoungGen      total 7168K, used 6900K [0x00000000d5580000, 0x00000000d6100000, 0x0000000100000000)
  eden space 6656K, 100% used [0x00000000d5580000,0x00000000d5c00000,0x00000000d5c00000)
  from space 512K, 47% used [0x00000000d6080000,0x00000000d60bd220,0x00000000d6100000)
  to   space 512K, 0% used [0x00000000d6000000,0x00000000d6000000,0x00000000d6080000)
 ParOldGen       total 280064K, used 70481K [0x0000000080000000, 0x0000000091180000, 0x00000000d5580000)
  object space 280064K, 25% used [0x0000000080000000,0x00000000844d46b0,0x0000000091180000)
 Metaspace       used 74633K, committed 76032K, reserved 1179648K
  class space    used 7544K, committed 8192K, reserved 1048576K
}
Event: 6568.534 GC heap after
{Heap after GC invocations=173 (full 4):
 PSYoungGen      total 7168K, used 498K [0x00000000d5580000, 0x00000000d6600000, 0x0000000100000000)
  eden space 6656K, 0% used [0x00000000d5580000,0x00000000d5580000,0x00000000d5c00000)
  from space 512K, 97% used [0x00000000d6000000,0x00000000d607cb78,0x00000000d6080000)
  to   space 5120K, 0% used [0x00000000d6100000,0x00000000d6100000,0x00000000d6600000)
 ParOldGen       total 280064K, used 73969K [0x0000000080000000, 0x0000000091180000, 0x00000000d5580000)
  object space 280064K, 26% used [0x0000000080000000,0x000000008483c448,0x0000000091180000)
 Metaspace       used 74633K, committed 76032K, reserved 1179648K
  class space    used 7544K, committed 8192K, reserved 1048576K
}
Event: 6568.558 GC heap before
{Heap before GC invocations=174 (full 4):
 PSYoungGen      total 7168K, used 7154K [0x00000000d5580000, 0x00000000d6600000, 0x0000000100000000)
  eden space 6656K, 100% used [0x00000000d5580000,0x00000000d5c00000,0x00000000d5c00000)
  from space 512K, 97% used [0x00000000d6000000,0x00000000d607cb78,0x00000000d6080000)
  to   space 5120K, 0% used [0x00000000d6100000,0x00000000d6100000,0x00000000d6600000)
 ParOldGen       total 280064K, used 73969K [0x0000000080000000, 0x0000000091180000, 0x00000000d5580000)
  object space 280064K, 26% used [0x0000000080000000,0x000000008483c448,0x0000000091180000)
 Metaspace       used 74659K, committed 76096K, reserved 1179648K
  class space    used 7553K, committed 8192K, reserved 1048576K
}
Event: 6568.565 GC heap after
{Heap after GC invocations=174 (full 4):
 PSYoungGen      total 11776K, used 4708K [0x00000000d5580000, 0x00000000d6600000, 0x0000000100000000)
  eden space 6656K, 0% used [0x00000000d5580000,0x00000000d5580000,0x00000000d5c00000)
  from space 5120K, 91% used [0x00000000d6100000,0x00000000d6599210,0x00000000d6600000)
  to   space 5120K, 0% used [0x00000000d5c00000,0x00000000d5c00000,0x00000000d6100000)
 ParOldGen       total 280064K, used 74487K [0x0000000080000000, 0x0000000091180000, 0x00000000d5580000)
  object space 280064K, 26% used [0x0000000080000000,0x00000000848bdf40,0x0000000091180000)
 Metaspace       used 74659K, committed 76096K, reserved 1179648K
  class space    used 7553K, committed 8192K, reserved 1048576K
}
Event: 6568.714 GC heap before
{Heap before GC invocations=175 (full 4):
 PSYoungGen      total 11776K, used 11364K [0x00000000d5580000, 0x00000000d6600000, 0x0000000100000000)
  eden space 6656K, 100% used [0x00000000d5580000,0x00000000d5c00000,0x00000000d5c00000)
  from space 5120K, 91% used [0x00000000d6100000,0x00000000d6599210,0x00000000d6600000)
  to   space 5120K, 0% used [0x00000000d5c00000,0x00000000d5c00000,0x00000000d6100000)
 ParOldGen       total 280064K, used 74487K [0x0000000080000000, 0x0000000091180000, 0x00000000d5580000)
  object space 280064K, 26% used [0x0000000080000000,0x00000000848bdf40,0x0000000091180000)
 Metaspace       used 74698K, committed 76096K, reserved 1179648K
  class space    used 7556K, committed 8192K, reserved 1048576K
}
Event: 6568.732 GC heap after
{Heap after GC invocations=175 (full 4):
 PSYoungGen      total 7680K, used 585K [0x00000000d5580000, 0x00000000d6180000, 0x0000000100000000)
  eden space 6656K, 0% used [0x00000000d5580000,0x00000000d5580000,0x00000000d5c00000)
  from space 1024K, 57% used [0x00000000d5c00000,0x00000000d5c92400,0x00000000d5d00000)
  to   space 2560K, 0% used [0x00000000d5f00000,0x00000000d5f00000,0x00000000d6180000)
 ParOldGen       total 280064K, used 78847K [0x0000000080000000, 0x0000000091180000, 0x00000000d5580000)
  object space 280064K, 28% used [0x0000000080000000,0x0000000084cfff40,0x0000000091180000)
 Metaspace       used 74698K, committed 76096K, reserved 1179648K
  class space    used 7556K, committed 8192K, reserved 1048576K
}
Event: 6568.780 GC heap before
{Heap before GC invocations=176 (full 4):
 PSYoungGen      total 7680K, used 7241K [0x00000000d5580000, 0x00000000d6180000, 0x0000000100000000)
  eden space 6656K, 100% used [0x00000000d5580000,0x00000000d5c00000,0x00000000d5c00000)
  from space 1024K, 57% used [0x00000000d5c00000,0x00000000d5c92400,0x00000000d5d00000)
  to   space 2560K, 0% used [0x00000000d5f00000,0x00000000d5f00000,0x00000000d6180000)
 ParOldGen       total 280064K, used 78847K [0x0000000080000000, 0x0000000091180000, 0x00000000d5580000)
  object space 280064K, 28% used [0x0000000080000000,0x0000000084cfff40,0x0000000091180000)
 Metaspace       used 74712K, committed 76096K, reserved 1179648K
  class space    used 7557K, committed 8192K, reserved 1048576K
}
Event: 6568.784 GC heap after
{Heap after GC invocations=176 (full 4):
 PSYoungGen      total 7680K, used 736K [0x00000000d5580000, 0x00000000d6000000, 0x0000000100000000)
  eden space 6656K, 0% used [0x00000000d5580000,0x00000000d5580000,0x00000000d5c00000)
  from space 1024K, 71% used [0x00000000d5f00000,0x00000000d5fb8000,0x00000000d6000000)
  to   space 1024K, 0% used [0x00000000d5c00000,0x00000000d5c00000,0x00000000d5d00000)
 ParOldGen       total 280064K, used 79333K [0x0000000080000000, 0x0000000091180000, 0x00000000d5580000)
  object space 280064K, 28% used [0x0000000080000000,0x0000000084d79458,0x0000000091180000)
 Metaspace       used 74712K, committed 76096K, reserved 1179648K
  class space    used 7557K, committed 8192K, reserved 1048576K
}
Event: 6934.353 GC heap before
{Heap before GC invocations=177 (full 4):
 PSYoungGen      total 7680K, used 7391K [0x00000000d5580000, 0x00000000d6000000, 0x0000000100000000)
  eden space 6656K, 99% used [0x00000000d5580000,0x00000000d5bfffa8,0x00000000d5c00000)
  from space 1024K, 71% used [0x00000000d5f00000,0x00000000d5fb8000,0x00000000d6000000)
  to   space 1024K, 0% used [0x00000000d5c00000,0x00000000d5c00000,0x00000000d5d00000)
 ParOldGen       total 280064K, used 79333K [0x0000000080000000, 0x0000000091180000, 0x00000000d5580000)
  object space 280064K, 28% used [0x0000000080000000,0x0000000084d79458,0x0000000091180000)
 Metaspace       used 74830K, committed 76224K, reserved 1179648K
  class space    used 7563K, committed 8192K, reserved 1048576K
}
Event: 6934.370 GC heap after
{Heap after GC invocations=177 (full 4):
 PSYoungGen      total 7680K, used 594K [0x00000000d5580000, 0x00000000d5f80000, 0x0000000100000000)
  eden space 6656K, 0% used [0x00000000d5580000,0x00000000d5580000,0x00000000d5c00000)
  from space 1024K, 58% used [0x00000000d5c00000,0x00000000d5c948b8,0x00000000d5d00000)
  to   space 1024K, 0% used [0x00000000d5e80000,0x00000000d5e80000,0x00000000d5f80000)
 ParOldGen       total 280064K, used 79981K [0x0000000080000000, 0x0000000091180000, 0x00000000d5580000)
  object space 280064K, 28% used [0x0000000080000000,0x0000000084e1b458,0x0000000091180000)
 Metaspace       used 74830K, committed 76224K, reserved 1179648K
  class space    used 7563K, committed 8192K, reserved 1048576K
}
Event: 7026.179 GC heap before
{Heap before GC invocations=178 (full 4):
 PSYoungGen      total 7680K, used 7250K [0x00000000d5580000, 0x00000000d5f80000, 0x0000000100000000)
  eden space 6656K, 100% used [0x00000000d5580000,0x00000000d5c00000,0x00000000d5c00000)
  from space 1024K, 58% used [0x00000000d5c00000,0x00000000d5c948b8,0x00000000d5d00000)
  to   space 1024K, 0% used [0x00000000d5e80000,0x00000000d5e80000,0x00000000d5f80000)
 ParOldGen       total 280064K, used 79981K [0x0000000080000000, 0x0000000091180000, 0x00000000d5580000)
  object space 280064K, 28% used [0x0000000080000000,0x0000000084e1b458,0x0000000091180000)
 Metaspace       used 74838K, committed 76224K, reserved 1179648K
  class space    used 7563K, committed 8192K, reserved 1048576K
}
Event: 7026.187 GC heap after
{Heap after GC invocations=178 (full 4):
 PSYoungGen      total 7168K, used 400K [0x00000000d5580000, 0x00000000d5f00000, 0x0000000100000000)
  eden space 6656K, 0% used [0x00000000d5580000,0x00000000d5580000,0x00000000d5c00000)
  from space 512K, 78% used [0x00000000d5e80000,0x00000000d5ee4010,0x00000000d5f00000)
  to   space 512K, 0% used [0x00000000d5e00000,0x00000000d5e00000,0x00000000d5e80000)
 ParOldGen       total 280064K, used 80527K [0x0000000080000000, 0x0000000091180000, 0x00000000d5580000)
  object space 280064K, 28% used [0x0000000080000000,0x0000000084ea3d10,0x0000000091180000)
 Metaspace       used 74838K, committed 76224K, reserved 1179648K
  class space    used 7563K, committed 8192K, reserved 1048576K
}
Event: 7048.093 GC heap before
{Heap before GC invocations=179 (full 4):
 PSYoungGen      total 7168K, used 7056K [0x00000000d5580000, 0x00000000d5f00000, 0x0000000100000000)
  eden space 6656K, 100% used [0x00000000d5580000,0x00000000d5c00000,0x00000000d5c00000)
  from space 512K, 78% used [0x00000000d5e80000,0x00000000d5ee4010,0x00000000d5f00000)
  to   space 512K, 0% used [0x00000000d5e00000,0x00000000d5e00000,0x00000000d5e80000)
 ParOldGen       total 280064K, used 80527K [0x0000000080000000, 0x0000000091180000, 0x00000000d5580000)
  object space 280064K, 28% used [0x0000000080000000,0x0000000084ea3d10,0x0000000091180000)
 Metaspace       used 74843K, committed 76224K, reserved 1179648K
  class space    used 7563K, committed 8192K, reserved 1048576K
}
Event: 7048.096 GC heap after
{Heap after GC invocations=179 (full 4):
 PSYoungGen      total 7168K, used 224K [0x00000000d5580000, 0x00000000d5f00000, 0x0000000100000000)
  eden space 6656K, 0% used [0x00000000d5580000,0x00000000d5580000,0x00000000d5c00000)
  from space 512K, 43% used [0x00000000d5e00000,0x00000000d5e38000,0x00000000d5e80000)
  to   space 512K, 0% used [0x00000000d5e80000,0x00000000d5e80000,0x00000000d5f00000)
 ParOldGen       total 280064K, used 80551K [0x0000000080000000, 0x0000000091180000, 0x00000000d5580000)
  object space 280064K, 28% used [0x0000000080000000,0x0000000084ea9d10,0x0000000091180000)
 Metaspace       used 74843K, committed 76224K, reserved 1179648K
  class space    used 7563K, committed 8192K, reserved 1048576K
}
Event: 7059.186 GC heap before
{Heap before GC invocations=180 (full 4):
 PSYoungGen      total 7168K, used 6880K [0x00000000d5580000, 0x00000000d5f00000, 0x0000000100000000)
  eden space 6656K, 100% used [0x00000000d5580000,0x00000000d5c00000,0x00000000d5c00000)
  from space 512K, 43% used [0x00000000d5e00000,0x00000000d5e38000,0x00000000d5e80000)
  to   space 512K, 0% used [0x00000000d5e80000,0x00000000d5e80000,0x00000000d5f00000)
 ParOldGen       total 280064K, used 80551K [0x0000000080000000, 0x0000000091180000, 0x00000000d5580000)
  object space 280064K, 28% used [0x0000000080000000,0x0000000084ea9d10,0x0000000091180000)
 Metaspace       used 74859K, committed 76288K, reserved 1179648K
  class space    used 7563K, committed 8192K, reserved 1048576K
}
Event: 7059.186 GC heap after
{Heap after GC invocations=180 (full 4):
 PSYoungGen      total 7168K, used 224K [0x00000000d5580000, 0x00000000d5f00000, 0x0000000100000000)
  eden space 6656K, 0% used [0x00000000d5580000,0x00000000d5580000,0x00000000d5c00000)
  from space 512K, 43% used [0x00000000d5e80000,0x00000000d5eb8000,0x00000000d5f00000)
  to   space 512K, 0% used [0x00000000d5e00000,0x00000000d5e00000,0x00000000d5e80000)
 ParOldGen       total 280064K, used 80583K [0x0000000080000000, 0x0000000091180000, 0x00000000d5580000)
  object space 280064K, 28% used [0x0000000080000000,0x0000000084eb1d10,0x0000000091180000)
 Metaspace       used 74859K, committed 76288K, reserved 1179648K
  class space    used 7563K, committed 8192K, reserved 1048576K
}
Event: 7070.655 GC heap before
{Heap before GC invocations=181 (full 4):
 PSYoungGen      total 7168K, used 6880K [0x00000000d5580000, 0x00000000d5f00000, 0x0000000100000000)
  eden space 6656K, 100% used [0x00000000d5580000,0x00000000d5c00000,0x00000000d5c00000)
  from space 512K, 43% used [0x00000000d5e80000,0x00000000d5eb8000,0x00000000d5f00000)
  to   space 512K, 0% used [0x00000000d5e00000,0x00000000d5e00000,0x00000000d5e80000)
 ParOldGen       total 280064K, used 80583K [0x0000000080000000, 0x0000000091180000, 0x00000000d5580000)
  object space 280064K, 28% used [0x0000000080000000,0x0000000084eb1d10,0x0000000091180000)
 Metaspace       used 74871K, committed 76288K, reserved 1179648K
  class space    used 7563K, committed 8192K, reserved 1048576K
}
Event: 7070.656 GC heap after
{Heap after GC invocations=181 (full 4):
 PSYoungGen      total 7168K, used 192K [0x00000000d5580000, 0x00000000d5f00000, 0x0000000100000000)
  eden space 6656K, 0% used [0x00000000d5580000,0x00000000d5580000,0x00000000d5c00000)
  from space 512K, 37% used [0x00000000d5e00000,0x00000000d5e30000,0x00000000d5e80000)
  to   space 512K, 0% used [0x00000000d5e80000,0x00000000d5e80000,0x00000000d5f00000)
 ParOldGen       total 280064K, used 80607K [0x0000000080000000, 0x0000000091180000, 0x00000000d5580000)
  object space 280064K, 28% used [0x0000000080000000,0x0000000084eb7d10,0x0000000091180000)
 Metaspace       used 74871K, committed 76288K, reserved 1179648K
  class space    used 7563K, committed 8192K, reserved 1048576K
}
Event: 7234.741 GC heap before
{Heap before GC invocations=182 (full 4):
 PSYoungGen      total 7168K, used 6839K [0x00000000d5580000, 0x00000000d5f00000, 0x0000000100000000)
  eden space 6656K, 99% used [0x00000000d5580000,0x00000000d5bfdfe0,0x00000000d5c00000)
  from space 512K, 37% used [0x00000000d5e00000,0x00000000d5e30000,0x00000000d5e80000)
  to   space 512K, 0% used [0x00000000d5e80000,0x00000000d5e80000,0x00000000d5f00000)
 ParOldGen       total 280064K, used 80607K [0x0000000080000000, 0x0000000091180000, 0x00000000d5580000)
  object space 280064K, 28% used [0x0000000080000000,0x0000000084eb7d10,0x0000000091180000)
 Metaspace       used 74886K, committed 76288K, reserved 1179648K
  class space    used 7563K, committed 8192K, reserved 1048576K
}
Event: 7234.747 GC heap after
{Heap after GC invocations=182 (full 4):
 PSYoungGen      total 7168K, used 256K [0x00000000d5580000, 0x00000000d5f00000, 0x0000000100000000)
  eden space 6656K, 0% used [0x00000000d5580000,0x00000000d5580000,0x00000000d5c00000)
  from space 512K, 50% used [0x00000000d5e80000,0x00000000d5ec0020,0x00000000d5f00000)
  to   space 512K, 0% used [0x00000000d5e00000,0x00000000d5e00000,0x00000000d5e80000)
 ParOldGen       total 280064K, used 80663K [0x0000000080000000, 0x0000000091180000, 0x00000000d5580000)
  object space 280064K, 28% used [0x0000000080000000,0x0000000084ec5d10,0x0000000091180000)
 Metaspace       used 74886K, committed 76288K, reserved 1179648K
  class space    used 7563K, committed 8192K, reserved 1048576K
}

Dll operation events (10 events):
Event: 0.024 Loaded shared library c:\Users\juanb\.antigravity\extensions\redhat.java-1.50.0-win32-x64\jre\21.0.9-win32-x86_64\bin\java.dll
Event: 0.148 Loaded shared library c:\Users\juanb\.antigravity\extensions\redhat.java-1.50.0-win32-x64\jre\21.0.9-win32-x86_64\bin\zip.dll
Event: 0.181 Loaded shared library C:\Users\juanb\.antigravity\extensions\redhat.java-1.50.0-win32-x64\jre\21.0.9-win32-x86_64\bin\instrument.dll
Event: 0.188 Loaded shared library C:\Users\juanb\.antigravity\extensions\redhat.java-1.50.0-win32-x64\jre\21.0.9-win32-x86_64\bin\net.dll
Event: 0.191 Loaded shared library C:\Users\juanb\.antigravity\extensions\redhat.java-1.50.0-win32-x64\jre\21.0.9-win32-x86_64\bin\nio.dll
Event: 0.196 Loaded shared library C:\Users\juanb\.antigravity\extensions\redhat.java-1.50.0-win32-x64\jre\21.0.9-win32-x86_64\bin\zip.dll
Event: 0.222 Loaded shared library C:\Users\juanb\.antigravity\extensions\redhat.java-1.50.0-win32-x64\jre\21.0.9-win32-x86_64\bin\jimage.dll
Event: 0.411 Loaded shared library c:\Users\juanb\.antigravity\extensions\redhat.java-1.50.0-win32-x64\jre\21.0.9-win32-x86_64\bin\verify.dll
Event: 7.346 Loaded shared library C:\Users\juanb\AppData\Roaming\Antigravity\User\globalStorage\redhat.java\1.50.0\config_win\org.eclipse.equinox.launcher\org.eclipse.equinox.launcher.win32.win32.x86_64_1.2.1400.v20250801-0854\eclipse_11916.dll
Event: 13.820 Loaded shared library C:\Users\juanb\AppData\Local\Temp\jna-101475498\jna4011064292538516477.dll

Deoptimization events (20 events):
Event: 6569.164 Thread 0x00000299f257eb00 DEOPT PACKING pc=0x0000029998ffc29e sp=0x000000abf96fbb50
Event: 6569.164 Thread 0x00000299f257eb00 DEOPT UNPACKING pc=0x000002999e8d78e2 sp=0x000000abf96fb030 mode 0
Event: 6569.213 Thread 0x00000299f257eb00 Uncommon trap: trap_request=0xffffffc6 fr.pc=0x000002999f88f420 relative=0x0000000000000080
Event: 6569.213 Thread 0x00000299f257eb00 Uncommon trap: reason=bimorphic_or_optimized_type_check action=maybe_recompile pc=0x000002999f88f420 method=java.util.LinkedHashMap.afterNodeInsertion(Z)V @ 15 c2
Event: 6569.213 Thread 0x00000299f257eb00 DEOPT PACKING pc=0x000002999f88f420 sp=0x000000abf96fe8c0
Event: 6569.213 Thread 0x00000299f257eb00 DEOPT UNPACKING pc=0x000002999e8d6da2 sp=0x000000abf96fe838 mode 2
Event: 6569.333 Thread 0x00000299f257eb00 Uncommon trap: trap_request=0xffffffc6 fr.pc=0x000002999f88f420 relative=0x0000000000000080
Event: 6569.333 Thread 0x00000299f257eb00 Uncommon trap: reason=bimorphic_or_optimized_type_check action=maybe_recompile pc=0x000002999f88f420 method=java.util.LinkedHashMap.afterNodeInsertion(Z)V @ 15 c2
Event: 6569.333 Thread 0x00000299f257eb00 DEOPT PACKING pc=0x000002999f88f420 sp=0x000000abf96fe8c0
Event: 6569.333 Thread 0x00000299f257eb00 DEOPT UNPACKING pc=0x000002999e8d6da2 sp=0x000000abf96fe838 mode 2
Event: 6934.503 Thread 0x00000299f257e470 Uncommon trap: trap_request=0xfffffff4 fr.pc=0x000002999fb80dd4 relative=0x0000000000001454
Event: 6934.503 Thread 0x00000299f257e470 Uncommon trap: reason=null_check action=make_not_entrant pc=0x000002999fb80dd4 method=org.eclipse.aether.DefaultRepositorySystemSession.copySafe(Ljava/util/Map;Ljava/lang/Class;)Ljava/util/Map; @ 110 c2
Event: 6934.504 Thread 0x00000299f257e470 DEOPT PACKING pc=0x000002999fb80dd4 sp=0x000000abf7efe7c0
Event: 6934.504 Thread 0x00000299f257e470 DEOPT UNPACKING pc=0x000002999e8d6da2 sp=0x000000abf7efe7a0 mode 2
Event: 6934.617 Thread 0x00000299f257e470 Uncommon trap: trap_request=0xffffffbe fr.pc=0x000002999fb50084 relative=0x0000000000000c64
Event: 6934.617 Thread 0x00000299f257e470 Uncommon trap: reason=profile_predicate action=maybe_recompile pc=0x000002999fb50084 method=org.eclipse.aether.DefaultRepositorySystemSession.copySafe(Ljava/util/Map;Ljava/lang/Class;)Ljava/util/Map; @ 59 c2
Event: 6934.617 Thread 0x00000299f257e470 DEOPT PACKING pc=0x000002999fb50084 sp=0x000000abf7efdb00
Event: 6934.617 Thread 0x00000299f257e470 DEOPT UNPACKING pc=0x000002999e8d6da2 sp=0x000000abf7efdb20 mode 2
Event: 7048.142 Thread 0x00000299f257e470 DEOPT PACKING pc=0x00000299995b4e1d sp=0x000000abf7efe2c0
Event: 7048.142 Thread 0x00000299f257e470 DEOPT UNPACKING pc=0x000002999e8d78e2 sp=0x000000abf7efd770 mode 0

Classes loaded (20 events):
Event: 295.055 Loading class jdk/internal/module/IllegalAccessLogger
Event: 295.055 Loading class jdk/internal/module/IllegalAccessLogger done
Event: 382.088 Loading class java/util/stream/Nodes$CollectorTask$OfRef
Event: 382.089 Loading class java/util/stream/Nodes$CollectorTask
Event: 382.090 Loading class java/util/stream/Nodes$CollectorTask done
Event: 382.090 Loading class java/util/stream/Nodes$CollectorTask$OfRef done
Event: 382.091 Loading class java/util/function/LongFunction
Event: 382.092 Loading class java/util/function/LongFunction done
Event: 382.093 Loading class java/util/stream/Nodes$ConcNode
Event: 382.094 Loading class java/util/stream/Nodes$AbstractConcNode
Event: 382.095 Loading class java/util/stream/Nodes$AbstractConcNode done
Event: 382.095 Loading class java/util/stream/Nodes$ConcNode done
Event: 382.102 Loading class java/io/ObjectOutputStream$BlockDataOutputStream
Event: 382.103 Loading class java/io/ObjectOutputStream$BlockDataOutputStream done
Event: 382.103 Loading class java/io/ObjectOutputStream$HandleTable
Event: 382.103 Loading class java/io/ObjectOutputStream$HandleTable done
Event: 382.103 Loading class java/io/ObjectOutputStream$ReplaceTable
Event: 382.104 Loading class java/io/ObjectOutputStream$ReplaceTable done
Event: 6567.270 Loading class jdk/internal/ref/CleanerImpl$InnocuousThreadFactory
Event: 6567.362 Loading class jdk/internal/ref/CleanerImpl$InnocuousThreadFactory done

Classes unloaded (20 events):
Event: 6473.157 Thread 0x00000299928e0940 Unloading class 0x00000299ad014800 'java/lang/invoke/LambdaForm$MH+0x00000299ad014800'
Event: 6473.158 Thread 0x00000299928e0940 Unloading class 0x00000299ad00d800 'java/lang/invoke/LambdaForm$MH+0x00000299ad00d800'
Event: 6473.159 Thread 0x00000299928e0940 Unloading class 0x00000299ad00d400 'java/lang/invoke/LambdaForm$MH+0x00000299ad00d400'
Event: 6473.159 Thread 0x00000299928e0940 Unloading class 0x00000299ad00d000 'java/lang/invoke/LambdaForm$MH+0x00000299ad00d000'
Event: 6473.159 Thread 0x00000299928e0940 Unloading class 0x00000299ad00cc00 'java/lang/invoke/LambdaForm$MH+0x00000299ad00cc00'
Event: 6473.159 Thread 0x00000299928e0940 Unloading class 0x00000299ad00c800 'java/lang/invoke/LambdaForm$BMH+0x00000299ad00c800'
Event: 6473.159 Thread 0x00000299928e0940 Unloading class 0x00000299ad00c000 'java/lang/invoke/LambdaForm$DMH+0x00000299ad00c000'
Event: 6473.159 Thread 0x00000299928e0940 Unloading class 0x00000299ad008c00 'java/lang/invoke/LambdaForm$MH+0x00000299ad008c00'
Event: 6473.159 Thread 0x00000299928e0940 Unloading class 0x00000299ad008800 'java/lang/invoke/LambdaForm$MH+0x00000299ad008800'
Event: 6473.159 Thread 0x00000299928e0940 Unloading class 0x00000299ad008400 'java/lang/invoke/LambdaForm$MH+0x00000299ad008400'
Event: 6473.159 Thread 0x00000299928e0940 Unloading class 0x00000299ad007000 'java/lang/invoke/LambdaForm$MH+0x00000299ad007000'
Event: 6473.159 Thread 0x00000299928e0940 Unloading class 0x00000299ad006800 'java/lang/invoke/LambdaForm$MH+0x00000299ad006800'
Event: 6473.159 Thread 0x00000299928e0940 Unloading class 0x00000299ad006400 'java/lang/invoke/LambdaForm$MH+0x00000299ad006400'
Event: 6473.159 Thread 0x00000299928e0940 Unloading class 0x00000299ad006000 'java/lang/invoke/LambdaForm$MH+0x00000299ad006000'
Event: 6473.159 Thread 0x00000299928e0940 Unloading class 0x00000299ad005c00 'java/lang/invoke/LambdaForm$BMH+0x00000299ad005c00'
Event: 6473.159 Thread 0x00000299928e0940 Unloading class 0x00000299ad004800 'java/lang/invoke/LambdaForm$DMH+0x00000299ad004800'
Event: 6473.159 Thread 0x00000299928e0940 Unloading class 0x00000299ad002400 'java/lang/invoke/LambdaForm$MH+0x00000299ad002400'
Event: 6473.159 Thread 0x00000299928e0940 Unloading class 0x00000299ad002000 'java/lang/invoke/LambdaForm$MH+0x00000299ad002000'
Event: 6473.159 Thread 0x00000299928e0940 Unloading class 0x00000299ad001800 'java/lang/invoke/LambdaForm$MH+0x00000299ad001800'
Event: 6473.159 Thread 0x00000299928e0940 Unloading class 0x00000299ad000400 'java/lang/invoke/LambdaForm$MH+0x00000299ad000400'

Classes redefined (0 events):
No events

Internal exceptions (20 events):
Event: 6566.148 Thread 0x00000299f28f1db0 Implicit null exception at 0x000002999f579388 to 0x000002999f57a7c0
Event: 6566.156 Thread 0x00000299f28f1db0 Exception <a 'java/lang/NoSuchMethodError'{0x00000000d580dfa0}: 'void java.lang.invoke.DelegatingMethodHandle$Holder.reinvoke_L(java.lang.Object, java.lang.Object, int)'> (0x00000000d580dfa0) 
thrown [s\src\hotspot\share\interpreter\linkResolver.cpp, line 773]
Event: 6566.267 Thread 0x00000299f28f1db0 Exception <a 'java/lang/IncompatibleClassChangeError'{0x00000000d58c3558}: Found class java.lang.Object, but interface was expected> (0x00000000d58c3558) 
thrown [s\src\hotspot\share\interpreter\linkResolver.cpp, line 840]
Event: 6566.267 Thread 0x00000299f28f1db0 Implicit null exception at 0x000002999f296910 to 0x000002999f299bec
Event: 6566.425 Thread 0x00000299f28f1db0 Exception <a 'java/lang/IncompatibleClassChangeError'{0x00000000d55e8378}: Found class java.lang.Object, but interface was expected> (0x00000000d55e8378) 
thrown [s\src\hotspot\share\interpreter\linkResolver.cpp, line 840]
Event: 6566.476 Thread 0x00000299f257eb00 Exception <a 'java/lang/NoSuchMethodError'{0x00000000d5897288}: 'java.lang.Object java.lang.invoke.DirectMethodHandle$Holder.invokeSpecial(java.lang.Object, java.lang.Object, java.lang.Object, java.lang.Object, int, java.lang.Object, java.lang.Object)'> (0x00000000d5897288) 
thrown [s\src\hotspot\share\interpreter\linkResolver.cpp, line 773]
Event: 6566.695 Thread 0x00000299f2582ca0 Implicit null exception at 0x000002999f0ddc51 to 0x000002999f0ddebc
Event: 6566.789 Thread 0x00000299f2582ca0 Implicit null exception at 0x000002999fb24b9e to 0x000002999fb25164
Event: 6567.636 Thread 0x00000299f28f1db0 Exception <a 'java/lang/IncompatibleClassChangeError'{0x00000000d5be6e38}: Found class java.lang.Object, but interface was expected> (0x00000000d5be6e38) 
thrown [s\src\hotspot\share\interpreter\linkResolver.cpp, line 840]
Event: 6567.657 Thread 0x00000299f257feb0 Exception <a 'java/lang/ArrayIndexOutOfBoundsException'{0x00000000d5628000}> (0x00000000d5628000) 
thrown [s\src\hotspot\share\runtime\sharedRuntime.cpp, line 625]
Event: 6568.025 Thread 0x00000299f2582ca0 Exception <a 'java/lang/NoSuchMethodError'{0x00000000d5a5a728}: 'java.lang.Object java.lang.invoke.DirectMethodHandle$Holder.newInvokeSpecial(java.lang.Object, java.lang.Object, int, java.lang.Object, java.lang.Object, java.lang.Object, java.lang.Object)'> (0x00000000d5a5a728) 
thrown [s\src\hotspot\share\interpreter\linkResolver.cpp, line 773]
Event: 6568.027 Thread 0x00000299f28f1db0 Exception <a 'java/lang/IncompatibleClassChangeError'{0x00000000d5a79510}: Found class java.lang.Object, but interface was expected> (0x00000000d5a79510) 
thrown [s\src\hotspot\share\interpreter\linkResolver.cpp, line 840]
Event: 6568.417 Thread 0x00000299f28f1db0 Exception <a 'java/lang/IncompatibleClassChangeError'{0x00000000d5911dd0}: Found class java.lang.Object, but interface was expected> (0x00000000d5911dd0) 
thrown [s\src\hotspot\share\interpreter\linkResolver.cpp, line 840]
Event: 6568.478 Thread 0x00000299f257eb00 Implicit null exception at 0x000002999fb0f098 to 0x000002999fb0f590
Event: 6568.479 Thread 0x00000299f257eb00 Implicit null exception at 0x000002999f562135 to 0x000002999f5623bd
Event: 6568.482 Thread 0x00000299f257eb00 Implicit null exception at 0x000002999f6d60e3 to 0x000002999f6d7e08
Event: 6568.483 Thread 0x00000299f257eb00 Implicit null exception at 0x000002999f6f6344 to 0x000002999f6f7e6c
Event: 6934.503 Thread 0x00000299f257e470 Implicit null exception at 0x000002999fb80076 to 0x000002999fb80dc0
Event: 7234.459 Thread 0x00000299f2580bd0 Exception <a 'sun/nio/fs/WindowsException'{0x00000000d5a4f3f0}> (0x00000000d5a4f3f0) 
thrown [s\src\hotspot\share\prims\jni.cpp, line 520]
Event: 7234.460 Thread 0x00000299f2580bd0 Exception <a 'sun/nio/fs/WindowsException'{0x00000000d5a4ff58}> (0x00000000d5a4ff58) 
thrown [s\src\hotspot\share\prims\jni.cpp, line 520]

ZGC Phase Switch (0 events):
No events

VM Operations (20 events):
Event: 7068.248 Executing VM operation: Cleanup
Event: 7068.248 Executing VM operation: Cleanup done
Event: 7070.655 Executing VM operation: ParallelGCFailedAllocation (Allocation Failure)
Event: 7070.656 Executing VM operation: ParallelGCFailedAllocation (Allocation Failure) done
Event: 7071.657 Executing VM operation: Cleanup
Event: 7071.657 Executing VM operation: Cleanup done
Event: 7095.457 Executing VM operation: HandshakeAllThreads (HandshakeForDeflation)
Event: 7095.457 Executing VM operation: HandshakeAllThreads (HandshakeForDeflation) done
Event: 7095.457 Executing VM operation: RendezvousGCThreads
Event: 7095.457 Executing VM operation: RendezvousGCThreads done
Event: 7234.741 Executing VM operation: ParallelGCFailedAllocation (Allocation Failure)
Event: 7234.747 Executing VM operation: ParallelGCFailedAllocation (Allocation Failure) done
Event: 7275.718 Executing VM operation: HandshakeAllThreads (HandshakeForDeflation)
Event: 7275.718 Executing VM operation: HandshakeAllThreads (HandshakeForDeflation) done
Event: 7275.719 Executing VM operation: RendezvousGCThreads
Event: 7275.719 Executing VM operation: RendezvousGCThreads done
Event: 7516.331 Executing VM operation: HandshakeAllThreads (HandshakeForDeflation)
Event: 7516.331 Executing VM operation: HandshakeAllThreads (HandshakeForDeflation) done
Event: 7516.331 Executing VM operation: RendezvousGCThreads
Event: 7516.331 Executing VM operation: RendezvousGCThreads done

Memory protections (0 events):
No events

Nmethod flushes (20 events):
Event: 6474.491 Thread 0x00000299928e0940 flushing  nmethod 0x00000299983afe90
Event: 6474.491 Thread 0x00000299928e0940 flushing  nmethod 0x00000299983b8110
Event: 6474.491 Thread 0x00000299928e0940 flushing  nmethod 0x00000299983b8b90
Event: 6474.491 Thread 0x00000299928e0940 flushing  nmethod 0x00000299983c2790
Event: 6474.491 Thread 0x00000299928e0940 flushing  nmethod 0x00000299983dc590
Event: 6474.491 Thread 0x00000299928e0940 flushing  nmethod 0x00000299983e2d90
Event: 6474.491 Thread 0x00000299928e0940 flushing  nmethod 0x00000299983e8c10
Event: 6474.492 Thread 0x00000299928e0940 flushing  nmethod 0x00000299983ee110
Event: 6474.492 Thread 0x00000299928e0940 flushing  nmethod 0x0000029998408810
Event: 6474.492 Thread 0x00000299928e0940 flushing  nmethod 0x0000029998423310
Event: 6474.492 Thread 0x00000299928e0940 flushing  nmethod 0x0000029998431e90
Event: 6474.492 Thread 0x00000299928e0940 flushing  nmethod 0x0000029998435390
Event: 6474.492 Thread 0x00000299928e0940 flushing  nmethod 0x0000029998441710
Event: 6474.493 Thread 0x00000299928e0940 flushing  nmethod 0x0000029998451a90
Event: 6474.493 Thread 0x00000299928e0940 flushing  nmethod 0x0000029998451f90
Event: 6474.493 Thread 0x00000299928e0940 flushing  nmethod 0x0000029998463910
Event: 6474.493 Thread 0x00000299928e0940 flushing  nmethod 0x0000029998464390
Event: 6474.494 Thread 0x00000299928e0940 flushing  nmethod 0x0000029998466390
Event: 6474.494 Thread 0x00000299928e0940 flushing  nmethod 0x0000029998472f90
Event: 6474.494 Thread 0x00000299928e0940 flushing  nmethod 0x00000299991e2110

Events (20 events):
Event: 4805.610 Thread 0x00000299f26a5790 Thread exited: 0x00000299f26a5790
Event: 5212.624 Thread 0x00000299f2580bd0 Thread added: 0x00000299f2581260
Event: 5212.641 Thread 0x00000299f2581260 Thread exited: 0x00000299f2581260
Event: 5971.900 Thread 0x00000299f2580bd0 Thread added: 0x00000299f2581260
Event: 5971.901 Thread 0x00000299f2581260 Thread exited: 0x00000299f2581260
Event: 6475.038 Thread 0x00000299f257e470 Thread added: 0x00000299f257feb0
Event: 6475.039 Thread 0x00000299f257feb0 Thread exited: 0x00000299f257feb0
Event: 6566.418 Thread 0x00000299f28f1db0 Thread added: 0x00000299f257feb0
Event: 6566.420 Thread 0x00000299f28f1db0 Thread added: 0x00000299f257eb00
Event: 6566.424 Thread 0x00000299f28f1db0 Thread added: 0x00000299f2582ca0
Event: 6566.537 Thread 0x00000299ab1a48b0 Thread added: 0x00000299f27ca3e0
Event: 6567.363 Thread 0x00000299f257feb0 Thread added: 0x00000299f2583330
Event: 6567.652 Thread 0x00000299f27ca3e0 Thread exited: 0x00000299f27ca3e0
Event: 6567.658 Thread 0x00000299ab1a48b0 Thread added: 0x00000299f27ca3e0
Event: 6574.334 Thread 0x00000299f27ca3e0 Thread exited: 0x00000299f27ca3e0
Event: 6629.334 Thread 0x00000299f257eb00 Thread exited: 0x00000299f257eb00
Event: 6689.348 Thread 0x00000299f2582ca0 Thread exited: 0x00000299f2582ca0
Event: 6799.465 Thread 0x00000299f257feb0 Thread exited: 0x00000299f257feb0
Event: 7234.479 Thread 0x00000299f2580bd0 Thread added: 0x00000299f2581260
Event: 7234.490 Thread 0x00000299f2581260 Thread exited: 0x00000299f2581260


Dynamic libraries:
0x00007ff602130000 - 0x00007ff60213e000 	c:\Users\juanb\.antigravity\extensions\redhat.java-1.50.0-win32-x64\jre\21.0.9-win32-x86_64\bin\java.exe
0x00007ff93cda0000 - 0x00007ff93d008000 	C:\WINDOWS\SYSTEM32\ntdll.dll
0x00007ff93b610000 - 0x00007ff93b6d9000 	C:\WINDOWS\System32\KERNEL32.DLL
0x00007ff93a070000 - 0x00007ff93a468000 	C:\WINDOWS\System32\KERNELBASE.dll
0x00007ff93a710000 - 0x00007ff93a85b000 	C:\WINDOWS\System32\ucrtbase.dll
0x00007ff8c9730000 - 0x00007ff8c9748000 	c:\Users\juanb\.antigravity\extensions\redhat.java-1.50.0-win32-x64\jre\21.0.9-win32-x86_64\bin\jli.dll
0x00007ff93b7e0000 - 0x00007ff93b9a7000 	C:\WINDOWS\System32\USER32.dll
0x00007ff93a040000 - 0x00007ff93a067000 	C:\WINDOWS\System32\win32u.dll
0x00007ff93afa0000 - 0x00007ff93afcb000 	C:\WINDOWS\System32\GDI32.dll
0x00007ff93a5e0000 - 0x00007ff93a70c000 	C:\WINDOWS\System32\gdi32full.dll
0x00007ff93a910000 - 0x00007ff93a9b3000 	C:\WINDOWS\System32\msvcp_win.dll
0x00007ff8fffa0000 - 0x00007ff8fffbe000 	c:\Users\juanb\.antigravity\extensions\redhat.java-1.50.0-win32-x64\jre\21.0.9-win32-x86_64\bin\VCRUNTIME140.dll
0x00007ff9260a0000 - 0x00007ff926334000 	C:\WINDOWS\WinSxS\amd64_microsoft.windows.common-controls_6595b64144ccf1df_6.0.26100.7019_none_3e06ffa0e335b8a8\COMCTL32.dll
0x00007ff93c600000 - 0x00007ff93c6a9000 	C:\WINDOWS\System32\msvcrt.dll
0x00007ff93af60000 - 0x00007ff93af91000 	C:\WINDOWS\System32\IMM32.DLL
0x00007ff90a140000 - 0x00007ff90a14c000 	c:\Users\juanb\.antigravity\extensions\redhat.java-1.50.0-win32-x64\jre\21.0.9-win32-x86_64\bin\vcruntime140_1.dll
0x00007ff8b5950000 - 0x00007ff8b59dd000 	c:\Users\juanb\.antigravity\extensions\redhat.java-1.50.0-win32-x64\jre\21.0.9-win32-x86_64\bin\msvcp140.dll
0x00007ff8b1580000 - 0x00007ff8b2320000 	c:\Users\juanb\.antigravity\extensions\redhat.java-1.50.0-win32-x64\jre\21.0.9-win32-x86_64\bin\server\jvm.dll
0x00007ff93c540000 - 0x00007ff93c5f4000 	C:\WINDOWS\System32\ADVAPI32.dll
0x00007ff93ccb0000 - 0x00007ff93cd56000 	C:\WINDOWS\System32\sechost.dll
0x00007ff93b3e0000 - 0x00007ff93b4f8000 	C:\WINDOWS\System32\RPCRT4.dll
0x00007ff93b1c0000 - 0x00007ff93b234000 	C:\WINDOWS\System32\WS2_32.dll
0x00007ff928d30000 - 0x00007ff928d65000 	C:\WINDOWS\SYSTEM32\WINMM.dll
0x00007ff92bcd0000 - 0x00007ff92bcdb000 	C:\WINDOWS\SYSTEM32\VERSION.dll
0x00007ff939d50000 - 0x00007ff939dae000 	C:\WINDOWS\SYSTEM32\POWRPROF.dll
0x00007ff939d30000 - 0x00007ff939d44000 	C:\WINDOWS\SYSTEM32\UMPDC.dll
0x00007ff938cb0000 - 0x00007ff938ccb000 	C:\WINDOWS\SYSTEM32\kernel.appcore.dll
0x00007ff8e7610000 - 0x00007ff8e761a000 	c:\Users\juanb\.antigravity\extensions\redhat.java-1.50.0-win32-x64\jre\21.0.9-win32-x86_64\bin\jimage.dll
0x00007ff937040000 - 0x00007ff937282000 	C:\WINDOWS\SYSTEM32\DBGHELP.DLL
0x00007ff93abd0000 - 0x00007ff93af5b000 	C:\WINDOWS\System32\combase.dll
0x00007ff93ba80000 - 0x00007ff93bb57000 	C:\WINDOWS\System32\OLEAUT32.dll
0x00007ff920670000 - 0x00007ff9206ac000 	C:\WINDOWS\SYSTEM32\dbgcore.DLL
0x00007ff93a860000 - 0x00007ff93a905000 	C:\WINDOWS\System32\bcryptPrimitives.dll
0x00007ff8e7140000 - 0x00007ff8e714f000 	c:\Users\juanb\.antigravity\extensions\redhat.java-1.50.0-win32-x64\jre\21.0.9-win32-x86_64\bin\instrument.dll
0x00007ff8ba740000 - 0x00007ff8ba760000 	c:\Users\juanb\.antigravity\extensions\redhat.java-1.50.0-win32-x64\jre\21.0.9-win32-x86_64\bin\java.dll
0x00007ff93bba0000 - 0x00007ff93c2ef000 	C:\WINDOWS\System32\SHELL32.dll
0x00007ff93a470000 - 0x00007ff93a5db000 	C:\WINDOWS\System32\wintypes.dll
0x00007ff937af0000 - 0x00007ff93834d000 	C:\WINDOWS\SYSTEM32\windows.storage.dll
0x00007ff93c440000 - 0x00007ff93c532000 	C:\WINDOWS\System32\SHCORE.dll
0x00007ff93c3d0000 - 0x00007ff93c437000 	C:\WINDOWS\System32\shlwapi.dll
0x00007ff939e10000 - 0x00007ff939e39000 	C:\WINDOWS\SYSTEM32\profapi.dll
0x00007ff8c9710000 - 0x00007ff8c9728000 	c:\Users\juanb\.antigravity\extensions\redhat.java-1.50.0-win32-x64\jre\21.0.9-win32-x86_64\bin\zip.dll
0x00007ff8e0620000 - 0x00007ff8e0630000 	C:\Users\juanb\.antigravity\extensions\redhat.java-1.50.0-win32-x64\jre\21.0.9-win32-x86_64\bin\net.dll
0x00007ff92de50000 - 0x00007ff92df78000 	C:\WINDOWS\SYSTEM32\WINHTTP.dll
0x00007ff939220000 - 0x00007ff93928b000 	C:\WINDOWS\system32\mswsock.dll
0x00007ff8b5730000 - 0x00007ff8b5746000 	C:\Users\juanb\.antigravity\extensions\redhat.java-1.50.0-win32-x64\jre\21.0.9-win32-x86_64\bin\nio.dll
0x00007ff8e04b0000 - 0x00007ff8e04c0000 	c:\Users\juanb\.antigravity\extensions\redhat.java-1.50.0-win32-x64\jre\21.0.9-win32-x86_64\bin\verify.dll
0x00007ff8c8b90000 - 0x00007ff8c8bd4000 	C:\Users\juanb\AppData\Roaming\Antigravity\User\globalStorage\redhat.java\1.50.0\config_win\org.eclipse.equinox.launcher\org.eclipse.equinox.launcher.win32.win32.x86_64_1.2.1400.v20250801-0854\eclipse_11916.dll
0x00007ff93b240000 - 0x00007ff93b3d7000 	C:\WINDOWS\System32\ole32.dll
0x00007ff9394e0000 - 0x00007ff9394fb000 	C:\WINDOWS\SYSTEM32\CRYPTSP.dll
0x00007ff938c10000 - 0x00007ff938c4a000 	C:\WINDOWS\system32\rsaenh.dll
0x00007ff9392d0000 - 0x00007ff9392fb000 	C:\WINDOWS\SYSTEM32\USERENV.dll
0x00007ff939de0000 - 0x00007ff939e0a000 	C:\WINDOWS\SYSTEM32\bcrypt.dll
0x00007ff939500000 - 0x00007ff93950c000 	C:\WINDOWS\SYSTEM32\CRYPTBASE.dll
0x00007ff9386f0000 - 0x00007ff938724000 	C:\WINDOWS\SYSTEM32\IPHLPAPI.DLL
0x00007ff93bb60000 - 0x00007ff93bb6a000 	C:\WINDOWS\System32\NSI.dll
0x00007ff92dc20000 - 0x00007ff92dc69000 	C:\Users\juanb\AppData\Local\Temp\jna-101475498\jna4011064292538516477.dll
0x00007ff93b600000 - 0x00007ff93b608000 	C:\WINDOWS\System32\PSAPI.DLL
0x00007ff92e7f0000 - 0x00007ff92e80e000 	C:\WINDOWS\SYSTEM32\dhcpcsvc6.DLL
0x00007ff92e0b0000 - 0x00007ff92e0d3000 	C:\WINDOWS\SYSTEM32\dhcpcsvc.DLL
0x00007ff938dd0000 - 0x00007ff938e06000 	C:\WINDOWS\SYSTEM32\ntmarta.dll

JVMTI agents:
c:\Users\juanb\.antigravity\extensions\redhat.java-1.50.0-win32-x64\lombok\lombok-1.18.39-4050.jar path:c:\Users\juanb\.antigravity\extensions\redhat.java-1.50.0-win32-x64\jre\21.0.9-win32-x86_64\bin\instrument.dll, loaded, initialized, instrumentlib options:none

dbghelp: loaded successfully - version: 4.0.5 - missing functions: none
symbol engine: initialized successfully - sym options: 0x614 - pdb path: .;c:\Users\juanb\.antigravity\extensions\redhat.java-1.50.0-win32-x64\jre\21.0.9-win32-x86_64\bin;C:\WINDOWS\SYSTEM32;C:\WINDOWS\WinSxS\amd64_microsoft.windows.common-controls_6595b64144ccf1df_6.0.26100.7019_none_3e06ffa0e335b8a8;c:\Users\juanb\.antigravity\extensions\redhat.java-1.50.0-win32-x64\jre\21.0.9-win32-x86_64\bin\server;C:\Users\juanb\AppData\Roaming\Antigravity\User\globalStorage\redhat.java\1.50.0\config_win\org.eclipse.equinox.launcher\org.eclipse.equinox.launcher.win32.win32.x86_64_1.2.1400.v20250801-0854;C:\Users\juanb\AppData\Local\Temp\jna-101475498

VM Arguments:
jvm_args: --add-modules=ALL-SYSTEM --add-opens=java.base/java.util=ALL-UNNAMED --add-opens=java.base/java.lang=ALL-UNNAMED --add-opens=java.base/sun.nio.fs=ALL-UNNAMED -Declipse.application=org.eclipse.jdt.ls.core.id1 -Dosgi.bundles.defaultStartLevel=4 -Declipse.product=org.eclipse.jdt.ls.core.product -Djava.import.generatesMetadataFilesAtProjectRoot=false -DDetectVMInstallationsJob.disabled=true -Dfile.encoding=utf8 -XX:+UseParallelGC -XX:GCTimeRatio=4 -XX:AdaptiveSizePolicyWeight=90 -Dsun.zip.disableMemoryMapping=true -Xmx2G -Xms100m -Xlog:disable -javaagent:c:\Users\juanb\.antigravity\extensions\redhat.java-1.50.0-win32-x64\lombok\lombok-1.18.39-4050.jar -XX:+HeapDumpOnOutOfMemoryError -XX:HeapDumpPath=c:\Users\juanb\AppData\Roaming\Antigravity\User\workspaceStorage\945df90eec9aabffa7a7b0fd25b8c26d\redhat.java -Daether.dependencyCollector.impl=bf 
java_command: c:\Users\juanb\.antigravity\extensions\redhat.java-1.50.0-win32-x64\server\plugins\org.eclipse.equinox.launcher_1.7.100.v20251111-0406.jar -configuration c:\Users\juanb\AppData\Roaming\Antigravity\User\globalStorage\redhat.java\1.50.0\config_win -data c:\Users\juanb\AppData\Roaming\Antigravity\User\workspaceStorage\945df90eec9aabffa7a7b0fd25b8c26d\redhat.java\jdt_ws --pipe=\\.\pipe\lsp-846c54687796fb41ee20a6cebf6ed863-sock
java_class_path (initial): c:\Users\juanb\.antigravity\extensions\redhat.java-1.50.0-win32-x64\server\plugins\org.eclipse.equinox.launcher_1.7.100.v20251111-0406.jar
Launcher Type: SUN_STANDARD

[Global flags]
    uintx AdaptiveSizePolicyWeight                 = 90                                        {product} {command line}
     intx CICompilerCount                          = 3                                         {product} {ergonomic}
    uintx GCTimeRatio                              = 4                                         {product} {command line}
     bool HeapDumpOnOutOfMemoryError               = true                                   {manageable} {command line}
    ccstr HeapDumpPath                             = c:\Users\juanb\AppData\Roaming\Antigravity\User\workspaceStorage\945df90eec9aabffa7a7b0fd25b8c26d\redhat.java         {manageable} {command line}
   size_t InitialHeapSize                          = 104857600                                 {product} {command line}
   size_t MaxHeapSize                              = 2147483648                                {product} {command line}
   size_t MaxNewSize                               = 715653120                                 {product} {ergonomic}
   size_t MinHeapDeltaBytes                        = 524288                                    {product} {ergonomic}
   size_t MinHeapSize                              = 104857600                                 {product} {command line}
   size_t NewSize                                  = 34603008                                  {product} {ergonomic}
    uintx NonNMethodCodeHeapSize                   = 5832780                                {pd product} {ergonomic}
    uintx NonProfiledCodeHeapSize                  = 122912730                              {pd product} {ergonomic}
   size_t OldSize                                  = 70254592                                  {product} {ergonomic}
    uintx ProfiledCodeHeapSize                     = 122912730                              {pd product} {ergonomic}
    uintx ReservedCodeCacheSize                    = 251658240                              {pd product} {ergonomic}
     bool SegmentedCodeCache                       = true                                      {product} {ergonomic}
   size_t SoftMaxHeapSize                          = 2147483648                             {manageable} {ergonomic}
     bool UseCompressedOops                        = true                           {product lp64_product} {ergonomic}
     bool UseLargePagesIndividualAllocation        = false                                  {pd product} {ergonomic}
     bool UseParallelGC                            = true                                      {product} {command line}

Logging:
Log output configuration:
 #0: stdout all=off uptime,level,tags foldmultilines=false
 #1: stderr all=off uptime,level,tags foldmultilines=false

Release file:
JAVA_VERSION="21.0.9" 
MODULES="java.base java.compiler java.datatransfer java.xml java.prefs java.desktop java.instrument java.logging java.management java.security.sasl java.naming java.rmi java.management.rmi java.net.http java.scripting java.security.jgss java.transaction.xa java.sql java.sql.rowset java.xml.crypto java.se java.smartcardio jdk.accessibility jdk.internal.jvmstat jdk.attach jdk.charsets jdk.internal.opt jdk.zipfs jdk.compiler jdk.crypto.ec jdk.crypto.cryptoki jdk.crypto.mscapi jdk.dynalink jdk.internal.ed jdk.editpad jdk.hotspot.agent jdk.httpserver jdk.internal.le jdk.internal.vm.ci jdk.internal.vm.compiler jdk.internal.vm.compiler.management jdk.jartool jdk.javadoc jdk.jcmd jdk.management jdk.management.agent jdk.jconsole jdk.jdeps jdk.jdwp.agent jdk.jdi jdk.jfr jdk.jshell jdk.jsobject jdk.jstatd jdk.localedata jdk.management.jfr jdk.naming.dns jdk.naming.rmi jdk.net jdk.nio.mapmode jdk.random jdk.sctp jdk.security.auth jdk.security.jgss jdk.unsupported jdk.unsupported.desktop jdk.xml.dom" 

Environment Variables:
JAVA_HOME=C:\Program Files\Java\jdk-23
PATH=C:\Program Files (x86)\Common Files\Oracle\Java\javapath;C:\Program Files\PostgreSQL\17\bin;C:\Program Files\Git\cmd;C:\Program Files\Git\mingw64\bin;C:\Program Files\Git\usr\bin;C:\ProgramData\chocolatey\bin;C:\Program Files\dotnet\;C:\Windows\System32;C:\sonarqube-25.8.0.112029\bin;C:\sonarqube-25.8.0.112029\bin\windows-x86-64;C:\Program Files\MongoDB\Server\8.0\bin;C:\Program Files\MongoDB\Server\8.0\bin\mongosh-2.5.6-win32-x64\bin;C:\Program Files\MongoDB\Server\8.0\bin\mongodb-database-tools-windows-x86_64-100.13.0\bin;C:\php;C:\composer;C:\Program Files\nodejs\;C:\Windows\System32\WindowsPowerShell\v1.0\powershell.exe;C:\Program Files\Apache\Maven\apache-maven-3.9.11\bin;C:\Program Files\Java\jdk-23\bin;C:\Program Files\Docker\Docker\resources\bin;C:\flutter\bin;C:\Windows\System32\WindowsPowerShell\v1.0;C:\Program Files (x86)\Windows Kits\10\Windows Performance Toolkit\;C:\Users\juanb\anaconda3;C:\Users\juanb\anaconda3\Library\mingw-w64\bin;C:\Users\juanb\anaconda3\Library\usr\bin;C:\Users\juanb\anaconda3\Library\bin;C:\Users\juanb\anaconda3\Scripts;C:\Users\juanb\AppData\Local\Microsoft\WindowsApps;C:\Users\juanb\AppData\Local\Programs\Microsoft VS Code\bin;C:\Users\juanb\AppData\Roaming\Composer\vendor\bin;C:\Users\juanb\AppData\Local\Programs\Python\Python311;C:\Program Files\Java\jdk-23\bin;C:\Users\juanb\AppData\Local\Muse Hub\lib;C:\Program Files\JetBrains\IntelliJ IDEA Community Edition 2025.2\bin;C:\Windows\System32;C:\sonarqube-25.8.0.112029\bin\;C:\sonarqube-25.8.0.112029\bin\windows-x86-64;C:\Program Files\MongoDB\Server\8.0\bin;C:\Program Files\MongoDB\Server\8.0\bin\mongosh-2.5.6-win32-x64\bin;C:\Program Files\MongoDB\Server\8.0\bin\mongodb-database-tools-windows-x86_64-100.13.0\bin;C:\php;C:\Users\juanb\AppData\Roaming\npm;C:\Windows\System32\WindowsPowerShell\v1.0\powershell.exe;C:\Program Files\Apache\Maven\apache-maven-3.9.11\bin;C:\Program Files\Java\jdk-23\bin;C:\flutter\bin;C:\Windows\System32\WindowsPowerShell\v1.0;C:\Users\juanb\AppData\Local\Programs\Antigravity\bin
USERNAME=juanb
OS=Windows_NT
PROCESSOR_IDENTIFIER=Intel64 Family 6 Model 140 Stepping 1, GenuineIntel
TMP=C:\Users\juanb\AppData\Local\Temp
TEMP=C:\Users\juanb\AppData\Local\Temp




Periodic native trim disabled

---------------  S Y S T E M  ---------------

OS:
 Windows 11 , 64 bit Build 26100 (10.0.26100.7019)
OS uptime: 0 days 2:11 hours
Hyper-V role detected

CPU: total 4 (initial active 4) (2 cores per cpu, 2 threads per core) family 6 model 140 stepping 1 microcode 0x86, cx8, cmov, fxsr, ht, mmx, 3dnowpref, sse, sse2, sse3, ssse3, sse4.1, sse4.2, popcnt, lzcnt, tsc, tscinvbit, avx, avx2, aes, erms, clmul, bmi1, bmi2, adx, avx512f, avx512dq, avx512cd, avx512bw, avx512vl, sha, fma, vzeroupper, avx512_vpopcntdq, avx512_vpclmulqdq, avx512_vaes, avx512_vnni, clflush, clflushopt, clwb, avx512_vbmi2, avx512_vbmi, hv, rdtscp, rdpid, fsrm, gfni, avx512_bitalg, f16c, cet_ibt, cet_ss, avx512_ifma
Processor Information for the first 4 processors :
  Max Mhz: 1997, Current Mhz: 1997, Mhz Limit: 1997

Memory: 4k page, system-wide physical 7885M (452M free)
TotalPageFile size 14029M (AvailPageFile size 3M)
current process WorkingSet (physical memory assigned to process): 17M, peak: 477M
current process commit charge ("private bytes"): 605M, peak: 610M

vm_info: OpenJDK 64-Bit Server VM (21.0.9+10-LTS) for windows-amd64 JRE (21.0.9+10-LTS), built on 2025-10-21T00:00:00Z by "admin" with unknown MS VC++:1942

END.
