#
# There is insufficient memory for the Java Runtime Environment to continue.
# Native memory allocation (malloc) failed to allocate 1048576 bytes. Error detail: AllocateHeap
# Possible reasons:
#   The system is out of physical RAM or swap space
#   This process is running with CompressedOops enabled, and the Java Heap may be blocking the growth of the native heap
# Possible solutions:
#   Reduce memory load on the system
#   Increase physical memory or swap space
#   Check if swap backing store is full
#   Decrease Java heap size (-Xmx/-Xms)
#   Decrease number of Java threads
#   Decrease Java thread stack sizes (-Xss)
#   Set larger code cache with -XX:ReservedCodeCacheSize=
#   JVM is running with Unscaled Compressed Oops mode in which the Java heap is
#     placed in the first 4GB address space. The Java Heap base address is the
#     maximum limit for the native heap growth. Please use -XX:HeapBaseMinAddress
#     to set the Java Heap base and to place the Java Heap above 4GB virtual address.
# This output file may be truncated or incomplete.
#
#  Out of Memory Error (allocation.cpp:44), pid=9792, tid=18996
#
# JRE version: OpenJDK Runtime Environment Temurin-21.0.9+10 (21.0.9+10) (build 21.0.9+10-LTS)
# Java VM: OpenJDK 64-Bit Server VM Temurin-21.0.9+10 (21.0.9+10-LTS, mixed mode, sharing, tiered, compressed oops, compressed class ptrs, parallel gc, windows-amd64)
# No core dump will be written. Minidumps are not enabled by default on client versions of Windows
#

---------------  S U M M A R Y ------------

Command Line: --add-modules=ALL-SYSTEM --add-opens=java.base/java.util=ALL-UNNAMED --add-opens=java.base/java.lang=ALL-UNNAMED --add-opens=java.base/sun.nio.fs=ALL-UNNAMED -Declipse.application=org.eclipse.jdt.ls.core.id1 -Dosgi.bundles.defaultStartLevel=4 -Declipse.product=org.eclipse.jdt.ls.core.product -Djava.import.generatesMetadataFilesAtProjectRoot=false -DDetectVMInstallationsJob.disabled=true -Dfile.encoding=utf8 -XX:+UseParallelGC -XX:GCTimeRatio=4 -XX:AdaptiveSizePolicyWeight=90 -Dsun.zip.disableMemoryMapping=true -Xmx2G -Xms100m -Xlog:disable -javaagent:c:\Users\juanb\.antigravity\extensions\redhat.java-1.50.0-win32-x64\lombok\lombok-1.18.39-4050.jar -XX:+HeapDumpOnOutOfMemoryError -XX:HeapDumpPath=c:\Users\juanb\AppData\Roaming\Antigravity\User\workspaceStorage\945df90eec9aabffa7a7b0fd25b8c26d\redhat.java -Daether.dependencyCollector.impl=bf c:\Users\juanb\.antigravity\extensions\redhat.java-1.50.0-win32-x64\server\plugins\org.eclipse.equinox.launcher_1.7.100.v20251111-0406.jar -configuration c:\Users\juanb\AppData\Roaming\Antigravity\User\globalStorage\redhat.java\1.50.0\config_win -data c:\Users\juanb\AppData\Roaming\Antigravity\User\workspaceStorage\945df90eec9aabffa7a7b0fd25b8c26d\redhat.java\jdt_ws --pipe=\\.\pipe\lsp-4d00d7e459dd674f7326155af7bf2274-sock

Host: Intel(R) Pentium(R) Gold 7505 @ 2.00GHz, 4 cores, 7G,  Windows 11 , 64 bit Build 26100 (10.0.26100.7019)
Time: Fri Nov 28 16:49:39 2025 Hora est. Pacífico, Sudamérica elapsed time: 6651.920431 seconds (0d 1h 50m 51s)

---------------  T H R E A D  ---------------

Current thread (0x00000167faa08100):  JavaThread "Attach Listener" daemon [_thread_in_vm, id=18996, stack(0x000000190fc00000,0x000000190fd00000) (1024K)]

Stack: [0x000000190fc00000,0x000000190fd00000]
Native frames: (J=compiled Java code, j=interpreted, Vv=VM code, C=native code)
V  [jvm.dll+0x6d6e29]
V  [jvm.dll+0x8b4b76]
V  [jvm.dll+0x8b712e]
V  [jvm.dll+0x8b7813]
V  [jvm.dll+0x283d86]
V  [jvm.dll+0xc1277]
V  [jvm.dll+0x6d76d9]
V  [jvm.dll+0x133466]
V  [jvm.dll+0x3f7ea6]
V  [jvm.dll+0x85e9ad]
V  [jvm.dll+0x6d565d]
C  [ucrtbase.dll+0x37b0]
C  [KERNEL32.DLL+0x2e8d7]
C  [ntdll.dll+0x8c53c]


---------------  P R O C E S S  ---------------

Threads class SMR info:
_java_thread_list=0x00000167da922550, length=31, elements={
0x00000167f887a610, 0x00000167fabcc1b0, 0x00000167faa02650, 0x00000167faa051a0,
0x00000167faa08100, 0x00000167faa08b50, 0x00000167faa095a0, 0x00000167faa0c3e0,
0x00000167faa46ac0, 0x00000167ff1c77e0, 0x00000167ff322860, 0x00000167ff6c37e0,
0x00000167ffb15150, 0x00000167ffb4ef30, 0x00000167ffb4f960, 0x00000167ffc9e720,
0x00000167ffb53af0, 0x00000167ff89b040, 0x00000167ff5f10f0, 0x00000167ff73a190,
0x00000167ff73a820, 0x00000167ff73c260, 0x00000167ff73bbd0, 0x00000167d9d150d0,
0x00000167d9d14a40, 0x00000167d9d15760, 0x00000167d9d16b10, 0x00000167d9d143b0,
0x00000167d9d16480, 0x00000167d9d13690, 0x00000167d9d18be0
}

Java Threads: ( => current thread )
  0x00000167f887a610 JavaThread "main"                              [_thread_blocked, id=19840, stack(0x000000190f500000,0x000000190f600000) (1024K)]
  0x00000167fabcc1b0 JavaThread "Reference Handler"          daemon [_thread_blocked, id=10376, stack(0x000000190f900000,0x000000190fa00000) (1024K)]
  0x00000167faa02650 JavaThread "Finalizer"                  daemon [_thread_blocked, id=17800, stack(0x000000190fa00000,0x000000190fb00000) (1024K)]
  0x00000167faa051a0 JavaThread "Signal Dispatcher"          daemon [_thread_blocked, id=9860, stack(0x000000190fb00000,0x000000190fc00000) (1024K)]
=>0x00000167faa08100 JavaThread "Attach Listener"            daemon [_thread_in_vm, id=18996, stack(0x000000190fc00000,0x000000190fd00000) (1024K)]
  0x00000167faa08b50 JavaThread "Service Thread"             daemon [_thread_blocked, id=13960, stack(0x000000190fd00000,0x000000190fe00000) (1024K)]
  0x00000167faa095a0 JavaThread "Monitor Deflation Thread"   daemon [_thread_blocked, id=19192, stack(0x000000190fe00000,0x000000190ff00000) (1024K)]
  0x00000167faa0c3e0 JavaThread "C2 CompilerThread0"         daemon [_thread_blocked, id=18820, stack(0x000000190ff00000,0x0000001910000000) (1024K)]
  0x00000167faa46ac0 JavaThread "C1 CompilerThread0"         daemon [_thread_blocked, id=4524, stack(0x0000001910000000,0x0000001910100000) (1024K)]
  0x00000167ff1c77e0 JavaThread "Common-Cleaner"             daemon [_thread_blocked, id=996, stack(0x0000001910100000,0x0000001910200000) (1024K)]
  0x00000167ff322860 JavaThread "Notification Thread"        daemon [_thread_blocked, id=19244, stack(0x0000001910200000,0x0000001910300000) (1024K)]
  0x00000167ff6c37e0 JavaThread "Active Thread: Equinox Container: d8a63d7b-3e37-4c7a-831e-516b3832ab94"        [_thread_blocked, id=18712, stack(0x0000001910600000,0x0000001910700000) (1024K)]
  0x00000167ffb15150 JavaThread "Refresh Thread: Equinox Container: d8a63d7b-3e37-4c7a-831e-516b3832ab94" daemon [_thread_blocked, id=20132, stack(0x0000001910700000,0x0000001910800000) (1024K)]
  0x00000167ffb4ef30 JavaThread "Framework Event Dispatcher: Equinox Container: d8a63d7b-3e37-4c7a-831e-516b3832ab94" daemon [_thread_blocked, id=3484, stack(0x0000001910800000,0x0000001910900000) (1024K)]
  0x00000167ffb4f960 JavaThread "Start Level: Equinox Container: d8a63d7b-3e37-4c7a-831e-516b3832ab94" daemon [_thread_blocked, id=4064, stack(0x0000001910900000,0x0000001910a00000) (1024K)]
  0x00000167ffc9e720 JavaThread "Bundle File Closer"         daemon [_thread_blocked, id=20140, stack(0x0000001910a00000,0x0000001910b00000) (1024K)]
  0x00000167ffb53af0 JavaThread "SCR Component Actor"        daemon [_thread_blocked, id=20036, stack(0x0000001910b00000,0x0000001910c00000) (1024K)]
  0x00000167ff89b040 JavaThread "Worker-JM"                         [_thread_blocked, id=3256, stack(0x0000001910c00000,0x0000001910d00000) (1024K)]
  0x00000167ff5f10f0 JavaThread "JNA Cleaner"                daemon [_thread_blocked, id=13916, stack(0x0000001910d00000,0x0000001910e00000) (1024K)]
  0x00000167ff73a190 JavaThread "Java indexing"              daemon [_thread_blocked, id=2564, stack(0x0000001911200000,0x0000001911300000) (1024K)]
  0x00000167ff73a820 JavaThread "Thread-1"                   daemon [_thread_in_native, id=19588, stack(0x0000001911700000,0x0000001911800000) (1024K)]
  0x00000167ff73c260 JavaThread "Thread-2"                   daemon [_thread_in_native, id=18832, stack(0x0000001911800000,0x0000001911900000) (1024K)]
  0x00000167ff73bbd0 JavaThread "Thread-3"                   daemon [_thread_in_native, id=18800, stack(0x0000001911900000,0x0000001911a00000) (1024K)]
  0x00000167d9d150d0 JavaThread "Thread-4"                   daemon [_thread_in_native, id=4384, stack(0x0000001911a00000,0x0000001911b00000) (1024K)]
  0x00000167d9d14a40 JavaThread "Thread-5"                   daemon [_thread_in_native, id=15552, stack(0x0000001911b00000,0x0000001911c00000) (1024K)]
  0x00000167d9d15760 JavaThread "pool-2-thread-1"                   [_thread_blocked, id=8032, stack(0x0000001911c00000,0x0000001911d00000) (1024K)]
  0x00000167d9d16b10 JavaThread "WorkspaceEventsHandler"            [_thread_blocked, id=4236, stack(0x0000001911d00000,0x0000001911e00000) (1024K)]
  0x00000167d9d143b0 JavaThread "pool-1-thread-1"                   [_thread_blocked, id=9752, stack(0x0000001911e00000,0x0000001911f00000) (1024K)]
  0x00000167d9d16480 JavaThread "Worker-5"                          [_thread_blocked, id=17672, stack(0x000000190f200000,0x000000190f300000) (1024K)]
  0x00000167d9d13690 JavaThread "Worker-11"                         [_thread_blocked, id=15672, stack(0x0000001910e00000,0x0000001910f00000) (1024K)]
  0x00000167d9d18be0 JavaThread "Compiler Source File Reader" daemon [_thread_blocked, id=17404, stack(0x0000001910f00000,0x0000001911000000) (1024K)]
Total: 31

Other Threads:
  0x00000167fabb0be0 VMThread "VM Thread"                           [id=1788, stack(0x000000190f800000,0x000000190f900000) (1024K)]
  0x00000167fab7fac0 WatcherThread "VM Periodic Task Thread"        [id=17204, stack(0x000000190f700000,0x000000190f800000) (1024K)]
  0x00000167fab2e100 WorkerThread "GC Thread#0"                     [id=5900, stack(0x000000190f600000,0x000000190f700000) (1024K)]
  0x00000167ff394360 WorkerThread "GC Thread#1"                     [id=132, stack(0x0000001910300000,0x0000001910400000) (1024K)]
  0x00000167ff394700 WorkerThread "GC Thread#2"                     [id=19544, stack(0x0000001910400000,0x0000001910500000) (1024K)]
  0x00000167ff8288d0 WorkerThread "GC Thread#3"                     [id=17244, stack(0x0000001910500000,0x0000001910600000) (1024K)]
Total: 6

Threads with active compile tasks:
Total: 0

VM state: not at safepoint (normal execution)

VM Mutex/Monitor currently owned by a thread: None

Heap address: 0x0000000080000000, size: 2048 MB, Compressed Oops mode: 32-bit

CDS archive(s) mapped at: [0x0000016793000000-0x0000016793ba0000-0x0000016793ba0000), size 12189696, SharedBaseAddress: 0x0000016793000000, ArchiveRelocationMode: 1.
Compressed class space mapped at: 0x0000016794000000-0x00000167d4000000, reserved size: 1073741824
Narrow klass base: 0x0000016793000000, Narrow klass shift: 0, Narrow klass range: 0x100000000

GC Precious Log:
 CardTable entry size: 512
 CPUs: 4 total, 4 available
 Memory: 7885M
 Large Page Support: Disabled
 NUMA Support: Disabled
 Compressed Oops: Enabled (32-bit)
 Alignments: Space 512K, Generation 512K, Heap 2M
 Heap Min Capacity: 100M
 Heap Initial Capacity: 100M
 Heap Max Capacity: 2G
 Pre-touch: Disabled
 Parallel Workers: 4

Heap:
 PSYoungGen      total 10240K, used 9584K [0x00000000d5580000, 0x00000000d6480000, 0x0000000100000000)
  eden space 5120K, 94% used [0x00000000d5580000,0x00000000d5a3c090,0x00000000d5a80000)
  from space 5120K, 92% used [0x00000000d5a80000,0x00000000d5f20000,0x00000000d5f80000)
  to   space 5120K, 0% used [0x00000000d5f80000,0x00000000d5f80000,0x00000000d6480000)
 ParOldGen       total 795648K, used 186650K [0x0000000080000000, 0x00000000b0900000, 0x00000000d5580000)
  object space 795648K, 23% used [0x0000000080000000,0x000000008b646848,0x00000000b0900000)
 Metaspace       used 71436K, committed 72896K, reserved 1114112K
  class space    used 7218K, committed 7936K, reserved 1048576K

Card table byte_map: [0x00000167fa4b0000,0x00000167fa8c0000] _byte_map_base: 0x00000167fa0b0000

Marking Bits: (ParMarkBitMap*) 0x00007ffd7f072460
 Begin Bits: [0x000001678f000000, 0x0000016791000000)
 End Bits:   [0x0000016791000000, 0x0000016793000000)

Polling page: 0x00000167f8940000

Metaspace:

Usage:
  Non-class:     62.71 MB used.
      Class:      7.05 MB used.
       Both:     69.76 MB used.

Virtual space:
  Non-class space:       64.00 MB reserved,      63.44 MB (>99%) committed,  1 nodes.
      Class space:        1.00 GB reserved,       7.75 MB ( <1%) committed,  1 nodes.
             Both:        1.06 GB reserved,      71.19 MB (  7%) committed. 

Chunk freelists:
   Non-Class:  552.00 KB
       Class:  8.30 MB
        Both:  8.84 MB

MaxMetaspaceSize: unlimited
CompressedClassSpaceSize: 1.00 GB
Initial GC threshold: 21.00 MB
Current GC threshold: 117.94 MB
CDS: on
 - commit_granule_bytes: 65536.
 - commit_granule_words: 8192.
 - virtual_space_node_default_size: 8388608.
 - enlarge_chunks_in_place: 1.
 - use_allocation_guard: 0.


Internal statistics:

num_allocs_failed_limit: 9.
num_arena_births: 1460.
num_arena_deaths: 368.
num_vsnodes_births: 2.
num_vsnodes_deaths: 0.
num_space_committed: 1139.
num_space_uncommitted: 0.
num_chunks_returned_to_freelist: 457.
num_chunks_taken_from_freelist: 5048.
num_chunk_merges: 142.
num_chunk_splits: 2969.
num_chunks_enlarged: 1615.
num_inconsistent_stats: 0.

CodeHeap 'non-profiled nmethods': size=120000Kb used=13850Kb max_used=14217Kb free=106149Kb
 bounds [0x0000016787ad0000, 0x00000167888c0000, 0x000001678f000000]
CodeHeap 'profiled nmethods': size=120000Kb used=37076Kb max_used=38262Kb free=82923Kb
 bounds [0x0000016780000000, 0x00000167825a0000, 0x0000016787530000]
CodeHeap 'non-nmethods': size=5760Kb used=1467Kb max_used=1552Kb free=4292Kb
 bounds [0x0000016787530000, 0x00000167877a0000, 0x0000016787ad0000]
CodeCache: size=245760Kb, used=52393Kb, max_used=54031Kb, free=193364Kb
 total_blobs=15757, nmethods=14989, adapters=671, full_count=0
Compilation: enabled, stopped_count=0, restarted_count=0

Compilation events (20 events):
Event: 6538.763 Thread 0x00000167faa46ac0 nmethod 16552 0x0000016780aea710 code [0x0000016780aea8c0, 0x0000016780aeaa98]
Event: 6538.763 Thread 0x00000167faa46ac0 16553   !   3       org.eclipse.core.internal.resources.ResourceInfo::clone (8 bytes)
Event: 6538.763 Thread 0x00000167faa46ac0 nmethod 16553 0x0000016780373e10 code [0x0000016780373fc0, 0x0000016780374150]
Event: 6538.764 Thread 0x00000167faa46ac0 16554       3       org.eclipse.core.internal.dtree.DataDeltaNode::asBackwardDelta (96 bytes)
Event: 6538.765 Thread 0x00000167faa46ac0 nmethod 16554 0x0000016780b2e610 code [0x0000016780b2e840, 0x0000016780b2f140]
Event: 6538.765 Thread 0x00000167faa46ac0 16555       3       org.eclipse.core.internal.dtree.DataDeltaNode::compareWithParent (78 bytes)
Event: 6538.766 Thread 0x00000167faa46ac0 nmethod 16555 0x0000016780574410 code [0x0000016780574640, 0x0000016780574e28]
Event: 6538.766 Thread 0x00000167faa46ac0 16556       3       org.eclipse.core.internal.dtree.NodeComparison::asReverseComparison (67 bytes)
Event: 6538.766 Thread 0x00000167faa46ac0 nmethod 16556 0x0000016780a36910 code [0x0000016780a36ac0, 0x0000016780a36d70]
Event: 6538.766 Thread 0x00000167faa46ac0 16557       1       org.eclipse.core.internal.events.ResourceDeltaInfo::setNodeIDMap (6 bytes)
Event: 6538.766 Thread 0x00000167faa46ac0 nmethod 16557 0x0000016787f9c390 code [0x0000016787f9c520, 0x0000016787f9c600]
Event: 6538.769 Thread 0x00000167faa46ac0 16558       3       org.eclipse.jface.text.ListLineTracker::createLines (261 bytes)
Event: 6538.770 Thread 0x00000167faa46ac0 nmethod 16558 0x00000167800b0010 code [0x00000167800b0300, 0x00000167800b1528]
Event: 6538.770 Thread 0x00000167faa46ac0 16559       1       org.eclipse.core.internal.jobs.JobManager::getLockManager (5 bytes)
Event: 6538.770 Thread 0x00000167faa46ac0 nmethod 16559 0x0000016787e5a290 code [0x0000016787e5a420, 0x0000016787e5a4e8]
Event: 6538.774 Thread 0x00000167faa0c3e0 nmethod 16549 0x0000016787e93810 code [0x0000016787e93a40, 0x0000016787e94398]
Event: 6538.774 Thread 0x00000167faa0c3e0 16548       4       org.eclipse.jdt.internal.core.index.EntryResult::addDocumentName (29 bytes)
Event: 6538.780 Thread 0x00000167faa0c3e0 nmethod 16548 0x0000016787e92d10 code [0x0000016787e92f00, 0x0000016787e93438]
Event: 6538.780 Thread 0x00000167faa0c3e0 16547       4       org.eclipse.jdt.internal.core.index.EntryResult::isEmpty (18 bytes)
Event: 6538.780 Thread 0x00000167faa0c3e0 nmethod 16547 0x0000016787c80f90 code [0x0000016787c81120, 0x0000016787c811d0]

GC Heap History (20 events):
Event: 6537.902 GC heap before
{Heap before GC invocations=368 (full 4):
 PSYoungGen      total 5120K, used 5117K [0x00000000d5580000, 0x00000000d5f80000, 0x0000000100000000)
  eden space 4096K, 100% used [0x00000000d5580000,0x00000000d5980000,0x00000000d5980000)
  from space 1024K, 99% used [0x00000000d5b00000,0x00000000d5bff608,0x00000000d5c00000)
  to   space 3072K, 0% used [0x00000000d5c80000,0x00000000d5c80000,0x00000000d5f80000)
 ParOldGen       total 795648K, used 129952K [0x0000000080000000, 0x00000000b0900000, 0x00000000d5580000)
  object space 795648K, 16% used [0x0000000080000000,0x0000000087ee8150,0x00000000b0900000)
 Metaspace       used 71363K, committed 72896K, reserved 1114112K
  class space    used 7209K, committed 7936K, reserved 1048576K
}
Event: 6537.909 GC heap after
{Heap after GC invocations=368 (full 4):
 PSYoungGen      total 7168K, used 2669K [0x00000000d5580000, 0x00000000d5f80000, 0x0000000100000000)
  eden space 4096K, 0% used [0x00000000d5580000,0x00000000d5580000,0x00000000d5980000)
  from space 3072K, 86% used [0x00000000d5c80000,0x00000000d5f1b740,0x00000000d5f80000)
  to   space 3072K, 0% used [0x00000000d5980000,0x00000000d5980000,0x00000000d5c80000)
 ParOldGen       total 795648K, used 130957K [0x0000000080000000, 0x00000000b0900000, 0x00000000d5580000)
  object space 795648K, 16% used [0x0000000080000000,0x0000000087fe3538,0x00000000b0900000)
 Metaspace       used 71363K, committed 72896K, reserved 1114112K
  class space    used 7209K, committed 7936K, reserved 1048576K
}
Event: 6537.940 GC heap before
{Heap before GC invocations=369 (full 4):
 PSYoungGen      total 7168K, used 6765K [0x00000000d5580000, 0x00000000d5f80000, 0x0000000100000000)
  eden space 4096K, 100% used [0x00000000d5580000,0x00000000d5980000,0x00000000d5980000)
  from space 3072K, 86% used [0x00000000d5c80000,0x00000000d5f1b740,0x00000000d5f80000)
  to   space 3072K, 0% used [0x00000000d5980000,0x00000000d5980000,0x00000000d5c80000)
 ParOldGen       total 795648K, used 130957K [0x0000000080000000, 0x00000000b0900000, 0x00000000d5580000)
  object space 795648K, 16% used [0x0000000080000000,0x0000000087fe3538,0x00000000b0900000)
 Metaspace       used 71365K, committed 72896K, reserved 1114112K
  class space    used 7209K, committed 7936K, reserved 1048576K
}
Event: 6537.953 GC heap after
{Heap after GC invocations=369 (full 4):
 PSYoungGen      total 5120K, used 544K [0x00000000d5580000, 0x00000000d5d00000, 0x0000000100000000)
  eden space 4096K, 0% used [0x00000000d5580000,0x00000000d5580000,0x00000000d5980000)
  from space 1024K, 53% used [0x00000000d5980000,0x00000000d5a08020,0x00000000d5a80000)
  to   space 1536K, 0% used [0x00000000d5b80000,0x00000000d5b80000,0x00000000d5d00000)
 ParOldGen       total 795648K, used 133537K [0x0000000080000000, 0x00000000b0900000, 0x00000000d5580000)
  object space 795648K, 16% used [0x0000000080000000,0x00000000882687c0,0x00000000b0900000)
 Metaspace       used 71365K, committed 72896K, reserved 1114112K
  class space    used 7209K, committed 7936K, reserved 1048576K
}
Event: 6537.979 GC heap before
{Heap before GC invocations=370 (full 4):
 PSYoungGen      total 5120K, used 4640K [0x00000000d5580000, 0x00000000d5d00000, 0x0000000100000000)
  eden space 4096K, 100% used [0x00000000d5580000,0x00000000d5980000,0x00000000d5980000)
  from space 1024K, 53% used [0x00000000d5980000,0x00000000d5a08020,0x00000000d5a80000)
  to   space 1536K, 0% used [0x00000000d5b80000,0x00000000d5b80000,0x00000000d5d00000)
 ParOldGen       total 795648K, used 133537K [0x0000000080000000, 0x00000000b0900000, 0x00000000d5580000)
  object space 795648K, 16% used [0x0000000080000000,0x00000000882687c0,0x00000000b0900000)
 Metaspace       used 71384K, committed 72896K, reserved 1114112K
  class space    used 7213K, committed 7936K, reserved 1048576K
}
Event: 6537.983 GC heap after
{Heap after GC invocations=370 (full 4):
 PSYoungGen      total 4608K, used 256K [0x00000000d5580000, 0x00000000d5c00000, 0x0000000100000000)
  eden space 4096K, 0% used [0x00000000d5580000,0x00000000d5580000,0x00000000d5980000)
  from space 512K, 50% used [0x00000000d5b80000,0x00000000d5bc0000,0x00000000d5c00000)
  to   space 512K, 0% used [0x00000000d5b00000,0x00000000d5b00000,0x00000000d5b80000)
 ParOldGen       total 795648K, used 134009K [0x0000000080000000, 0x00000000b0900000, 0x00000000d5580000)
  object space 795648K, 16% used [0x0000000080000000,0x00000000882de7e0,0x00000000b0900000)
 Metaspace       used 71384K, committed 72896K, reserved 1114112K
  class space    used 7213K, committed 7936K, reserved 1048576K
}
Event: 6538.004 GC heap before
{Heap before GC invocations=371 (full 4):
 PSYoungGen      total 4608K, used 4352K [0x00000000d5580000, 0x00000000d5c00000, 0x0000000100000000)
  eden space 4096K, 100% used [0x00000000d5580000,0x00000000d5980000,0x00000000d5980000)
  from space 512K, 50% used [0x00000000d5b80000,0x00000000d5bc0000,0x00000000d5c00000)
  to   space 512K, 0% used [0x00000000d5b00000,0x00000000d5b00000,0x00000000d5b80000)
 ParOldGen       total 795648K, used 134009K [0x0000000080000000, 0x00000000b0900000, 0x00000000d5580000)
  object space 795648K, 16% used [0x0000000080000000,0x00000000882de7e0,0x00000000b0900000)
 Metaspace       used 71407K, committed 72896K, reserved 1114112K
  class space    used 7218K, committed 7936K, reserved 1048576K
}
Event: 6538.021 GC heap after
{Heap after GC invocations=371 (full 4):
 PSYoungGen      total 5632K, used 512K [0x00000000d5580000, 0x00000000d6380000, 0x0000000100000000)
  eden space 5120K, 0% used [0x00000000d5580000,0x00000000d5580000,0x00000000d5a80000)
  from space 512K, 100% used [0x00000000d5b00000,0x00000000d5b80000,0x00000000d5b80000)
  to   space 4608K, 0% used [0x00000000d5f00000,0x00000000d5f00000,0x00000000d6380000)
 ParOldGen       total 795648K, used 137367K [0x0000000080000000, 0x00000000b0900000, 0x00000000d5580000)
  object space 795648K, 17% used [0x0000000080000000,0x0000000088625db0,0x00000000b0900000)
 Metaspace       used 71407K, committed 72896K, reserved 1114112K
  class space    used 7218K, committed 7936K, reserved 1048576K
}
Event: 6538.068 GC heap before
{Heap before GC invocations=372 (full 4):
 PSYoungGen      total 5632K, used 5632K [0x00000000d5580000, 0x00000000d6380000, 0x0000000100000000)
  eden space 5120K, 100% used [0x00000000d5580000,0x00000000d5a80000,0x00000000d5a80000)
  from space 512K, 100% used [0x00000000d5b00000,0x00000000d5b80000,0x00000000d5b80000)
  to   space 4608K, 0% used [0x00000000d5f00000,0x00000000d5f00000,0x00000000d6380000)
 ParOldGen       total 795648K, used 137367K [0x0000000080000000, 0x00000000b0900000, 0x00000000d5580000)
  object space 795648K, 17% used [0x0000000080000000,0x0000000088625db0,0x00000000b0900000)
 Metaspace       used 71421K, committed 72896K, reserved 1114112K
  class space    used 7218K, committed 7936K, reserved 1048576K
}
Event: 6538.071 GC heap after
{Heap after GC invocations=372 (full 4):
 PSYoungGen      total 6144K, used 900K [0x00000000d5580000, 0x00000000d6000000, 0x0000000100000000)
  eden space 5120K, 0% used [0x00000000d5580000,0x00000000d5580000,0x00000000d5a80000)
  from space 1024K, 87% used [0x00000000d5f00000,0x00000000d5fe1210,0x00000000d6000000)
  to   space 2048K, 0% used [0x00000000d5c00000,0x00000000d5c00000,0x00000000d5e00000)
 ParOldGen       total 795648K, used 137895K [0x0000000080000000, 0x00000000b0900000, 0x00000000d5580000)
  object space 795648K, 17% used [0x0000000080000000,0x00000000886a9db0,0x00000000b0900000)
 Metaspace       used 71421K, committed 72896K, reserved 1114112K
  class space    used 7218K, committed 7936K, reserved 1048576K
}
Event: 6538.230 GC heap before
{Heap before GC invocations=373 (full 4):
 PSYoungGen      total 6144K, used 6020K [0x00000000d5580000, 0x00000000d6000000, 0x0000000100000000)
  eden space 5120K, 100% used [0x00000000d5580000,0x00000000d5a80000,0x00000000d5a80000)
  from space 1024K, 87% used [0x00000000d5f00000,0x00000000d5fe1210,0x00000000d6000000)
  to   space 2048K, 0% used [0x00000000d5c00000,0x00000000d5c00000,0x00000000d5e00000)
 ParOldGen       total 795648K, used 137895K [0x0000000080000000, 0x00000000b0900000, 0x00000000d5580000)
  object space 795648K, 17% used [0x0000000080000000,0x00000000886a9db0,0x00000000b0900000)
 Metaspace       used 71426K, committed 72896K, reserved 1114112K
  class space    used 7218K, committed 7936K, reserved 1048576K
}
Event: 6538.246 GC heap after
{Heap after GC invocations=373 (full 4):
 PSYoungGen      total 7168K, used 2048K [0x00000000d5580000, 0x00000000d6580000, 0x0000000100000000)
  eden space 5120K, 0% used [0x00000000d5580000,0x00000000d5580000,0x00000000d5a80000)
  from space 2048K, 100% used [0x00000000d5c00000,0x00000000d5e00000,0x00000000d5e00000)
  to   space 5632K, 0% used [0x00000000d6000000,0x00000000d6000000,0x00000000d6580000)
 ParOldGen       total 795648K, used 140380K [0x0000000080000000, 0x00000000b0900000, 0x00000000d5580000)
  object space 795648K, 17% used [0x0000000080000000,0x0000000088917040,0x00000000b0900000)
 Metaspace       used 71426K, committed 72896K, reserved 1114112K
  class space    used 7218K, committed 7936K, reserved 1048576K
}
Event: 6538.280 GC heap before
{Heap before GC invocations=374 (full 4):
 PSYoungGen      total 7168K, used 7168K [0x00000000d5580000, 0x00000000d6580000, 0x0000000100000000)
  eden space 5120K, 100% used [0x00000000d5580000,0x00000000d5a80000,0x00000000d5a80000)
  from space 2048K, 100% used [0x00000000d5c00000,0x00000000d5e00000,0x00000000d5e00000)
  to   space 5632K, 0% used [0x00000000d6000000,0x00000000d6000000,0x00000000d6580000)
 ParOldGen       total 795648K, used 140380K [0x0000000080000000, 0x00000000b0900000, 0x00000000d5580000)
  object space 795648K, 17% used [0x0000000080000000,0x0000000088917040,0x00000000b0900000)
 Metaspace       used 71426K, committed 72896K, reserved 1114112K
  class space    used 7218K, committed 7936K, reserved 1048576K
}
Event: 6538.296 GC heap after
{Heap after GC invocations=374 (full 4):
 PSYoungGen      total 10752K, used 5056K [0x00000000d5580000, 0x00000000d6580000, 0x0000000100000000)
  eden space 5120K, 0% used [0x00000000d5580000,0x00000000d5580000,0x00000000d5a80000)
  from space 5632K, 89% used [0x00000000d6000000,0x00000000d64f0000,0x00000000d6580000)
  to   space 5632K, 0% used [0x00000000d5a80000,0x00000000d5a80000,0x00000000d6000000)
 ParOldGen       total 795648K, used 142460K [0x0000000080000000, 0x00000000b0900000, 0x00000000d5580000)
  object space 795648K, 17% used [0x0000000080000000,0x0000000088b1f040,0x00000000b0900000)
 Metaspace       used 71426K, committed 72896K, reserved 1114112K
  class space    used 7218K, committed 7936K, reserved 1048576K
}
Event: 6538.386 GC heap before
{Heap before GC invocations=375 (full 4):
 PSYoungGen      total 10752K, used 10176K [0x00000000d5580000, 0x00000000d6580000, 0x0000000100000000)
  eden space 5120K, 100% used [0x00000000d5580000,0x00000000d5a80000,0x00000000d5a80000)
  from space 5632K, 89% used [0x00000000d6000000,0x00000000d64f0000,0x00000000d6580000)
  to   space 5632K, 0% used [0x00000000d5a80000,0x00000000d5a80000,0x00000000d6000000)
 ParOldGen       total 795648K, used 142460K [0x0000000080000000, 0x00000000b0900000, 0x00000000d5580000)
  object space 795648K, 17% used [0x0000000080000000,0x0000000088b1f040,0x00000000b0900000)
 Metaspace       used 71426K, committed 72896K, reserved 1114112K
  class space    used 7218K, committed 7936K, reserved 1048576K
}
Event: 6538.427 GC heap after
{Heap after GC invocations=375 (full 4):
 PSYoungGen      total 10752K, used 3600K [0x00000000d5580000, 0x00000000d6480000, 0x0000000100000000)
  eden space 5120K, 0% used [0x00000000d5580000,0x00000000d5580000,0x00000000d5a80000)
  from space 5632K, 63% used [0x00000000d5a80000,0x00000000d5e04000,0x00000000d6000000)
  to   space 4608K, 0% used [0x00000000d6000000,0x00000000d6000000,0x00000000d6480000)
 ParOldGen       total 795648K, used 147500K [0x0000000080000000, 0x00000000b0900000, 0x00000000d5580000)
  object space 795648K, 18% used [0x0000000080000000,0x000000008900b040,0x00000000b0900000)
 Metaspace       used 71426K, committed 72896K, reserved 1114112K
  class space    used 7218K, committed 7936K, reserved 1048576K
}
Event: 6538.573 GC heap before
{Heap before GC invocations=376 (full 4):
 PSYoungGen      total 10752K, used 8720K [0x00000000d5580000, 0x00000000d6480000, 0x0000000100000000)
  eden space 5120K, 100% used [0x00000000d5580000,0x00000000d5a80000,0x00000000d5a80000)
  from space 5632K, 63% used [0x00000000d5a80000,0x00000000d5e04000,0x00000000d6000000)
  to   space 4608K, 0% used [0x00000000d6000000,0x00000000d6000000,0x00000000d6480000)
 ParOldGen       total 795648K, used 155180K [0x0000000080000000, 0x00000000b0900000, 0x00000000d5580000)
  object space 795648K, 19% used [0x0000000080000000,0x000000008978b050,0x00000000b0900000)
 Metaspace       used 71426K, committed 72896K, reserved 1114112K
  class space    used 7218K, committed 7936K, reserved 1048576K
}
Event: 6538.594 GC heap after
{Heap after GC invocations=376 (full 4):
 PSYoungGen      total 9728K, used 4587K [0x00000000d5580000, 0x00000000d6480000, 0x0000000100000000)
  eden space 5120K, 0% used [0x00000000d5580000,0x00000000d5580000,0x00000000d5a80000)
  from space 4608K, 99% used [0x00000000d6000000,0x00000000d647afc0,0x00000000d6480000)
  to   space 5120K, 0% used [0x00000000d5a80000,0x00000000d5a80000,0x00000000d5f80000)
 ParOldGen       total 795648K, used 158728K [0x0000000080000000, 0x00000000b0900000, 0x00000000d5580000)
  object space 795648K, 19% used [0x0000000080000000,0x0000000089b02060,0x00000000b0900000)
 Metaspace       used 71426K, committed 72896K, reserved 1114112K
  class space    used 7218K, committed 7936K, reserved 1048576K
}
Event: 6538.624 GC heap before
{Heap before GC invocations=377 (full 4):
 PSYoungGen      total 9728K, used 9599K [0x00000000d5580000, 0x00000000d6480000, 0x0000000100000000)
  eden space 5120K, 97% used [0x00000000d5580000,0x00000000d5a64f40,0x00000000d5a80000)
  from space 4608K, 99% used [0x00000000d6000000,0x00000000d647afc0,0x00000000d6480000)
  to   space 5120K, 0% used [0x00000000d5a80000,0x00000000d5a80000,0x00000000d5f80000)
 ParOldGen       total 795648K, used 170248K [0x0000000080000000, 0x00000000b0900000, 0x00000000d5580000)
  object space 795648K, 21% used [0x0000000080000000,0x000000008a642070,0x00000000b0900000)
 Metaspace       used 71426K, committed 72896K, reserved 1114112K
  class space    used 7218K, committed 7936K, reserved 1048576K
}
Event: 6538.630 GC heap after
{Heap after GC invocations=377 (full 4):
 PSYoungGen      total 10240K, used 4736K [0x00000000d5580000, 0x00000000d6480000, 0x0000000100000000)
  eden space 5120K, 0% used [0x00000000d5580000,0x00000000d5580000,0x00000000d5a80000)
  from space 5120K, 92% used [0x00000000d5a80000,0x00000000d5f20000,0x00000000d5f80000)
  to   space 5120K, 0% used [0x00000000d5f80000,0x00000000d5f80000,0x00000000d6480000)
 ParOldGen       total 795648K, used 175130K [0x0000000080000000, 0x00000000b0900000, 0x00000000d5580000)
  object space 795648K, 22% used [0x0000000080000000,0x000000008ab06838,0x00000000b0900000)
 Metaspace       used 71426K, committed 72896K, reserved 1114112K
  class space    used 7218K, committed 7936K, reserved 1048576K
}

Dll operation events (10 events):
Event: 0.028 Loaded shared library c:\Users\juanb\.antigravity\extensions\redhat.java-1.50.0-win32-x64\jre\21.0.9-win32-x86_64\bin\java.dll
Event: 0.200 Loaded shared library c:\Users\juanb\.antigravity\extensions\redhat.java-1.50.0-win32-x64\jre\21.0.9-win32-x86_64\bin\zip.dll
Event: 0.293 Loaded shared library C:\Users\juanb\.antigravity\extensions\redhat.java-1.50.0-win32-x64\jre\21.0.9-win32-x86_64\bin\instrument.dll
Event: 0.308 Loaded shared library C:\Users\juanb\.antigravity\extensions\redhat.java-1.50.0-win32-x64\jre\21.0.9-win32-x86_64\bin\net.dll
Event: 0.313 Loaded shared library C:\Users\juanb\.antigravity\extensions\redhat.java-1.50.0-win32-x64\jre\21.0.9-win32-x86_64\bin\nio.dll
Event: 0.319 Loaded shared library C:\Users\juanb\.antigravity\extensions\redhat.java-1.50.0-win32-x64\jre\21.0.9-win32-x86_64\bin\zip.dll
Event: 0.702 Loaded shared library C:\Users\juanb\.antigravity\extensions\redhat.java-1.50.0-win32-x64\jre\21.0.9-win32-x86_64\bin\jimage.dll
Event: 1.103 Loaded shared library c:\Users\juanb\.antigravity\extensions\redhat.java-1.50.0-win32-x64\jre\21.0.9-win32-x86_64\bin\verify.dll
Event: 6.460 Loaded shared library C:\Users\juanb\AppData\Roaming\Antigravity\User\globalStorage\redhat.java\1.50.0\config_win\org.eclipse.equinox.launcher\org.eclipse.equinox.launcher.win32.win32.x86_64_1.2.1400.v20250801-0854\eclipse_11916.dll
Event: 12.107 Loaded shared library C:\Users\juanb\AppData\Local\Temp\jna-101475498\jna8635721270495689145.dll

Deoptimization events (20 events):
Event: 6537.969 Thread 0x00000167d9d17830 DEOPT UNPACKING pc=0x0000016787586da2 sp=0x00000019110fe3a0 mode 2
Event: 6537.971 Thread 0x00000167d9d13d20 DEOPT UNPACKING pc=0x0000016787586da2 sp=0x000000190f3fd940 mode 2
Event: 6537.999 Thread 0x00000167d9d16480 Uncommon trap: trap_request=0xffffffde fr.pc=0x0000016787ca804c relative=0x00000000000000ac
Event: 6537.999 Thread 0x00000167d9d16480 Uncommon trap: reason=class_check action=maybe_recompile pc=0x0000016787ca804c method=jdk.internal.util.StrongReferenceKey.equals(Ljava/lang/Object;)Z @ 1 c2
Event: 6537.999 Thread 0x00000167d9d16480 DEOPT PACKING pc=0x0000016787ca804c sp=0x000000190f2fd740
Event: 6537.999 Thread 0x00000167d9d16480 DEOPT UNPACKING pc=0x0000016787586da2 sp=0x000000190f2fd6c8 mode 2
Event: 6537.999 Thread 0x00000167d9d16480 Uncommon trap: trap_request=0xffffff54 fr.pc=0x00000167880350f0 relative=0x00000000000042f0
Event: 6538.001 Thread 0x00000167d9d16480 Uncommon trap: reason=speculate_null_assert action=make_not_entrant pc=0x00000167880350f0 method=jdk.internal.util.ReferencedKeyMap.existingKey(Ljdk/internal/util/ReferencedKeyMap;Ljava/lang/Object;)Ljava/lang/Object; @ 18 c2
Event: 6538.001 Thread 0x00000167d9d16480 DEOPT PACKING pc=0x00000167880350f0 sp=0x000000190f2fd770
Event: 6538.001 Thread 0x00000167d9d16480 DEOPT UNPACKING pc=0x0000016787586da2 sp=0x000000190f2fd630 mode 2
Event: 6538.641 Thread 0x00000167d9d15df0 DEOPT PACKING pc=0x0000016781dda27e sp=0x000000190f4fd600
Event: 6538.641 Thread 0x00000167d9d15df0 DEOPT UNPACKING pc=0x00000167875878e2 sp=0x000000190f4fca98 mode 0
Event: 6538.746 Thread 0x00000167ff73a190 Uncommon trap: trap_request=0xffffff6e fr.pc=0x0000016787e537e0 relative=0x0000000000000820
Event: 6538.746 Thread 0x00000167ff73a190 Uncommon trap: reason=loop_limit_check action=maybe_recompile pc=0x0000016787e537e0 method=org.eclipse.jdt.internal.core.util.SimpleWordSet.rehash()V @ 44 c2
Event: 6538.746 Thread 0x00000167ff73a190 DEOPT PACKING pc=0x0000016787e537e0 sp=0x00000019112fea00
Event: 6538.746 Thread 0x00000167ff73a190 DEOPT UNPACKING pc=0x0000016787586da2 sp=0x00000019112fe9a0 mode 2
Event: 6538.751 Thread 0x00000167ff73a190 Uncommon trap: trap_request=0xffffff45 fr.pc=0x0000016787c65ff0 relative=0x0000000000000e70
Event: 6538.751 Thread 0x00000167ff73a190 Uncommon trap: reason=unstable_if action=reinterpret pc=0x0000016787c65ff0 method=org.eclipse.jdt.internal.core.index.DiskIndex.addQueryResult(Lorg/eclipse/jdt/internal/compiler/util/HashtableOfObject;[CLjava/lang/Object;Lorg/eclipse/jdt/internal/core/ind
Event: 6538.752 Thread 0x00000167ff73a190 DEOPT PACKING pc=0x0000016787c65ff0 sp=0x00000019112fedc0
Event: 6538.752 Thread 0x00000167ff73a190 DEOPT UNPACKING pc=0x0000016787586da2 sp=0x00000019112fed50 mode 2

Classes loaded (20 events):
Event: 2144.576 Loading class java/nio/file/Path$1
Event: 2144.578 Loading class java/nio/file/Path$1 done
Event: 2242.065 Loading class java/util/stream/Nodes$CollectorTask$OfRef
Event: 2242.066 Loading class java/util/stream/Nodes$CollectorTask
Event: 2242.069 Loading class java/util/stream/Nodes$CollectorTask done
Event: 2242.069 Loading class java/util/stream/Nodes$CollectorTask$OfRef done
Event: 2242.074 Loading class java/util/function/LongFunction
Event: 2242.075 Loading class java/util/function/LongFunction done
Event: 2242.076 Loading class java/util/stream/Nodes$ConcNode
Event: 2242.077 Loading class java/util/stream/Nodes$AbstractConcNode
Event: 2242.081 Loading class java/util/stream/Nodes$AbstractConcNode done
Event: 2242.081 Loading class java/util/stream/Nodes$ConcNode done
Event: 2242.086 Loading class java/io/ObjectOutputStream$BlockDataOutputStream
Event: 2242.088 Loading class java/io/ObjectOutputStream$BlockDataOutputStream done
Event: 2242.088 Loading class java/io/ObjectOutputStream$HandleTable
Event: 2242.089 Loading class java/io/ObjectOutputStream$HandleTable done
Event: 2242.089 Loading class java/io/ObjectOutputStream$ReplaceTable
Event: 2242.089 Loading class java/io/ObjectOutputStream$ReplaceTable done
Event: 6537.930 Loading class jdk/internal/module/IllegalAccessLogger
Event: 6537.930 Loading class jdk/internal/module/IllegalAccessLogger done

Classes unloaded (20 events):
Event: 2113.934 Thread 0x00000167fabb0be0 Unloading class 0x0000016794017400 'java/lang/invoke/LambdaForm$MH+0x0000016794017400'
Event: 2113.934 Thread 0x00000167fabb0be0 Unloading class 0x0000016794016400 'java/lang/invoke/LambdaForm$MH+0x0000016794016400'
Event: 2113.934 Thread 0x00000167fabb0be0 Unloading class 0x000001679400d800 'java/lang/invoke/LambdaForm$MH+0x000001679400d800'
Event: 2113.934 Thread 0x00000167fabb0be0 Unloading class 0x000001679400d400 'java/lang/invoke/LambdaForm$MH+0x000001679400d400'
Event: 2113.934 Thread 0x00000167fabb0be0 Unloading class 0x000001679400d000 'java/lang/invoke/LambdaForm$MH+0x000001679400d000'
Event: 2113.934 Thread 0x00000167fabb0be0 Unloading class 0x000001679400cc00 'java/lang/invoke/LambdaForm$MH+0x000001679400cc00'
Event: 2113.934 Thread 0x00000167fabb0be0 Unloading class 0x000001679400c800 'java/lang/invoke/LambdaForm$BMH+0x000001679400c800'
Event: 2113.934 Thread 0x00000167fabb0be0 Unloading class 0x000001679400c000 'java/lang/invoke/LambdaForm$DMH+0x000001679400c000'
Event: 2113.935 Thread 0x00000167fabb0be0 Unloading class 0x0000016794008c00 'java/lang/invoke/LambdaForm$MH+0x0000016794008c00'
Event: 2113.935 Thread 0x00000167fabb0be0 Unloading class 0x0000016794008800 'java/lang/invoke/LambdaForm$MH+0x0000016794008800'
Event: 2113.935 Thread 0x00000167fabb0be0 Unloading class 0x0000016794008400 'java/lang/invoke/LambdaForm$MH+0x0000016794008400'
Event: 2113.935 Thread 0x00000167fabb0be0 Unloading class 0x0000016794007000 'java/lang/invoke/LambdaForm$MH+0x0000016794007000'
Event: 2113.935 Thread 0x00000167fabb0be0 Unloading class 0x0000016794006800 'java/lang/invoke/LambdaForm$MH+0x0000016794006800'
Event: 2113.935 Thread 0x00000167fabb0be0 Unloading class 0x0000016794006400 'java/lang/invoke/LambdaForm$MH+0x0000016794006400'
Event: 2113.935 Thread 0x00000167fabb0be0 Unloading class 0x0000016794006000 'java/lang/invoke/LambdaForm$MH+0x0000016794006000'
Event: 2113.935 Thread 0x00000167fabb0be0 Unloading class 0x0000016794005c00 'java/lang/invoke/LambdaForm$BMH+0x0000016794005c00'
Event: 2113.935 Thread 0x00000167fabb0be0 Unloading class 0x0000016794004800 'java/lang/invoke/LambdaForm$DMH+0x0000016794004800'
Event: 2113.935 Thread 0x00000167fabb0be0 Unloading class 0x0000016794002400 'java/lang/invoke/LambdaForm$MH+0x0000016794002400'
Event: 2113.935 Thread 0x00000167fabb0be0 Unloading class 0x0000016794002000 'java/lang/invoke/LambdaForm$MH+0x0000016794002000'
Event: 2113.935 Thread 0x00000167fabb0be0 Unloading class 0x0000016794001800 'java/lang/invoke/LambdaForm$MH+0x0000016794001800'

Classes redefined (0 events):
No events

Internal exceptions (20 events):
Event: 2040.306 Thread 0x00000167ff73a190 Exception <a 'sun/nio/fs/WindowsException'{0x00000000d55a2438}> (0x00000000d55a2438) 
thrown [s\src\hotspot\share\prims\jni.cpp, line 520]
Event: 2041.129 Thread 0x00000167ff73a190 Exception <a 'sun/nio/fs/WindowsException'{0x00000000d575c170}> (0x00000000d575c170) 
thrown [s\src\hotspot\share\prims\jni.cpp, line 520]
Event: 2108.798 Thread 0x00000167ff73a190 Exception <a 'sun/nio/fs/WindowsException'{0x00000000d5662738}> (0x00000000d5662738) 
thrown [s\src\hotspot\share\prims\jni.cpp, line 520]
Event: 2111.752 Thread 0x00000167ff73a190 Exception <a 'sun/nio/fs/WindowsException'{0x00000000d568a8a0}> (0x00000000d568a8a0) 
thrown [s\src\hotspot\share\prims\jni.cpp, line 520]
Event: 2144.573 Thread 0x00000167d9d19900 Exception <a 'sun/nio/fs/WindowsException'{0x00000000d5770980}> (0x00000000d5770980) 
thrown [s\src\hotspot\share\prims\jni.cpp, line 520]
Event: 2144.573 Thread 0x00000167d9d19900 Exception <a 'sun/nio/fs/WindowsException'{0x00000000d57710f8}> (0x00000000d57710f8) 
thrown [s\src\hotspot\share\prims\jni.cpp, line 520]
Event: 2242.042 Thread 0x00000167d9d19900 Implicit null exception at 0x0000016787d7d80e to 0x0000016787d7d8b5
Event: 2242.058 Thread 0x00000167d9d19900 Exception <a 'sun/nio/fs/WindowsException'{0x00000000d5664908}> (0x00000000d5664908) 
thrown [s\src\hotspot\share\prims\jni.cpp, line 520]
Event: 2242.058 Thread 0x00000167d9d19900 Exception <a 'sun/nio/fs/WindowsException'{0x00000000d56651f8}> (0x00000000d56651f8) 
thrown [s\src\hotspot\share\prims\jni.cpp, line 520]
Event: 2242.059 Thread 0x00000167d9d19900 Implicit null exception at 0x000001678812ab86 to 0x000001678812ae24
Event: 2242.091 Thread 0x00000167d9d19900 Implicit null exception at 0x000001678858c2b9 to 0x000001678858c541
Event: 2242.100 Thread 0x00000167d9d19900 Implicit null exception at 0x00000167880d07b5 to 0x00000167880d0a3d
Event: 2242.125 Thread 0x00000167d9d19900 Exception <a 'java/lang/NoSuchMethodError'{0x00000000d5811028}: static Lorg/eclipse/m2e/core/internal/lifecyclemapping/model/PluginExecutionMetadata;.<clinit>()V> (0x00000000d5811028) 
thrown [s\src\hotspot\share\prims\jni.cpp, line 1111]
Event: 2242.127 Thread 0x00000167d9d19900 Exception <a 'java/lang/NoSuchMethodError'{0x00000000d5834860}: static Lorg/eclipse/m2e/core/internal/lifecyclemapping/model/PluginExecutionFilter;.<clinit>()V> (0x00000000d5834860) 
thrown [s\src\hotspot\share\prims\jni.cpp, line 1111]
Event: 2242.128 Thread 0x00000167d9d19900 Exception <a 'java/lang/NoSuchMethodError'{0x00000000d584fc48}: static Lorg/eclipse/m2e/core/internal/project/registry/MavenProjectFacade$MavenProjectConfiguration;.<clinit>()V> (0x00000000d584fc48) 
thrown [s\src\hotspot\share\prims\jni.cpp, line 1111]
Event: 2242.130 Thread 0x00000167d9d19900 Exception <a 'java/lang/NoSuchMethodError'{0x00000000d586c368}: static [J.<clinit>()V> (0x00000000d586c368) 
thrown [s\src\hotspot\share\prims\jni.cpp, line 1111]
Event: 2242.140 Thread 0x00000167d9d19900 Exception <a 'java/lang/NoSuchMethodError'{0x00000000d58a5b48}: 'java.lang.Object java.lang.invoke.DirectMethodHandle$Holder.newInvokeSpecial(java.lang.Object, java.lang.Object, java.lang.Object, java.lang.Object, java.lang.Object, java.lang.Object, java.lang.Object, java.lang.Object)'> (0x00000000d58a5b48) 
thrown [s\src\hotspot\share\interpreter\linkResolver.cpp, line 773]
Event: 6383.777 Thread 0x00000167d9d13690 Implicit null exception at 0x0000016788272493 to 0x0000016788276524
Event: 6537.956 Thread 0x00000167ff73a190 Exception <a 'sun/nio/fs/WindowsException'{0x00000000d57139d8}> (0x00000000d57139d8) 
thrown [s\src\hotspot\share\prims\jni.cpp, line 520]
Event: 6538.730 Thread 0x00000167ff73a190 Exception <a 'sun/nio/fs/WindowsException'{0x00000000d57e8a60}> (0x00000000d57e8a60) 
thrown [s\src\hotspot\share\prims\jni.cpp, line 520]

ZGC Phase Switch (0 events):
No events

VM Operations (20 events):
Event: 6538.004 Executing VM operation: ParallelGCFailedAllocation (Allocation Failure)
Event: 6538.021 Executing VM operation: ParallelGCFailedAllocation (Allocation Failure) done
Event: 6538.067 Executing VM operation: ParallelGCFailedAllocation (Allocation Failure)
Event: 6538.071 Executing VM operation: ParallelGCFailedAllocation (Allocation Failure) done
Event: 6538.230 Executing VM operation: ParallelGCFailedAllocation (Allocation Failure)
Event: 6538.246 Executing VM operation: ParallelGCFailedAllocation (Allocation Failure) done
Event: 6538.280 Executing VM operation: ParallelGCFailedAllocation (Allocation Failure)
Event: 6538.296 Executing VM operation: ParallelGCFailedAllocation (Allocation Failure) done
Event: 6538.385 Executing VM operation: ParallelGCFailedAllocation (Allocation Failure)
Event: 6538.427 Executing VM operation: ParallelGCFailedAllocation (Allocation Failure) done
Event: 6538.541 Executing VM operation: ParallelGCFailedAllocation (Allocation Failure)
Event: 6538.594 Executing VM operation: ParallelGCFailedAllocation (Allocation Failure) done
Event: 6538.618 Executing VM operation: ParallelGCFailedAllocation (Allocation Failure)
Event: 6538.631 Executing VM operation: ParallelGCFailedAllocation (Allocation Failure) done
Event: 6539.632 Executing VM operation: Cleanup
Event: 6539.632 Executing VM operation: Cleanup done
Event: 6592.270 Executing VM operation: HandshakeAllThreads (HandshakeForDeflation)
Event: 6592.270 Executing VM operation: HandshakeAllThreads (HandshakeForDeflation) done
Event: 6592.270 Executing VM operation: RendezvousGCThreads
Event: 6592.270 Executing VM operation: RendezvousGCThreads done

Memory protections (0 events):
No events

Nmethod flushes (20 events):
Event: 2114.158 Thread 0x00000167fabb0be0 flushing  nmethod 0x00000167810bff90
Event: 2114.158 Thread 0x00000167fabb0be0 flushing  nmethod 0x00000167810c2990
Event: 2114.158 Thread 0x00000167fabb0be0 flushing  nmethod 0x00000167810c4a10
Event: 2114.158 Thread 0x00000167fabb0be0 flushing  nmethod 0x00000167810c6f90
Event: 2114.158 Thread 0x00000167fabb0be0 flushing  nmethod 0x00000167810c9890
Event: 2114.158 Thread 0x00000167fabb0be0 flushing  nmethod 0x00000167810ccb10
Event: 2114.158 Thread 0x00000167fabb0be0 flushing  nmethod 0x00000167810d7390
Event: 2114.158 Thread 0x00000167fabb0be0 flushing  nmethod 0x00000167810db510
Event: 2114.158 Thread 0x00000167fabb0be0 flushing  nmethod 0x00000167810dc310
Event: 2114.158 Thread 0x00000167fabb0be0 flushing  nmethod 0x00000167810e0a10
Event: 2114.158 Thread 0x00000167fabb0be0 flushing  nmethod 0x000001678110d490
Event: 2114.158 Thread 0x00000167fabb0be0 flushing  nmethod 0x000001678112b210
Event: 2114.158 Thread 0x00000167fabb0be0 flushing  nmethod 0x0000016781151a10
Event: 2114.158 Thread 0x00000167fabb0be0 flushing  nmethod 0x0000016781189590
Event: 2114.158 Thread 0x00000167fabb0be0 flushing  nmethod 0x00000167811d3090
Event: 2114.158 Thread 0x00000167fabb0be0 flushing  nmethod 0x00000167811e7090
Event: 2114.158 Thread 0x00000167fabb0be0 flushing  nmethod 0x00000167811f9e10
Event: 2114.159 Thread 0x00000167fabb0be0 flushing  nmethod 0x0000016781215810
Event: 2114.159 Thread 0x00000167fabb0be0 flushing  nmethod 0x0000016781231410
Event: 2114.159 Thread 0x00000167fabb0be0 flushing  nmethod 0x000001678125aa10

Events (20 events):
Event: 2242.082 Thread 0x00000167d9d13d20 Thread exited: 0x00000167d9d13d20
Event: 2242.153 Thread 0x00000167faa0c3e0 Thread added: 0x00000167da7f46e0
Event: 2242.260 Thread 0x00000167d9d16480 Thread added: 0x00000167d9d15df0
Event: 2242.262 Thread 0x00000167da7f46e0 Thread exited: 0x00000167da7f46e0
Event: 2302.261 Thread 0x00000167d9d19900 Thread exited: 0x00000167d9d19900
Event: 2409.093 Thread 0x00000167d9d13690 Thread exited: 0x00000167d9d13690
Event: 2411.690 Thread 0x00000167d9d1a620 Thread exited: 0x00000167d9d1a620
Event: 6380.998 Thread 0x00000167d9d143b0 Thread added: 0x00000167d9d13690
Event: 6381.194 Thread 0x00000167d9d143b0 Thread added: 0x00000167d9d13d20
Event: 6443.824 Thread 0x00000167d9d13690 Thread exited: 0x00000167d9d13690
Event: 6503.835 Thread 0x00000167d9d13d20 Thread exited: 0x00000167d9d13d20
Event: 6535.295 Thread 0x00000167d9d143b0 Thread added: 0x00000167d9d13d20
Event: 6537.367 Thread 0x00000167d9d16480 Thread added: 0x00000167d9d13690
Event: 6537.609 Thread 0x00000167d9d15df0 Thread added: 0x00000167d9d18be0
Event: 6537.935 Thread 0x00000167d9d15df0 Thread added: 0x00000167d9d17830
Event: 6537.964 Thread 0x00000167d9d13690 Thread added: 0x00000167d9d19900
Event: 6598.038 Thread 0x00000167d9d17830 Thread exited: 0x00000167d9d17830
Event: 6598.053 Thread 0x00000167d9d13d20 Thread exited: 0x00000167d9d13d20
Event: 6598.783 Thread 0x00000167d9d15df0 Thread exited: 0x00000167d9d15df0
Event: 6599.736 Thread 0x00000167d9d19900 Thread exited: 0x00000167d9d19900


Dynamic libraries:
0x00007ff667690000 - 0x00007ff66769e000 	c:\Users\juanb\.antigravity\extensions\redhat.java-1.50.0-win32-x64\jre\21.0.9-win32-x86_64\bin\java.exe
0x00007ffe28360000 - 0x00007ffe285c8000 	C:\WINDOWS\SYSTEM32\ntdll.dll
0x00007ffe269d0000 - 0x00007ffe26a99000 	C:\WINDOWS\System32\KERNEL32.DLL
0x00007ffe25620000 - 0x00007ffe25a18000 	C:\WINDOWS\System32\KERNELBASE.dll
0x00007ffe25a20000 - 0x00007ffe25b6b000 	C:\WINDOWS\System32\ucrtbase.dll
0x00007ffe14b80000 - 0x00007ffe14b98000 	c:\Users\juanb\.antigravity\extensions\redhat.java-1.50.0-win32-x64\jre\21.0.9-win32-x86_64\bin\jli.dll
0x00007ffe26680000 - 0x00007ffe26847000 	C:\WINDOWS\System32\USER32.dll
0x00007ffe25b70000 - 0x00007ffe25b97000 	C:\WINDOWS\System32\win32u.dll
0x00007ffe26990000 - 0x00007ffe269bb000 	C:\WINDOWS\System32\GDI32.dll
0x00007ffe25fd0000 - 0x00007ffe260fc000 	C:\WINDOWS\System32\gdi32full.dll
0x00007ffe25f20000 - 0x00007ffe25fc3000 	C:\WINDOWS\System32\msvcp_win.dll
0x00007ffe118d0000 - 0x00007ffe11b64000 	C:\WINDOWS\WinSxS\amd64_microsoft.windows.common-controls_6595b64144ccf1df_6.0.26100.7019_none_3e06ffa0e335b8a8\COMCTL32.dll
0x00007ffe268e0000 - 0x00007ffe26989000 	C:\WINDOWS\System32\msvcrt.dll
0x00007ffe0c830000 - 0x00007ffe0c84e000 	c:\Users\juanb\.antigravity\extensions\redhat.java-1.50.0-win32-x64\jre\21.0.9-win32-x86_64\bin\VCRUNTIME140.dll
0x00007ffe281c0000 - 0x00007ffe281f1000 	C:\WINDOWS\System32\IMM32.DLL
0x00007ffe14900000 - 0x00007ffe1490c000 	c:\Users\juanb\.antigravity\extensions\redhat.java-1.50.0-win32-x64\jre\21.0.9-win32-x86_64\bin\vcruntime140_1.dll
0x00007ffe03c70000 - 0x00007ffe03cfd000 	c:\Users\juanb\.antigravity\extensions\redhat.java-1.50.0-win32-x64\jre\21.0.9-win32-x86_64\bin\msvcp140.dll
0x00007ffd7e3b0000 - 0x00007ffd7f150000 	c:\Users\juanb\.antigravity\extensions\redhat.java-1.50.0-win32-x64\jre\21.0.9-win32-x86_64\bin\server\jvm.dll
0x00007ffe28080000 - 0x00007ffe28134000 	C:\WINDOWS\System32\ADVAPI32.dll
0x00007ffe28200000 - 0x00007ffe282a6000 	C:\WINDOWS\System32\sechost.dll
0x00007ffe27030000 - 0x00007ffe27148000 	C:\WINDOWS\System32\RPCRT4.dll
0x00007ffe28140000 - 0x00007ffe281b4000 	C:\WINDOWS\System32\WS2_32.dll
0x00007ffe25310000 - 0x00007ffe2536e000 	C:\WINDOWS\SYSTEM32\POWRPROF.dll
0x00007ffe142f0000 - 0x00007ffe14325000 	C:\WINDOWS\SYSTEM32\WINMM.dll
0x00007ffe1cf70000 - 0x00007ffe1cf7b000 	C:\WINDOWS\SYSTEM32\VERSION.dll
0x00007ffe252f0000 - 0x00007ffe25304000 	C:\WINDOWS\SYSTEM32\UMPDC.dll
0x00007ffe24270000 - 0x00007ffe2428b000 	C:\WINDOWS\SYSTEM32\kernel.appcore.dll
0x00007ffe14100000 - 0x00007ffe1410a000 	c:\Users\juanb\.antigravity\extensions\redhat.java-1.50.0-win32-x64\jre\21.0.9-win32-x86_64\bin\jimage.dll
0x00007ffe22590000 - 0x00007ffe227d2000 	C:\WINDOWS\SYSTEM32\DBGHELP.DLL
0x00007ffe262f0000 - 0x00007ffe2667b000 	C:\WINDOWS\System32\combase.dll
0x00007ffe26f50000 - 0x00007ffe27027000 	C:\WINDOWS\System32\OLEAUT32.dll
0x00007ffe0aa30000 - 0x00007ffe0aa6c000 	C:\WINDOWS\SYSTEM32\dbgcore.DLL
0x00007ffe25e70000 - 0x00007ffe25f15000 	C:\WINDOWS\System32\bcryptPrimitives.dll
0x00007ffe11600000 - 0x00007ffe1160f000 	c:\Users\juanb\.antigravity\extensions\redhat.java-1.50.0-win32-x64\jre\21.0.9-win32-x86_64\bin\instrument.dll
0x00007ffe10850000 - 0x00007ffe10870000 	c:\Users\juanb\.antigravity\extensions\redhat.java-1.50.0-win32-x64\jre\21.0.9-win32-x86_64\bin\java.dll
0x00007ffe27460000 - 0x00007ffe27baf000 	C:\WINDOWS\System32\SHELL32.dll
0x00007ffe254b0000 - 0x00007ffe2561b000 	C:\WINDOWS\System32\wintypes.dll
0x00007ffe230d0000 - 0x00007ffe2392d000 	C:\WINDOWS\SYSTEM32\windows.storage.dll
0x00007ffe27d20000 - 0x00007ffe27e12000 	C:\WINDOWS\System32\SHCORE.dll
0x00007ffe282b0000 - 0x00007ffe28317000 	C:\WINDOWS\System32\shlwapi.dll
0x00007ffe253d0000 - 0x00007ffe253f9000 	C:\WINDOWS\SYSTEM32\profapi.dll
0x00007ffe14200000 - 0x00007ffe14218000 	c:\Users\juanb\.antigravity\extensions\redhat.java-1.50.0-win32-x64\jre\21.0.9-win32-x86_64\bin\zip.dll
0x00007ffe141f0000 - 0x00007ffe14200000 	C:\Users\juanb\.antigravity\extensions\redhat.java-1.50.0-win32-x64\jre\21.0.9-win32-x86_64\bin\net.dll
0x00007ffe19bf0000 - 0x00007ffe19d18000 	C:\WINDOWS\SYSTEM32\WINHTTP.dll
0x00007ffe247e0000 - 0x00007ffe2484b000 	C:\WINDOWS\system32\mswsock.dll
0x00007ffe10830000 - 0x00007ffe10846000 	C:\Users\juanb\.antigravity\extensions\redhat.java-1.50.0-win32-x64\jre\21.0.9-win32-x86_64\bin\nio.dll
0x00007ffe14250000 - 0x00007ffe14260000 	c:\Users\juanb\.antigravity\extensions\redhat.java-1.50.0-win32-x64\jre\21.0.9-win32-x86_64\bin\verify.dll
0x00007ffe03c20000 - 0x00007ffe03c64000 	C:\Users\juanb\AppData\Roaming\Antigravity\User\globalStorage\redhat.java\1.50.0\config_win\org.eclipse.equinox.launcher\org.eclipse.equinox.launcher.win32.win32.x86_64_1.2.1400.v20250801-0854\eclipse_11916.dll
0x00007ffe27150000 - 0x00007ffe272e7000 	C:\WINDOWS\System32\ole32.dll
0x00007ffe24aa0000 - 0x00007ffe24abb000 	C:\WINDOWS\SYSTEM32\CRYPTSP.dll
0x00007ffe241d0000 - 0x00007ffe2420a000 	C:\WINDOWS\system32\rsaenh.dll
0x00007ffe24890000 - 0x00007ffe248bb000 	C:\WINDOWS\SYSTEM32\USERENV.dll
0x00007ffe253a0000 - 0x00007ffe253ca000 	C:\WINDOWS\SYSTEM32\bcrypt.dll
0x00007ffe24ac0000 - 0x00007ffe24acc000 	C:\WINDOWS\SYSTEM32\CRYPTBASE.dll
0x00007ffe23c60000 - 0x00007ffe23c94000 	C:\WINDOWS\SYSTEM32\IPHLPAPI.DLL
0x00007ffe269c0000 - 0x00007ffe269ca000 	C:\WINDOWS\System32\NSI.dll
0x00007ffdede20000 - 0x00007ffdede69000 	C:\Users\juanb\AppData\Local\Temp\jna-101475498\jna8635721270495689145.dll
0x00007ffe262b0000 - 0x00007ffe262b8000 	C:\WINDOWS\System32\PSAPI.DLL
0x00007ffe1cf80000 - 0x00007ffe1cf9e000 	C:\WINDOWS\SYSTEM32\dhcpcsvc6.DLL
0x00007ffe19d20000 - 0x00007ffe19d43000 	C:\WINDOWS\SYSTEM32\dhcpcsvc.DLL

JVMTI agents:
c:\Users\juanb\.antigravity\extensions\redhat.java-1.50.0-win32-x64\lombok\lombok-1.18.39-4050.jar path:c:\Users\juanb\.antigravity\extensions\redhat.java-1.50.0-win32-x64\jre\21.0.9-win32-x86_64\bin\instrument.dll, loaded, initialized, instrumentlib options:none

dbghelp: loaded successfully - version: 4.0.5 - missing functions: none
symbol engine: initialized successfully - sym options: 0x614 - pdb path: .;c:\Users\juanb\.antigravity\extensions\redhat.java-1.50.0-win32-x64\jre\21.0.9-win32-x86_64\bin;C:\WINDOWS\SYSTEM32;C:\WINDOWS\WinSxS\amd64_microsoft.windows.common-controls_6595b64144ccf1df_6.0.26100.7019_none_3e06ffa0e335b8a8;c:\Users\juanb\.antigravity\extensions\redhat.java-1.50.0-win32-x64\jre\21.0.9-win32-x86_64\bin\server;C:\Users\juanb\AppData\Roaming\Antigravity\User\globalStorage\redhat.java\1.50.0\config_win\org.eclipse.equinox.launcher\org.eclipse.equinox.launcher.win32.win32.x86_64_1.2.1400.v20250801-0854;C:\Users\juanb\AppData\Local\Temp\jna-101475498

VM Arguments:
jvm_args: --add-modules=ALL-SYSTEM --add-opens=java.base/java.util=ALL-UNNAMED --add-opens=java.base/java.lang=ALL-UNNAMED --add-opens=java.base/sun.nio.fs=ALL-UNNAMED -Declipse.application=org.eclipse.jdt.ls.core.id1 -Dosgi.bundles.defaultStartLevel=4 -Declipse.product=org.eclipse.jdt.ls.core.product -Djava.import.generatesMetadataFilesAtProjectRoot=false -DDetectVMInstallationsJob.disabled=true -Dfile.encoding=utf8 -XX:+UseParallelGC -XX:GCTimeRatio=4 -XX:AdaptiveSizePolicyWeight=90 -Dsun.zip.disableMemoryMapping=true -Xmx2G -Xms100m -Xlog:disable -javaagent:c:\Users\juanb\.antigravity\extensions\redhat.java-1.50.0-win32-x64\lombok\lombok-1.18.39-4050.jar -XX:+HeapDumpOnOutOfMemoryError -XX:HeapDumpPath=c:\Users\juanb\AppData\Roaming\Antigravity\User\workspaceStorage\945df90eec9aabffa7a7b0fd25b8c26d\redhat.java -Daether.dependencyCollector.impl=bf 
java_command: c:\Users\juanb\.antigravity\extensions\redhat.java-1.50.0-win32-x64\server\plugins\org.eclipse.equinox.launcher_1.7.100.v20251111-0406.jar -configuration c:\Users\juanb\AppData\Roaming\Antigravity\User\globalStorage\redhat.java\1.50.0\config_win -data c:\Users\juanb\AppData\Roaming\Antigravity\User\workspaceStorage\945df90eec9aabffa7a7b0fd25b8c26d\redhat.java\jdt_ws --pipe=\\.\pipe\lsp-4d00d7e459dd674f7326155af7bf2274-sock
java_class_path (initial): c:\Users\juanb\.antigravity\extensions\redhat.java-1.50.0-win32-x64\server\plugins\org.eclipse.equinox.launcher_1.7.100.v20251111-0406.jar
Launcher Type: SUN_STANDARD

[Global flags]
    uintx AdaptiveSizePolicyWeight                 = 90                                        {product} {command line}
     intx CICompilerCount                          = 3                                         {product} {ergonomic}
    uintx GCTimeRatio                              = 4                                         {product} {command line}
     bool HeapDumpOnOutOfMemoryError               = true                                   {manageable} {command line}
    ccstr HeapDumpPath                             = c:\Users\juanb\AppData\Roaming\Antigravity\User\workspaceStorage\945df90eec9aabffa7a7b0fd25b8c26d\redhat.java         {manageable} {command line}
   size_t InitialHeapSize                          = 104857600                                 {product} {command line}
   size_t MaxHeapSize                              = 2147483648                                {product} {command line}
   size_t MaxNewSize                               = 715653120                                 {product} {ergonomic}
   size_t MinHeapDeltaBytes                        = 524288                                    {product} {ergonomic}
   size_t MinHeapSize                              = 104857600                                 {product} {command line}
   size_t NewSize                                  = 34603008                                  {product} {ergonomic}
    uintx NonNMethodCodeHeapSize                   = 5832780                                {pd product} {ergonomic}
    uintx NonProfiledCodeHeapSize                  = 122912730                              {pd product} {ergonomic}
   size_t OldSize                                  = 70254592                                  {product} {ergonomic}
    uintx ProfiledCodeHeapSize                     = 122912730                              {pd product} {ergonomic}
    uintx ReservedCodeCacheSize                    = 251658240                              {pd product} {ergonomic}
     bool SegmentedCodeCache                       = true                                      {product} {ergonomic}
   size_t SoftMaxHeapSize                          = 2147483648                             {manageable} {ergonomic}
     bool UseCompressedOops                        = true                           {product lp64_product} {ergonomic}
     bool UseLargePagesIndividualAllocation        = false                                  {pd product} {ergonomic}
     bool UseParallelGC                            = true                                      {product} {command line}

Logging:
Log output configuration:
 #0: stdout all=off uptime,level,tags foldmultilines=false
 #1: stderr all=off uptime,level,tags foldmultilines=false

Release file:
JAVA_VERSION="21.0.9" 
MODULES="java.base java.compiler java.datatransfer java.xml java.prefs java.desktop java.instrument java.logging java.management java.security.sasl java.naming java.rmi java.management.rmi java.net.http java.scripting java.security.jgss java.transaction.xa java.sql java.sql.rowset java.xml.crypto java.se java.smartcardio jdk.accessibility jdk.internal.jvmstat jdk.attach jdk.charsets jdk.internal.opt jdk.zipfs jdk.compiler jdk.crypto.ec jdk.crypto.cryptoki jdk.crypto.mscapi jdk.dynalink jdk.internal.ed jdk.editpad jdk.hotspot.agent jdk.httpserver jdk.internal.le jdk.internal.vm.ci jdk.internal.vm.compiler jdk.internal.vm.compiler.management jdk.jartool jdk.javadoc jdk.jcmd jdk.management jdk.management.agent jdk.jconsole jdk.jdeps jdk.jdwp.agent jdk.jdi jdk.jfr jdk.jshell jdk.jsobject jdk.jstatd jdk.localedata jdk.management.jfr jdk.naming.dns jdk.naming.rmi jdk.net jdk.nio.mapmode jdk.random jdk.sctp jdk.security.auth jdk.security.jgss jdk.unsupported jdk.unsupported.desktop jdk.xml.dom" 

Environment Variables:
JAVA_HOME=C:\Program Files\Java\jdk-23
PATH=C:\Program Files (x86)\Common Files\Oracle\Java\javapath;C:\Program Files\PostgreSQL\17\bin;C:\Program Files\Git\cmd;C:\Program Files\Git\mingw64\bin;C:\Program Files\Git\usr\bin;C:\ProgramData\chocolatey\bin;C:\Program Files\dotnet\;C:\Windows\System32;C:\sonarqube-25.8.0.112029\bin;C:\sonarqube-25.8.0.112029\bin\windows-x86-64;C:\Program Files\MongoDB\Server\8.0\bin;C:\Program Files\MongoDB\Server\8.0\bin\mongosh-2.5.6-win32-x64\bin;C:\Program Files\MongoDB\Server\8.0\bin\mongodb-database-tools-windows-x86_64-100.13.0\bin;C:\php;C:\composer;C:\Program Files\nodejs\;C:\Windows\System32\WindowsPowerShell\v1.0\powershell.exe;C:\Program Files\Apache\Maven\apache-maven-3.9.11\bin;C:\Program Files\Java\jdk-23\bin;C:\Program Files\Docker\Docker\resources\bin;C:\flutter\bin;C:\Windows\System32\WindowsPowerShell\v1.0;C:\Program Files (x86)\Windows Kits\10\Windows Performance Toolkit\;C:\Users\juanb\anaconda3;C:\Users\juanb\anaconda3\Library\mingw-w64\bin;C:\Users\juanb\anaconda3\Library\usr\bin;C:\Users\juanb\anaconda3\Library\bin;C:\Users\juanb\anaconda3\Scripts;C:\Users\juanb\AppData\Local\Microsoft\WindowsApps;C:\Users\juanb\AppData\Local\Programs\Microsoft VS Code\bin;C:\Users\juanb\AppData\Roaming\Composer\vendor\bin;C:\Users\juanb\AppData\Local\Programs\Python\Python311;C:\Program Files\Java\jdk-23\bin;C:\Users\juanb\AppData\Local\Muse Hub\lib;C:\Program Files\JetBrains\IntelliJ IDEA Community Edition 2025.2\bin;C:\Windows\System32;C:\sonarqube-25.8.0.112029\bin\;C:\sonarqube-25.8.0.112029\bin\windows-x86-64;C:\Program Files\MongoDB\Server\8.0\bin;C:\Program Files\MongoDB\Server\8.0\bin\mongosh-2.5.6-win32-x64\bin;C:\Program Files\MongoDB\Server\8.0\bin\mongodb-database-tools-windows-x86_64-100.13.0\bin;C:\php;C:\Users\juanb\AppData\Roaming\npm;C:\Windows\System32\WindowsPowerShell\v1.0\powershell.exe;C:\Program Files\Apache\Maven\apache-maven-3.9.11\bin;C:\Program Files\Java\jdk-23\bin;C:\flutter\bin;C:\Windows\System32\WindowsPowerShell\v1.0;C:\Users\juanb\AppData\Local\Programs\Antigravity\bin
USERNAME=juanb
OS=Windows_NT
PROCESSOR_IDENTIFIER=Intel64 Family 6 Model 140 Stepping 1, GenuineIntel
TMP=C:\Users\juanb\AppData\Local\Temp
TEMP=C:\Users\juanb\AppData\Local\Temp




Periodic native trim disabled

---------------  S Y S T E M  ---------------

OS:
 Windows 11 , 64 bit Build 26100 (10.0.26100.7019)
OS uptime: 0 days 7:46 hours
Hyper-V role detected

CPU: total 4 (initial active 4) (2 cores per cpu, 2 threads per core) family 6 model 140 stepping 1 microcode 0x86, cx8, cmov, fxsr, ht, mmx, 3dnowpref, sse, sse2, sse3, ssse3, sse4.1, sse4.2, popcnt, lzcnt, tsc, tscinvbit, avx, avx2, aes, erms, clmul, bmi1, bmi2, adx, avx512f, avx512dq, avx512cd, avx512bw, avx512vl, sha, fma, vzeroupper, avx512_vpopcntdq, avx512_vpclmulqdq, avx512_vaes, avx512_vnni, clflush, clflushopt, clwb, avx512_vbmi2, avx512_vbmi, hv, rdtscp, rdpid, fsrm, gfni, avx512_bitalg, f16c, cet_ibt, cet_ss, avx512_ifma
Processor Information for the first 4 processors :
  Max Mhz: 1997, Current Mhz: 1997, Mhz Limit: 1997

Memory: 4k page, system-wide physical 7885M (785M free)
TotalPageFile size 14029M (AvailPageFile size 5M)
current process WorkingSet (physical memory assigned to process): 85M, peak: 907M
current process commit charge ("private bytes"): 1108M, peak: 1110M

vm_info: OpenJDK 64-Bit Server VM (21.0.9+10-LTS) for windows-amd64 JRE (21.0.9+10-LTS), built on 2025-10-21T00:00:00Z by "admin" with unknown MS VC++:1942

END.
