#
# There is insufficient memory for the Java Runtime Environment to continue.
# Native memory allocation (malloc) failed to allocate 1048576 bytes. Error detail: AllocateHeap
# Possible reasons:
#   The system is out of physical RAM or swap space
#   This process is running with CompressedOops enabled, and the Java Heap may be blocking the growth of the native heap
# Possible solutions:
#   Reduce memory load on the system
#   Increase physical memory or swap space
#   Check if swap backing store is full
#   Decrease Java heap size (-Xmx/-Xms)
#   Decrease number of Java threads
#   Decrease Java thread stack sizes (-Xss)
#   Set larger code cache with -XX:ReservedCodeCacheSize=
#   JVM is running with Unscaled Compressed Oops mode in which the Java heap is
#     placed in the first 4GB address space. The Java Heap base address is the
#     maximum limit for the native heap growth. Please use -XX:HeapBaseMinAddress
#     to set the Java Heap base and to place the Java Heap above 4GB virtual address.
# This output file may be truncated or incomplete.
#
#  Out of Memory Error (allocation.cpp:44), pid=6272, tid=7428
#
# JRE version: OpenJDK Runtime Environment Temurin-21.0.9+10 (21.0.9+10) (build 21.0.9+10-LTS)
# Java VM: OpenJDK 64-Bit Server VM Temurin-21.0.9+10 (21.0.9+10-LTS, mixed mode, sharing, tiered, compressed oops, compressed class ptrs, parallel gc, windows-amd64)
# No core dump will be written. Minidumps are not enabled by default on client versions of Windows
#

---------------  S U M M A R Y ------------

Command Line: --add-modules=ALL-SYSTEM --add-opens=java.base/java.util=ALL-UNNAMED --add-opens=java.base/java.lang=ALL-UNNAMED --add-opens=java.base/sun.nio.fs=ALL-UNNAMED -Declipse.application=org.eclipse.jdt.ls.core.id1 -Dosgi.bundles.defaultStartLevel=4 -Declipse.product=org.eclipse.jdt.ls.core.product -Djava.import.generatesMetadataFilesAtProjectRoot=false -DDetectVMInstallationsJob.disabled=true -Dfile.encoding=utf8 -XX:+UseParallelGC -XX:GCTimeRatio=4 -XX:AdaptiveSizePolicyWeight=90 -Dsun.zip.disableMemoryMapping=true -Xmx2G -Xms100m -Xlog:disable -javaagent:c:\Users\juanb\.antigravity\extensions\redhat.java-1.50.0-win32-x64\lombok\lombok-1.18.39-4050.jar -XX:+HeapDumpOnOutOfMemoryError -XX:HeapDumpPath=c:\Users\juanb\AppData\Roaming\Antigravity\User\workspaceStorage\945df90eec9aabffa7a7b0fd25b8c26d\redhat.java -Daether.dependencyCollector.impl=bf c:\Users\juanb\.antigravity\extensions\redhat.java-1.50.0-win32-x64\server\plugins\org.eclipse.equinox.launcher_1.7.100.v20251111-0406.jar -configuration c:\Users\juanb\AppData\Roaming\Antigravity\User\globalStorage\redhat.java\1.50.0\config_win -data c:\Users\juanb\AppData\Roaming\Antigravity\User\workspaceStorage\945df90eec9aabffa7a7b0fd25b8c26d\redhat.java\jdt_ws --pipe=\\.\pipe\lsp-59ceba900ab4fa3a4758aa36d6a2ccc4-sock

Host: Intel(R) Pentium(R) Gold 7505 @ 2.00GHz, 4 cores, 7G,  Windows 11 , 64 bit Build 26100 (10.0.26100.7019)
Time: Sat Nov 29 22:13:28 2025 Hora est. Pacífico, Sudamérica elapsed time: 8376.818296 seconds (0d 2h 19m 36s)

---------------  T H R E A D  ---------------

Current thread (0x0000017156d26f90):  JavaThread "Attach Listener" daemon [_thread_in_vm, id=7428, stack(0x0000004958200000,0x0000004958300000) (1024K)]

Stack: [0x0000004958200000,0x0000004958300000]
Native frames: (J=compiled Java code, j=interpreted, Vv=VM code, C=native code)
V  [jvm.dll+0x6d6e29]
V  [jvm.dll+0x8b4b76]
V  [jvm.dll+0x8b712e]
V  [jvm.dll+0x8b7813]
V  [jvm.dll+0x283d86]
V  [jvm.dll+0xc1277]
V  [jvm.dll+0x6d76d9]
V  [jvm.dll+0x133466]
V  [jvm.dll+0x3f7ea6]
V  [jvm.dll+0x85e9ad]
V  [jvm.dll+0x6d565d]
C  [ucrtbase.dll+0x37b0]
C  [KERNEL32.DLL+0x2e8d7]
C  [ntdll.dll+0x8c53c]


---------------  P R O C E S S  ---------------

Threads class SMR info:
_java_thread_list=0x000001716e5f4f20, length=30, elements={
0x0000017156e2f7d0, 0x0000017156eeb0f0, 0x0000017156d21780, 0x0000017156d24030,
0x0000017156d26f90, 0x0000017156d279e0, 0x0000017156d28430, 0x0000017156d2b270,
0x0000017156da2200, 0x000001716e5737d0, 0x000001716e615f60, 0x000001716e3a83b0,
0x000001716eb63300, 0x000001716eaa8310, 0x000001716eaa8970, 0x000001717329d840,
0x000001716ef050a0, 0x000001716e659e30, 0x00000171737b87d0, 0x000001717404fad0,
0x000001717404c650, 0x000001717404f440, 0x000001717404cce0, 0x0000017173af68e0,
0x0000017173af5bc0, 0x0000017173af89b0, 0x0000017173afa3f0, 0x0000017173af7600,
0x0000017173afb110, 0x0000017173af7c90
}

Java Threads: ( => current thread )
  0x0000017156e2f7d0 JavaThread "main"                              [_thread_blocked, id=5432, stack(0x0000004957a00000,0x0000004957b00000) (1024K)]
  0x0000017156eeb0f0 JavaThread "Reference Handler"          daemon [_thread_blocked, id=2728, stack(0x0000004957f00000,0x0000004958000000) (1024K)]
  0x0000017156d21780 JavaThread "Finalizer"                  daemon [_thread_blocked, id=14080, stack(0x0000004958000000,0x0000004958100000) (1024K)]
  0x0000017156d24030 JavaThread "Signal Dispatcher"          daemon [_thread_blocked, id=19340, stack(0x0000004958100000,0x0000004958200000) (1024K)]
=>0x0000017156d26f90 JavaThread "Attach Listener"            daemon [_thread_in_vm, id=7428, stack(0x0000004958200000,0x0000004958300000) (1024K)]
  0x0000017156d279e0 JavaThread "Service Thread"             daemon [_thread_blocked, id=11184, stack(0x0000004958300000,0x0000004958400000) (1024K)]
  0x0000017156d28430 JavaThread "Monitor Deflation Thread"   daemon [_thread_blocked, id=14000, stack(0x0000004958400000,0x0000004958500000) (1024K)]
  0x0000017156d2b270 JavaThread "C2 CompilerThread0"         daemon [_thread_blocked, id=16300, stack(0x0000004958500000,0x0000004958600000) (1024K)]
  0x0000017156da2200 JavaThread "C1 CompilerThread0"         daemon [_thread_blocked, id=13784, stack(0x0000004958600000,0x0000004958700000) (1024K)]
  0x000001716e5737d0 JavaThread "Common-Cleaner"             daemon [_thread_blocked, id=5252, stack(0x0000004958700000,0x0000004958800000) (1024K)]
  0x000001716e615f60 JavaThread "Notification Thread"        daemon [_thread_blocked, id=4920, stack(0x0000004958800000,0x0000004958900000) (1024K)]
  0x000001716e3a83b0 JavaThread "Active Thread: Equinox Container: dc4608c4-9522-4253-978b-cd28f0f2f755"        [_thread_blocked, id=2596, stack(0x0000004958c00000,0x0000004958d00000) (1024K)]
  0x000001716eb63300 JavaThread "Refresh Thread: Equinox Container: dc4608c4-9522-4253-978b-cd28f0f2f755" daemon [_thread_blocked, id=8728, stack(0x0000004958d00000,0x0000004958e00000) (1024K)]
  0x000001716eaa8310 JavaThread "Framework Event Dispatcher: Equinox Container: dc4608c4-9522-4253-978b-cd28f0f2f755" daemon [_thread_blocked, id=5000, stack(0x0000004958e00000,0x0000004958f00000) (1024K)]
  0x000001716eaa8970 JavaThread "Start Level: Equinox Container: dc4608c4-9522-4253-978b-cd28f0f2f755" daemon [_thread_blocked, id=9036, stack(0x0000004958f00000,0x0000004959000000) (1024K)]
  0x000001717329d840 JavaThread "Bundle File Closer"         daemon [_thread_blocked, id=1964, stack(0x0000004959000000,0x0000004959100000) (1024K)]
  0x000001716ef050a0 JavaThread "SCR Component Actor"        daemon [_thread_blocked, id=19656, stack(0x0000004959100000,0x0000004959200000) (1024K)]
  0x000001716e659e30 JavaThread "Worker-JM"                         [_thread_blocked, id=19644, stack(0x0000004959200000,0x0000004959300000) (1024K)]
  0x00000171737b87d0 JavaThread "JNA Cleaner"                daemon [_thread_blocked, id=11240, stack(0x0000004959300000,0x0000004959400000) (1024K)]
  0x000001717404fad0 JavaThread "Java indexing"              daemon [_thread_blocked, id=18884, stack(0x0000004959700000,0x0000004959800000) (1024K)]
  0x000001717404c650 JavaThread "Thread-1"                   daemon [_thread_in_native, id=12580, stack(0x0000004959d00000,0x0000004959e00000) (1024K)]
  0x000001717404f440 JavaThread "Thread-2"                   daemon [_thread_in_native, id=9828, stack(0x0000004959e00000,0x0000004959f00000) (1024K)]
  0x000001717404cce0 JavaThread "Thread-3"                   daemon [_thread_in_native, id=18720, stack(0x0000004959f00000,0x000000495a000000) (1024K)]
  0x0000017173af68e0 JavaThread "Thread-4"                   daemon [_thread_in_native, id=2432, stack(0x000000495a000000,0x000000495a100000) (1024K)]
  0x0000017173af5bc0 JavaThread "Thread-5"                   daemon [_thread_in_native, id=2420, stack(0x000000495a100000,0x000000495a200000) (1024K)]
  0x0000017173af89b0 JavaThread "pool-2-thread-1"                   [_thread_blocked, id=15744, stack(0x000000495a200000,0x000000495a300000) (1024K)]
  0x0000017173afa3f0 JavaThread "WorkspaceEventsHandler"            [_thread_blocked, id=13044, stack(0x000000495a300000,0x000000495a400000) (1024K)]
  0x0000017173af7600 JavaThread "pool-1-thread-1"                   [_thread_blocked, id=19604, stack(0x000000495a400000,0x000000495a500000) (1024K)]
  0x0000017173afb110 JavaThread "Worker-7"                          [_thread_blocked, id=7928, stack(0x0000004957900000,0x0000004957a00000) (1024K)]
  0x0000017173af7c90 JavaThread "Worker-8"                          [_thread_blocked, id=8936, stack(0x0000004957b00000,0x0000004957c00000) (1024K)]
Total: 30

Other Threads:
  0x0000017156ecf980 VMThread "VM Thread"                           [id=20332, stack(0x0000004957e00000,0x0000004957f00000) (1024K)]
  0x0000017156cbc950 WatcherThread "VM Periodic Task Thread"        [id=8756, stack(0x0000004957d00000,0x0000004957e00000) (1024K)]
  0x0000017156e4dd40 WorkerThread "GC Thread#0"                     [id=19316, stack(0x0000004957c00000,0x0000004957d00000) (1024K)]
  0x000001716e990370 WorkerThread "GC Thread#1"                     [id=13560, stack(0x0000004958900000,0x0000004958a00000) (1024K)]
  0x000001716e990710 WorkerThread "GC Thread#2"                     [id=13056, stack(0x0000004958a00000,0x0000004958b00000) (1024K)]
  0x000001716ec1ca20 WorkerThread "GC Thread#3"                     [id=12792, stack(0x0000004958b00000,0x0000004958c00000) (1024K)]
Total: 6

Threads with active compile tasks:
Total: 0

VM state: not at safepoint (normal execution)

VM Mutex/Monitor currently owned by a thread: None

Heap address: 0x0000000080000000, size: 2048 MB, Compressed Oops mode: 32-bit

CDS archive(s) mapped at: [0x0000017100000000-0x0000017100ba0000-0x0000017100ba0000), size 12189696, SharedBaseAddress: 0x0000017100000000, ArchiveRelocationMode: 1.
Compressed class space mapped at: 0x0000017101000000-0x0000017141000000, reserved size: 1073741824
Narrow klass base: 0x0000017100000000, Narrow klass shift: 0, Narrow klass range: 0x100000000

GC Precious Log:
 CardTable entry size: 512
 CPUs: 4 total, 4 available
 Memory: 7885M
 Large Page Support: Disabled
 NUMA Support: Disabled
 Compressed Oops: Enabled (32-bit)
 Alignments: Space 512K, Generation 512K, Heap 2M
 Heap Min Capacity: 100M
 Heap Initial Capacity: 100M
 Heap Max Capacity: 2G
 Pre-touch: Disabled
 Parallel Workers: 4

Heap:
 PSYoungGen      total 9216K, used 3245K [0x00000000d5580000, 0x00000000d6080000, 0x0000000100000000)
  eden space 8704K, 34% used [0x00000000d5580000,0x00000000d586b7b8,0x00000000d5e00000)
  from space 512K, 50% used [0x00000000d5f80000,0x00000000d5fc0000,0x00000000d6000000)
  to   space 512K, 0% used [0x00000000d6000000,0x00000000d6000000,0x00000000d6080000)
 ParOldGen       total 112640K, used 112358K [0x0000000080000000, 0x0000000086e00000, 0x00000000d5580000)
  object space 112640K, 99% used [0x0000000080000000,0x0000000086db9880,0x0000000086e00000)
 Metaspace       used 68064K, committed 69568K, reserved 1114112K
  class space    used 6949K, committed 7616K, reserved 1048576K

Card table byte_map: [0x00000171567d0000,0x0000017156be0000] _byte_map_base: 0x00000171563d0000

Marking Bits: (ParMarkBitMap*) 0x00007ffc10f42460
 Begin Bits: [0x00000171692e0000, 0x000001716b2e0000)
 End Bits:   [0x000001716b2e0000, 0x000001716d2e0000)

Polling page: 0x0000017154be0000

Metaspace:

Usage:
  Non-class:     59.68 MB used.
      Class:      6.79 MB used.
       Both:     66.47 MB used.

Virtual space:
  Non-class space:       64.00 MB reserved,      60.50 MB ( 95%) committed,  1 nodes.
      Class space:        1.00 GB reserved,       7.44 MB ( <1%) committed,  1 nodes.
             Both:        1.06 GB reserved,      67.94 MB (  6%) committed. 

Chunk freelists:
   Non-Class:  2.92 MB
       Class:  8.55 MB
        Both:  11.47 MB

MaxMetaspaceSize: unlimited
CompressedClassSpaceSize: 1.00 GB
Initial GC threshold: 21.00 MB
Current GC threshold: 97.31 MB
CDS: on
 - commit_granule_bytes: 65536.
 - commit_granule_words: 8192.
 - virtual_space_node_default_size: 8388608.
 - enlarge_chunks_in_place: 1.
 - use_allocation_guard: 0.


Internal statistics:

num_allocs_failed_limit: 9.
num_arena_births: 1298.
num_arena_deaths: 14.
num_vsnodes_births: 2.
num_vsnodes_deaths: 0.
num_space_committed: 1087.
num_space_uncommitted: 0.
num_chunks_returned_to_freelist: 23.
num_chunks_taken_from_freelist: 4568.
num_chunk_merges: 12.
num_chunk_splits: 2777.
num_chunks_enlarged: 1562.
num_inconsistent_stats: 0.

CodeHeap 'non-profiled nmethods': size=120000Kb used=11884Kb max_used=11884Kb free=108115Kb
 bounds [0x0000017161b00000, 0x00000171626a0000, 0x0000017169030000]
CodeHeap 'profiled nmethods': size=120000Kb used=33630Kb max_used=33630Kb free=86369Kb
 bounds [0x000001715a030000, 0x000001715c110000, 0x0000017161560000]
CodeHeap 'non-nmethods': size=5760Kb used=1446Kb max_used=1518Kb free=4313Kb
 bounds [0x0000017161560000, 0x00000171617d0000, 0x0000017161b00000]
CodeCache: size=245760Kb, used=46960Kb, max_used=47032Kb, free=198797Kb
 total_blobs=14974, nmethods=14229, adapters=648, full_count=0
Compilation: enabled, stopped_count=0, restarted_count=0

Compilation events (20 events):
Event: 8374.593 Thread 0x0000017156da2200 14996       3       java.io.PrintWriter::<init> (37 bytes)
Event: 8374.595 Thread 0x0000017156da2200 nmethod 14996 0x000001715c102710 code [0x000001715c102a00, 0x000001715c103cb8]
Event: 8374.603 Thread 0x0000017156da2200 14997       3       com.sun.org.apache.xerces.internal.xni.XMLString::setValues (17 bytes)
Event: 8374.604 Thread 0x0000017156da2200 nmethod 14997 0x000001715c104310 code [0x000001715c1044c0, 0x000001715c1046d8]
Event: 8374.810 Thread 0x0000017156da2200 14998       3       org.apache.maven.plugin.internal.DefaultLegacySupport::getSession (26 bytes)
Event: 8374.811 Thread 0x0000017156da2200 nmethod 14998 0x000001715c104810 code [0x000001715c1049e0, 0x000001715c104e90]
Event: 8374.927 Thread 0x0000017156d2b270 14999       4       com.google.common.base.Preconditions::checkArgument (29 bytes)
Event: 8374.928 Thread 0x0000017156d2b270 nmethod 14999 0x000001716269a610 code [0x000001716269a7a0, 0x000001716269a830]
Event: 8374.940 Thread 0x0000017156d2b270 15000       4       org.eclipse.jdt.internal.core.JavaModelManager::clearExternalFileState (19 bytes)
Event: 8374.942 Thread 0x0000017156d2b270 nmethod 15000 0x000001716269a910 code [0x000001716269aaa0, 0x000001716269aba0]
Event: 8374.942 Thread 0x0000017156d2b270 15001   !   4       org.eclipse.jdt.internal.core.DeltaProcessingState::getExternalLibTimeStamps (173 bytes)
Event: 8374.944 Thread 0x0000017156d2b270 nmethod 15001 0x000001716269ac90 code [0x000001716269ae20, 0x000001716269aed0]
Event: 8375.025 Thread 0x0000017156da2200 15002       1       org.eclipse.core.internal.resources.ResourceInfo::setLocalSyncInfo (6 bytes)
Event: 8375.025 Thread 0x0000017156da2200 nmethod 15002 0x000001716269af90 code [0x000001716269b120, 0x000001716269b200]
Event: 8375.037 Thread 0x0000017156da2200 15003   !   3       org.eclipse.core.internal.resources.File::getCharset (116 bytes)
Event: 8375.039 Thread 0x0000017156da2200 nmethod 15003 0x000001715c105010 code [0x000001715c1052a0, 0x000001715c106010]
Event: 8375.039 Thread 0x0000017156da2200 15004       3       org.eclipse.core.internal.resources.File::internalGetCharset (85 bytes)
Event: 8375.041 Thread 0x0000017156da2200 nmethod 15004 0x000001715c106410 code [0x000001715c106680, 0x000001715c106fd8]
Event: 8375.041 Thread 0x0000017156da2200 15005       3       org.eclipse.core.internal.content.DefaultDescription::getProperty (11 bytes)
Event: 8375.041 Thread 0x0000017156da2200 nmethod 15005 0x000001715c107410 code [0x000001715c1075e0, 0x000001715c107878]

GC Heap History (20 events):
Event: 6618.588 GC heap before
{Heap before GC invocations=143 (full 3):
 PSYoungGen      total 9216K, used 8992K [0x00000000d5580000, 0x00000000d6080000, 0x0000000100000000)
  eden space 8704K, 100% used [0x00000000d5580000,0x00000000d5e00000,0x00000000d5e00000)
  from space 512K, 56% used [0x00000000d5f80000,0x00000000d5fc8000,0x00000000d6000000)
  to   space 512K, 0% used [0x00000000d6000000,0x00000000d6000000,0x00000000d6080000)
 ParOldGen       total 112128K, used 112094K [0x0000000080000000, 0x0000000086d80000, 0x00000000d5580000)
  object space 112128K, 99% used [0x0000000080000000,0x0000000086d77880,0x0000000086d80000)
 Metaspace       used 67772K, committed 69312K, reserved 1114112K
  class space    used 6949K, committed 7616K, reserved 1048576K
}
Event: 6618.602 GC heap after
{Heap after GC invocations=143 (full 3):
 PSYoungGen      total 9216K, used 320K [0x00000000d5580000, 0x00000000d6080000, 0x0000000100000000)
  eden space 8704K, 0% used [0x00000000d5580000,0x00000000d5580000,0x00000000d5e00000)
  from space 512K, 62% used [0x00000000d6000000,0x00000000d6050000,0x00000000d6080000)
  to   space 512K, 0% used [0x00000000d5f80000,0x00000000d5f80000,0x00000000d6000000)
 ParOldGen       total 112128K, used 112126K [0x0000000080000000, 0x0000000086d80000, 0x00000000d5580000)
  object space 112128K, 99% used [0x0000000080000000,0x0000000086d7f880,0x0000000086d80000)
 Metaspace       used 67772K, committed 69312K, reserved 1114112K
  class space    used 6949K, committed 7616K, reserved 1048576K
}
Event: 6797.423 GC heap before
{Heap before GC invocations=144 (full 3):
 PSYoungGen      total 9216K, used 9024K [0x00000000d5580000, 0x00000000d6080000, 0x0000000100000000)
  eden space 8704K, 100% used [0x00000000d5580000,0x00000000d5e00000,0x00000000d5e00000)
  from space 512K, 62% used [0x00000000d6000000,0x00000000d6050000,0x00000000d6080000)
  to   space 512K, 0% used [0x00000000d5f80000,0x00000000d5f80000,0x00000000d6000000)
 ParOldGen       total 112128K, used 112126K [0x0000000080000000, 0x0000000086d80000, 0x00000000d5580000)
  object space 112128K, 99% used [0x0000000080000000,0x0000000086d7f880,0x0000000086d80000)
 Metaspace       used 67797K, committed 69376K, reserved 1114112K
  class space    used 6949K, committed 7616K, reserved 1048576K
}
Event: 6797.427 GC heap after
{Heap after GC invocations=144 (full 3):
 PSYoungGen      total 9216K, used 256K [0x00000000d5580000, 0x00000000d6080000, 0x0000000100000000)
  eden space 8704K, 0% used [0x00000000d5580000,0x00000000d5580000,0x00000000d5e00000)
  from space 512K, 50% used [0x00000000d5f80000,0x00000000d5fc0000,0x00000000d6000000)
  to   space 512K, 0% used [0x00000000d6000000,0x00000000d6000000,0x00000000d6080000)
 ParOldGen       total 112640K, used 112150K [0x0000000080000000, 0x0000000086e00000, 0x00000000d5580000)
  object space 112640K, 99% used [0x0000000080000000,0x0000000086d85880,0x0000000086e00000)
 Metaspace       used 67797K, committed 69376K, reserved 1114112K
  class space    used 6949K, committed 7616K, reserved 1048576K
}
Event: 6826.264 GC heap before
{Heap before GC invocations=145 (full 3):
 PSYoungGen      total 9216K, used 8960K [0x00000000d5580000, 0x00000000d6080000, 0x0000000100000000)
  eden space 8704K, 100% used [0x00000000d5580000,0x00000000d5e00000,0x00000000d5e00000)
  from space 512K, 50% used [0x00000000d5f80000,0x00000000d5fc0000,0x00000000d6000000)
  to   space 512K, 0% used [0x00000000d6000000,0x00000000d6000000,0x00000000d6080000)
 ParOldGen       total 112640K, used 112150K [0x0000000080000000, 0x0000000086e00000, 0x00000000d5580000)
  object space 112640K, 99% used [0x0000000080000000,0x0000000086d85880,0x0000000086e00000)
 Metaspace       used 67824K, committed 69376K, reserved 1114112K
  class space    used 6949K, committed 7616K, reserved 1048576K
}
Event: 6826.268 GC heap after
{Heap after GC invocations=145 (full 3):
 PSYoungGen      total 9216K, used 192K [0x00000000d5580000, 0x00000000d6080000, 0x0000000100000000)
  eden space 8704K, 0% used [0x00000000d5580000,0x00000000d5580000,0x00000000d5e00000)
  from space 512K, 37% used [0x00000000d6000000,0x00000000d6030000,0x00000000d6080000)
  to   space 512K, 0% used [0x00000000d5f80000,0x00000000d5f80000,0x00000000d6000000)
 ParOldGen       total 112640K, used 112174K [0x0000000080000000, 0x0000000086e00000, 0x00000000d5580000)
  object space 112640K, 99% used [0x0000000080000000,0x0000000086d8b880,0x0000000086e00000)
 Metaspace       used 67824K, committed 69376K, reserved 1114112K
  class space    used 6949K, committed 7616K, reserved 1048576K
}
Event: 7060.595 GC heap before
{Heap before GC invocations=146 (full 3):
 PSYoungGen      total 9216K, used 8896K [0x00000000d5580000, 0x00000000d6080000, 0x0000000100000000)
  eden space 8704K, 100% used [0x00000000d5580000,0x00000000d5e00000,0x00000000d5e00000)
  from space 512K, 37% used [0x00000000d6000000,0x00000000d6030000,0x00000000d6080000)
  to   space 512K, 0% used [0x00000000d5f80000,0x00000000d5f80000,0x00000000d6000000)
 ParOldGen       total 112640K, used 112174K [0x0000000080000000, 0x0000000086e00000, 0x00000000d5580000)
  object space 112640K, 99% used [0x0000000080000000,0x0000000086d8b880,0x0000000086e00000)
 Metaspace       used 67863K, committed 69440K, reserved 1114112K
  class space    used 6949K, committed 7616K, reserved 1048576K
}
Event: 7060.604 GC heap after
{Heap after GC invocations=146 (full 3):
 PSYoungGen      total 9216K, used 192K [0x00000000d5580000, 0x00000000d6080000, 0x0000000100000000)
  eden space 8704K, 0% used [0x00000000d5580000,0x00000000d5580000,0x00000000d5e00000)
  from space 512K, 37% used [0x00000000d5f80000,0x00000000d5fb0000,0x00000000d6000000)
  to   space 512K, 0% used [0x00000000d6000000,0x00000000d6000000,0x00000000d6080000)
 ParOldGen       total 112640K, used 112198K [0x0000000080000000, 0x0000000086e00000, 0x00000000d5580000)
  object space 112640K, 99% used [0x0000000080000000,0x0000000086d91880,0x0000000086e00000)
 Metaspace       used 67863K, committed 69440K, reserved 1114112K
  class space    used 6949K, committed 7616K, reserved 1048576K
}
Event: 7239.508 GC heap before
{Heap before GC invocations=147 (full 3):
 PSYoungGen      total 9216K, used 8896K [0x00000000d5580000, 0x00000000d6080000, 0x0000000100000000)
  eden space 8704K, 100% used [0x00000000d5580000,0x00000000d5e00000,0x00000000d5e00000)
  from space 512K, 37% used [0x00000000d5f80000,0x00000000d5fb0000,0x00000000d6000000)
  to   space 512K, 0% used [0x00000000d6000000,0x00000000d6000000,0x00000000d6080000)
 ParOldGen       total 112640K, used 112198K [0x0000000080000000, 0x0000000086e00000, 0x00000000d5580000)
  object space 112640K, 99% used [0x0000000080000000,0x0000000086d91880,0x0000000086e00000)
 Metaspace       used 67969K, committed 69504K, reserved 1114112K
  class space    used 6949K, committed 7616K, reserved 1048576K
}
Event: 7239.521 GC heap after
{Heap after GC invocations=147 (full 3):
 PSYoungGen      total 9216K, used 160K [0x00000000d5580000, 0x00000000d6080000, 0x0000000100000000)
  eden space 8704K, 0% used [0x00000000d5580000,0x00000000d5580000,0x00000000d5e00000)
  from space 512K, 31% used [0x00000000d6000000,0x00000000d6028000,0x00000000d6080000)
  to   space 512K, 0% used [0x00000000d5f80000,0x00000000d5f80000,0x00000000d6000000)
 ParOldGen       total 112640K, used 112222K [0x0000000080000000, 0x0000000086e00000, 0x00000000d5580000)
  object space 112640K, 99% used [0x0000000080000000,0x0000000086d97880,0x0000000086e00000)
 Metaspace       used 67969K, committed 69504K, reserved 1114112K
  class space    used 6949K, committed 7616K, reserved 1048576K
}
Event: 7241.195 GC heap before
{Heap before GC invocations=148 (full 3):
 PSYoungGen      total 9216K, used 8864K [0x00000000d5580000, 0x00000000d6080000, 0x0000000100000000)
  eden space 8704K, 100% used [0x00000000d5580000,0x00000000d5e00000,0x00000000d5e00000)
  from space 512K, 31% used [0x00000000d6000000,0x00000000d6028000,0x00000000d6080000)
  to   space 512K, 0% used [0x00000000d5f80000,0x00000000d5f80000,0x00000000d6000000)
 ParOldGen       total 112640K, used 112222K [0x0000000080000000, 0x0000000086e00000, 0x00000000d5580000)
  object space 112640K, 99% used [0x0000000080000000,0x0000000086d97880,0x0000000086e00000)
 Metaspace       used 67986K, committed 69504K, reserved 1114112K
  class space    used 6949K, committed 7616K, reserved 1048576K
}
Event: 7241.197 GC heap after
{Heap after GC invocations=148 (full 3):
 PSYoungGen      total 9216K, used 288K [0x00000000d5580000, 0x00000000d6080000, 0x0000000100000000)
  eden space 8704K, 0% used [0x00000000d5580000,0x00000000d5580000,0x00000000d5e00000)
  from space 512K, 56% used [0x00000000d5f80000,0x00000000d5fc8000,0x00000000d6000000)
  to   space 512K, 0% used [0x00000000d6000000,0x00000000d6000000,0x00000000d6080000)
 ParOldGen       total 112640K, used 112254K [0x0000000080000000, 0x0000000086e00000, 0x00000000d5580000)
  object space 112640K, 99% used [0x0000000080000000,0x0000000086d9f880,0x0000000086e00000)
 Metaspace       used 67986K, committed 69504K, reserved 1114112K
  class space    used 6949K, committed 7616K, reserved 1048576K
}
Event: 7674.420 GC heap before
{Heap before GC invocations=149 (full 3):
 PSYoungGen      total 9216K, used 8992K [0x00000000d5580000, 0x00000000d6080000, 0x0000000100000000)
  eden space 8704K, 100% used [0x00000000d5580000,0x00000000d5e00000,0x00000000d5e00000)
  from space 512K, 56% used [0x00000000d5f80000,0x00000000d5fc8000,0x00000000d6000000)
  to   space 512K, 0% used [0x00000000d6000000,0x00000000d6000000,0x00000000d6080000)
 ParOldGen       total 112640K, used 112254K [0x0000000080000000, 0x0000000086e00000, 0x00000000d5580000)
  object space 112640K, 99% used [0x0000000080000000,0x0000000086d9f880,0x0000000086e00000)
 Metaspace       used 67999K, committed 69504K, reserved 1114112K
  class space    used 6949K, committed 7616K, reserved 1048576K
}
Event: 7674.427 GC heap after
{Heap after GC invocations=149 (full 3):
 PSYoungGen      total 9216K, used 224K [0x00000000d5580000, 0x00000000d6080000, 0x0000000100000000)
  eden space 8704K, 0% used [0x00000000d5580000,0x00000000d5580000,0x00000000d5e00000)
  from space 512K, 43% used [0x00000000d6000000,0x00000000d6038000,0x00000000d6080000)
  to   space 512K, 0% used [0x00000000d5f80000,0x00000000d5f80000,0x00000000d6000000)
 ParOldGen       total 112640K, used 112278K [0x0000000080000000, 0x0000000086e00000, 0x00000000d5580000)
  object space 112640K, 99% used [0x0000000080000000,0x0000000086da5880,0x0000000086e00000)
 Metaspace       used 67999K, committed 69504K, reserved 1114112K
  class space    used 6949K, committed 7616K, reserved 1048576K
}
Event: 7683.329 GC heap before
{Heap before GC invocations=150 (full 3):
 PSYoungGen      total 9216K, used 8928K [0x00000000d5580000, 0x00000000d6080000, 0x0000000100000000)
  eden space 8704K, 100% used [0x00000000d5580000,0x00000000d5e00000,0x00000000d5e00000)
  from space 512K, 43% used [0x00000000d6000000,0x00000000d6038000,0x00000000d6080000)
  to   space 512K, 0% used [0x00000000d5f80000,0x00000000d5f80000,0x00000000d6000000)
 ParOldGen       total 112640K, used 112278K [0x0000000080000000, 0x0000000086e00000, 0x00000000d5580000)
  object space 112640K, 99% used [0x0000000080000000,0x0000000086da5880,0x0000000086e00000)
 Metaspace       used 68012K, committed 69504K, reserved 1114112K
  class space    used 6949K, committed 7616K, reserved 1048576K
}
Event: 7683.332 GC heap after
{Heap after GC invocations=150 (full 3):
 PSYoungGen      total 9216K, used 256K [0x00000000d5580000, 0x00000000d6080000, 0x0000000100000000)
  eden space 8704K, 0% used [0x00000000d5580000,0x00000000d5580000,0x00000000d5e00000)
  from space 512K, 50% used [0x00000000d5f80000,0x00000000d5fc0000,0x00000000d6000000)
  to   space 512K, 0% used [0x00000000d6000000,0x00000000d6000000,0x00000000d6080000)
 ParOldGen       total 112640K, used 112310K [0x0000000080000000, 0x0000000086e00000, 0x00000000d5580000)
  object space 112640K, 99% used [0x0000000080000000,0x0000000086dad880,0x0000000086e00000)
 Metaspace       used 68012K, committed 69504K, reserved 1114112K
  class space    used 6949K, committed 7616K, reserved 1048576K
}
Event: 7974.256 GC heap before
{Heap before GC invocations=151 (full 3):
 PSYoungGen      total 9216K, used 8960K [0x00000000d5580000, 0x00000000d6080000, 0x0000000100000000)
  eden space 8704K, 100% used [0x00000000d5580000,0x00000000d5e00000,0x00000000d5e00000)
  from space 512K, 50% used [0x00000000d5f80000,0x00000000d5fc0000,0x00000000d6000000)
  to   space 512K, 0% used [0x00000000d6000000,0x00000000d6000000,0x00000000d6080000)
 ParOldGen       total 112640K, used 112310K [0x0000000080000000, 0x0000000086e00000, 0x00000000d5580000)
  object space 112640K, 99% used [0x0000000080000000,0x0000000086dad880,0x0000000086e00000)
 Metaspace       used 68032K, committed 69568K, reserved 1114112K
  class space    used 6949K, committed 7616K, reserved 1048576K
}
Event: 7974.264 GC heap after
{Heap after GC invocations=151 (full 3):
 PSYoungGen      total 9216K, used 320K [0x00000000d5580000, 0x00000000d6080000, 0x0000000100000000)
  eden space 8704K, 0% used [0x00000000d5580000,0x00000000d5580000,0x00000000d5e00000)
  from space 512K, 62% used [0x00000000d6000000,0x00000000d6050000,0x00000000d6080000)
  to   space 512K, 0% used [0x00000000d5f80000,0x00000000d5f80000,0x00000000d6000000)
 ParOldGen       total 112640K, used 112334K [0x0000000080000000, 0x0000000086e00000, 0x00000000d5580000)
  object space 112640K, 99% used [0x0000000080000000,0x0000000086db3880,0x0000000086e00000)
 Metaspace       used 68032K, committed 69568K, reserved 1114112K
  class space    used 6949K, committed 7616K, reserved 1048576K
}
Event: 8374.841 GC heap before
{Heap before GC invocations=152 (full 3):
 PSYoungGen      total 9216K, used 9024K [0x00000000d5580000, 0x00000000d6080000, 0x0000000100000000)
  eden space 8704K, 100% used [0x00000000d5580000,0x00000000d5e00000,0x00000000d5e00000)
  from space 512K, 62% used [0x00000000d6000000,0x00000000d6050000,0x00000000d6080000)
  to   space 512K, 0% used [0x00000000d5f80000,0x00000000d5f80000,0x00000000d6000000)
 ParOldGen       total 112640K, used 112334K [0x0000000080000000, 0x0000000086e00000, 0x00000000d5580000)
  object space 112640K, 99% used [0x0000000080000000,0x0000000086db3880,0x0000000086e00000)
 Metaspace       used 68060K, committed 69568K, reserved 1114112K
  class space    used 6949K, committed 7616K, reserved 1048576K
}
Event: 8374.851 GC heap after
{Heap after GC invocations=152 (full 3):
 PSYoungGen      total 9216K, used 256K [0x00000000d5580000, 0x00000000d6080000, 0x0000000100000000)
  eden space 8704K, 0% used [0x00000000d5580000,0x00000000d5580000,0x00000000d5e00000)
  from space 512K, 50% used [0x00000000d5f80000,0x00000000d5fc0000,0x00000000d6000000)
  to   space 512K, 0% used [0x00000000d6000000,0x00000000d6000000,0x00000000d6080000)
 ParOldGen       total 112640K, used 112358K [0x0000000080000000, 0x0000000086e00000, 0x00000000d5580000)
  object space 112640K, 99% used [0x0000000080000000,0x0000000086db9880,0x0000000086e00000)
 Metaspace       used 68060K, committed 69568K, reserved 1114112K
  class space    used 6949K, committed 7616K, reserved 1048576K
}

Dll operation events (10 events):
Event: 0.077 Loaded shared library c:\Users\juanb\.antigravity\extensions\redhat.java-1.50.0-win32-x64\jre\21.0.9-win32-x86_64\bin\java.dll
Event: 0.238 Loaded shared library c:\Users\juanb\.antigravity\extensions\redhat.java-1.50.0-win32-x64\jre\21.0.9-win32-x86_64\bin\zip.dll
Event: 0.265 Loaded shared library C:\Users\juanb\.antigravity\extensions\redhat.java-1.50.0-win32-x64\jre\21.0.9-win32-x86_64\bin\instrument.dll
Event: 0.270 Loaded shared library C:\Users\juanb\.antigravity\extensions\redhat.java-1.50.0-win32-x64\jre\21.0.9-win32-x86_64\bin\net.dll
Event: 0.285 Loaded shared library C:\Users\juanb\.antigravity\extensions\redhat.java-1.50.0-win32-x64\jre\21.0.9-win32-x86_64\bin\nio.dll
Event: 0.295 Loaded shared library C:\Users\juanb\.antigravity\extensions\redhat.java-1.50.0-win32-x64\jre\21.0.9-win32-x86_64\bin\zip.dll
Event: 0.336 Loaded shared library C:\Users\juanb\.antigravity\extensions\redhat.java-1.50.0-win32-x64\jre\21.0.9-win32-x86_64\bin\jimage.dll
Event: 0.552 Loaded shared library c:\Users\juanb\.antigravity\extensions\redhat.java-1.50.0-win32-x64\jre\21.0.9-win32-x86_64\bin\verify.dll
Event: 10.123 Loaded shared library C:\Users\juanb\AppData\Roaming\Antigravity\User\globalStorage\redhat.java\1.50.0\config_win\org.eclipse.equinox.launcher\org.eclipse.equinox.launcher.win32.win32.x86_64_1.2.1400.v20250801-0854\eclipse_11916.dll
Event: 16.152 Loaded shared library C:\Users\juanb\AppData\Local\Temp\jna-101475498\jna13241347508255422064.dll

Deoptimization events (20 events):
Event: 7239.757 Thread 0x0000017173af7c90 Uncommon trap: trap_request=0xffffff76 fr.pc=0x000001716266f058 relative=0x00000000000001b8
Event: 7239.758 Thread 0x0000017173af7c90 Uncommon trap: reason=predicate action=maybe_recompile pc=0x000001716266f058 method=java.util.LinkedHashMap.keysToArray([Ljava/lang/Object;Z)[Ljava/lang/Object; @ 53 c2
Event: 7239.758 Thread 0x0000017173af7c90 DEOPT PACKING pc=0x000001716266f058 sp=0x0000004957bfdf60
Event: 7239.758 Thread 0x0000017173af7c90 DEOPT UNPACKING pc=0x00000171615b6da2 sp=0x0000004957bfdef0 mode 2
Event: 7683.412 Thread 0x0000017173afb110 Uncommon trap: trap_request=0xffffffd6 fr.pc=0x0000017162684dd4 relative=0x0000000000000234
Event: 7683.412 Thread 0x0000017173afb110 Uncommon trap: reason=array_check action=maybe_recompile pc=0x0000017162684dd4 method=java.util.LinkedHashMap.keysToArray([Ljava/lang/Object;Z)[Ljava/lang/Object; @ 67 c2
Event: 7683.412 Thread 0x0000017173afb110 DEOPT PACKING pc=0x0000017162684dd4 sp=0x00000049579fddc0
Event: 7683.412 Thread 0x0000017173afb110 DEOPT UNPACKING pc=0x00000171615b6da2 sp=0x00000049579fdd40 mode 2
Event: 7685.095 Thread 0x0000017173afb110 Uncommon trap: trap_request=0xffffffd6 fr.pc=0x0000017162684dd4 relative=0x0000000000000234
Event: 7685.095 Thread 0x0000017173afb110 Uncommon trap: reason=array_check action=maybe_recompile pc=0x0000017162684dd4 method=java.util.LinkedHashMap.keysToArray([Ljava/lang/Object;Z)[Ljava/lang/Object; @ 67 c2
Event: 7685.095 Thread 0x0000017173afb110 DEOPT PACKING pc=0x0000017162684dd4 sp=0x00000049579fddc0
Event: 7685.095 Thread 0x0000017173afb110 DEOPT UNPACKING pc=0x00000171615b6da2 sp=0x00000049579fdd40 mode 2
Event: 8356.328 Thread 0x0000017173afb110 Uncommon trap: trap_request=0xffffffd6 fr.pc=0x0000017162684dd4 relative=0x0000000000000234
Event: 8356.328 Thread 0x0000017173afb110 Uncommon trap: reason=array_check action=maybe_recompile pc=0x0000017162684dd4 method=java.util.LinkedHashMap.keysToArray([Ljava/lang/Object;Z)[Ljava/lang/Object; @ 67 c2
Event: 8356.328 Thread 0x0000017173afb110 DEOPT PACKING pc=0x0000017162684dd4 sp=0x00000049579fddc0
Event: 8356.328 Thread 0x0000017173afb110 DEOPT UNPACKING pc=0x00000171615b6da2 sp=0x00000049579fdd40 mode 2
Event: 8374.962 Thread 0x0000017173afb110 Uncommon trap: trap_request=0xffffffd6 fr.pc=0x0000017162684dd4 relative=0x0000000000000234
Event: 8374.962 Thread 0x0000017173afb110 Uncommon trap: reason=array_check action=maybe_recompile pc=0x0000017162684dd4 method=java.util.LinkedHashMap.keysToArray([Ljava/lang/Object;Z)[Ljava/lang/Object; @ 67 c2
Event: 8374.962 Thread 0x0000017173afb110 DEOPT PACKING pc=0x0000017162684dd4 sp=0x00000049579fddc0
Event: 8374.962 Thread 0x0000017173afb110 DEOPT UNPACKING pc=0x00000171615b6da2 sp=0x00000049579fdd40 mode 2

Classes loaded (20 events):
Event: 486.244 Loading class java/util/ArrayDeque$DeqSpliterator
Event: 486.247 Loading class java/util/ArrayDeque$DeqSpliterator done
Event: 629.672 Loading class java/nio/file/Files$2
Event: 629.672 Loading class java/nio/file/Files$2 done
Event: 784.690 Loading class java/util/stream/Nodes$CollectorTask$OfRef
Event: 784.690 Loading class java/util/stream/Nodes$CollectorTask
Event: 784.691 Loading class java/util/stream/Nodes$CollectorTask done
Event: 784.691 Loading class java/util/stream/Nodes$CollectorTask$OfRef done
Event: 784.691 Loading class java/util/function/LongFunction
Event: 784.691 Loading class java/util/function/LongFunction done
Event: 784.691 Loading class java/util/stream/Nodes$ConcNode
Event: 784.692 Loading class java/util/stream/Nodes$AbstractConcNode
Event: 784.692 Loading class java/util/stream/Nodes$AbstractConcNode done
Event: 784.692 Loading class java/util/stream/Nodes$ConcNode done
Event: 784.696 Loading class java/io/ObjectOutputStream$BlockDataOutputStream
Event: 784.697 Loading class java/io/ObjectOutputStream$BlockDataOutputStream done
Event: 784.697 Loading class java/io/ObjectOutputStream$HandleTable
Event: 784.697 Loading class java/io/ObjectOutputStream$HandleTable done
Event: 784.697 Loading class java/io/ObjectOutputStream$ReplaceTable
Event: 784.697 Loading class java/io/ObjectOutputStream$ReplaceTable done

Classes unloaded (7 events):
Event: 17.978 Thread 0x0000017156ecf980 Unloading class 0x00000171011a8c00 'java/lang/invoke/LambdaForm$MH+0x00000171011a8c00'
Event: 17.978 Thread 0x0000017156ecf980 Unloading class 0x00000171011a8800 'java/lang/invoke/LambdaForm$MH+0x00000171011a8800'
Event: 17.978 Thread 0x0000017156ecf980 Unloading class 0x00000171011a8400 'java/lang/invoke/LambdaForm$MH+0x00000171011a8400'
Event: 17.978 Thread 0x0000017156ecf980 Unloading class 0x00000171011a8000 'java/lang/invoke/LambdaForm$MH+0x00000171011a8000'
Event: 17.978 Thread 0x0000017156ecf980 Unloading class 0x00000171011a7c00 'java/lang/invoke/LambdaForm$BMH+0x00000171011a7c00'
Event: 17.978 Thread 0x0000017156ecf980 Unloading class 0x00000171011a7800 'java/lang/invoke/LambdaForm$DMH+0x00000171011a7800'
Event: 17.978 Thread 0x0000017156ecf980 Unloading class 0x00000171011a6400 'java/lang/invoke/LambdaForm$DMH+0x00000171011a6400'

Classes redefined (0 events):
No events

Internal exceptions (20 events):
Event: 2174.047 Thread 0x000001717404edb0 Exception <a 'sun/nio/fs/WindowsException'{0x00000000d58489d0}> (0x00000000d58489d0) 
thrown [s\src\hotspot\share\prims\jni.cpp, line 520]
Event: 2174.047 Thread 0x000001717404edb0 Exception <a 'sun/nio/fs/WindowsException'{0x00000000d58492c0}> (0x00000000d58492c0) 
thrown [s\src\hotspot\share\prims\jni.cpp, line 520]
Event: 2642.659 Thread 0x000001717404e090 Exception <a 'sun/nio/fs/WindowsException'{0x00000000d5c39790}> (0x00000000d5c39790) 
thrown [s\src\hotspot\share\prims\jni.cpp, line 520]
Event: 2642.660 Thread 0x000001717404e090 Exception <a 'sun/nio/fs/WindowsException'{0x00000000d5c3a080}> (0x00000000d5c3a080) 
thrown [s\src\hotspot\share\prims\jni.cpp, line 520]
Event: 3065.184 Thread 0x0000017173afb110 Exception <a 'sun/nio/fs/WindowsException'{0x00000000d59abb78}> (0x00000000d59abb78) 
thrown [s\src\hotspot\share\prims\jni.cpp, line 520]
Event: 3065.184 Thread 0x0000017173afb110 Exception <a 'sun/nio/fs/WindowsException'{0x00000000d59ac488}> (0x00000000d59ac488) 
thrown [s\src\hotspot\share\prims\jni.cpp, line 520]
Event: 3452.356 Thread 0x0000017173afb110 Exception <a 'sun/nio/fs/WindowsException'{0x00000000d5733a70}> (0x00000000d5733a70) 
thrown [s\src\hotspot\share\prims\jni.cpp, line 520]
Event: 3452.357 Thread 0x0000017173afb110 Exception <a 'sun/nio/fs/WindowsException'{0x00000000d5734360}> (0x00000000d5734360) 
thrown [s\src\hotspot\share\prims\jni.cpp, line 520]
Event: 3816.305 Thread 0x0000017173af7c90 Exception <a 'sun/nio/fs/WindowsException'{0x00000000d5bc2be8}> (0x00000000d5bc2be8) 
thrown [s\src\hotspot\share\prims\jni.cpp, line 520]
Event: 3816.306 Thread 0x0000017173af7c90 Exception <a 'sun/nio/fs/WindowsException'{0x00000000d5bc34d8}> (0x00000000d5bc34d8) 
thrown [s\src\hotspot\share\prims\jni.cpp, line 520]
Event: 6042.046 Thread 0x0000017173af7c90 Exception <a 'sun/nio/fs/WindowsException'{0x00000000d5936688}> (0x00000000d5936688) 
thrown [s\src\hotspot\share\prims\jni.cpp, line 520]
Event: 6042.047 Thread 0x0000017173af7c90 Exception <a 'sun/nio/fs/WindowsException'{0x00000000d5936f78}> (0x00000000d5936f78) 
thrown [s\src\hotspot\share\prims\jni.cpp, line 520]
Event: 6618.408 Thread 0x0000017173af7c90 Exception <a 'sun/nio/fs/WindowsException'{0x00000000d5d15c30}> (0x00000000d5d15c30) 
thrown [s\src\hotspot\share\prims\jni.cpp, line 520]
Event: 6618.409 Thread 0x0000017173af7c90 Exception <a 'sun/nio/fs/WindowsException'{0x00000000d5d16768}> (0x00000000d5d16768) 
thrown [s\src\hotspot\share\prims\jni.cpp, line 520]
Event: 7084.330 Thread 0x0000017173afb110 Exception <a 'sun/nio/fs/WindowsException'{0x00000000d5be1b28}> (0x00000000d5be1b28) 
thrown [s\src\hotspot\share\prims\jni.cpp, line 520]
Event: 7084.330 Thread 0x0000017173afb110 Exception <a 'sun/nio/fs/WindowsException'{0x00000000d5be2418}> (0x00000000d5be2418) 
thrown [s\src\hotspot\share\prims\jni.cpp, line 520]
Event: 7539.552 Thread 0x0000017173afb110 Exception <a 'sun/nio/fs/WindowsException'{0x00000000d576e430}> (0x00000000d576e430) 
thrown [s\src\hotspot\share\prims\jni.cpp, line 520]
Event: 7539.552 Thread 0x0000017173afb110 Exception <a 'sun/nio/fs/WindowsException'{0x00000000d576ed20}> (0x00000000d576ed20) 
thrown [s\src\hotspot\share\prims\jni.cpp, line 520]
Event: 7974.087 Thread 0x0000017173afb110 Exception <a 'sun/nio/fs/WindowsException'{0x00000000d5cfbc90}> (0x00000000d5cfbc90) 
thrown [s\src\hotspot\share\prims\jni.cpp, line 520]
Event: 7974.087 Thread 0x0000017173afb110 Exception <a 'sun/nio/fs/WindowsException'{0x00000000d5cfc580}> (0x00000000d5cfc580) 
thrown [s\src\hotspot\share\prims\jni.cpp, line 520]

ZGC Phase Switch (0 events):
No events

VM Operations (20 events):
Event: 7696.933 Executing VM operation: HandshakeAllThreads (HandshakeForDeflation)
Event: 7696.933 Executing VM operation: HandshakeAllThreads (HandshakeForDeflation) done
Event: 7696.933 Executing VM operation: RendezvousGCThreads
Event: 7696.933 Executing VM operation: RendezvousGCThreads done
Event: 7974.256 Executing VM operation: ParallelGCFailedAllocation (Allocation Failure)
Event: 7974.264 Executing VM operation: ParallelGCFailedAllocation (Allocation Failure) done
Event: 7997.581 Executing VM operation: HandshakeAllThreads (HandshakeForDeflation)
Event: 7997.582 Executing VM operation: HandshakeAllThreads (HandshakeForDeflation) done
Event: 7997.582 Executing VM operation: RendezvousGCThreads
Event: 7997.582 Executing VM operation: RendezvousGCThreads done
Event: 8356.939 Executing VM operation: Cleanup
Event: 8356.939 Executing VM operation: Cleanup done
Event: 8358.560 Executing VM operation: HandshakeAllThreads (HandshakeForDeflation)
Event: 8358.560 Executing VM operation: HandshakeAllThreads (HandshakeForDeflation) done
Event: 8358.560 Executing VM operation: RendezvousGCThreads
Event: 8358.560 Executing VM operation: RendezvousGCThreads done
Event: 8374.592 Executing VM operation: Cleanup
Event: 8374.592 Executing VM operation: Cleanup done
Event: 8374.841 Executing VM operation: ParallelGCFailedAllocation (Allocation Failure)
Event: 8374.851 Executing VM operation: ParallelGCFailedAllocation (Allocation Failure) done

Memory protections (0 events):
No events

Nmethod flushes (20 events):
Event: 44.780 Thread 0x0000017156ecf980 flushing  nmethod 0x000001715a964910
Event: 44.780 Thread 0x0000017156ecf980 flushing  nmethod 0x000001715a964d90
Event: 44.780 Thread 0x0000017156ecf980 flushing  nmethod 0x000001715a96d210
Event: 44.780 Thread 0x0000017156ecf980 flushing  nmethod 0x000001715a96f190
Event: 44.780 Thread 0x0000017156ecf980 flushing  nmethod 0x000001715a972890
Event: 44.780 Thread 0x0000017156ecf980 flushing  nmethod 0x000001715a995710
Event: 44.780 Thread 0x0000017156ecf980 flushing  nmethod 0x000001715a9a6a90
Event: 44.780 Thread 0x0000017156ecf980 flushing  nmethod 0x000001715a9a6f10
Event: 44.780 Thread 0x0000017156ecf980 flushing  nmethod 0x000001715a9a7490
Event: 44.780 Thread 0x0000017156ecf980 flushing  nmethod 0x000001715a9a8690
Event: 44.780 Thread 0x0000017156ecf980 flushing  nmethod 0x000001715a9a8a10
Event: 44.780 Thread 0x0000017156ecf980 flushing  nmethod 0x000001715a9a9010
Event: 44.780 Thread 0x0000017156ecf980 flushing  nmethod 0x000001715a9a9890
Event: 44.780 Thread 0x0000017156ecf980 flushing  nmethod 0x000001715a9a9d90
Event: 44.780 Thread 0x0000017156ecf980 flushing  nmethod 0x000001715a9aa610
Event: 44.780 Thread 0x0000017156ecf980 flushing  nmethod 0x000001715a9ab110
Event: 44.780 Thread 0x0000017156ecf980 flushing  nmethod 0x000001715a9ae990
Event: 44.780 Thread 0x0000017156ecf980 flushing osr nmethod 0x000001715a9b2910
Event: 44.780 Thread 0x0000017156ecf980 flushing  nmethod 0x000001715aa0de10
Event: 44.780 Thread 0x0000017156ecf980 flushing  nmethod 0x000001715aa18e90

Events (20 events):
Event: 3452.361 Thread 0x0000017173afb110 Thread added: 0x0000017173afd1e0
Event: 3452.362 Thread 0x0000017173afd1e0 Thread exited: 0x0000017173afd1e0
Event: 3518.400 Thread 0x0000017156d2b270 Thread added: 0x000001714194c570
Event: 3520.098 Thread 0x000001714194c570 Thread exited: 0x000001714194c570
Event: 3816.307 Thread 0x0000017173af7c90 Thread added: 0x0000017173afd1e0
Event: 3816.307 Thread 0x0000017173afd1e0 Thread exited: 0x0000017173afd1e0
Event: 6041.992 Thread 0x0000017173af7c90 Thread added: 0x0000017173afd1e0
Event: 6042.052 Thread 0x0000017173af7c90 Thread added: 0x000001717404da00
Event: 6042.054 Thread 0x000001717404da00 Thread exited: 0x000001717404da00
Event: 6102.204 Thread 0x0000017173afd1e0 Thread exited: 0x0000017173afd1e0
Event: 6618.412 Thread 0x0000017173af7c90 Thread added: 0x000001717404d370
Event: 6618.414 Thread 0x000001717404d370 Thread exited: 0x000001717404d370
Event: 7084.333 Thread 0x0000017173afb110 Thread added: 0x000001717404d370
Event: 7084.335 Thread 0x000001717404d370 Thread exited: 0x000001717404d370
Event: 7539.555 Thread 0x0000017173afb110 Thread added: 0x000001717404d370
Event: 7539.557 Thread 0x000001717404d370 Thread exited: 0x000001717404d370
Event: 7974.090 Thread 0x0000017173afb110 Thread added: 0x000001717404d370
Event: 7974.091 Thread 0x000001717404d370 Thread exited: 0x000001717404d370
Event: 7974.221 Thread 0x0000017173af7c90 Thread added: 0x000001717404e720
Event: 8034.233 Thread 0x000001717404e720 Thread exited: 0x000001717404e720


Dynamic libraries:
0x00007ff78e460000 - 0x00007ff78e46e000 	c:\Users\juanb\.antigravity\extensions\redhat.java-1.50.0-win32-x64\jre\21.0.9-win32-x86_64\bin\java.exe
0x00007ffcc8e20000 - 0x00007ffcc9088000 	C:\WINDOWS\SYSTEM32\ntdll.dll
0x00007ffcc79c0000 - 0x00007ffcc7a89000 	C:\WINDOWS\System32\KERNEL32.DLL
0x00007ffcc6710000 - 0x00007ffcc6b08000 	C:\WINDOWS\System32\KERNELBASE.dll
0x00007ffcc62e0000 - 0x00007ffcc642b000 	C:\WINDOWS\System32\ucrtbase.dll
0x00007ffcb4d20000 - 0x00007ffcb4d38000 	c:\Users\juanb\.antigravity\extensions\redhat.java-1.50.0-win32-x64\jre\21.0.9-win32-x86_64\bin\jli.dll
0x00007ffcc8c00000 - 0x00007ffcc8dc7000 	C:\WINDOWS\System32\USER32.dll
0x00007ffcc65a0000 - 0x00007ffcc65c7000 	C:\WINDOWS\System32\win32u.dll
0x00007ffcc77b0000 - 0x00007ffcc77db000 	C:\WINDOWS\System32\GDI32.dll
0x00007ffcc5f70000 - 0x00007ffcc609c000 	C:\WINDOWS\System32\gdi32full.dll
0x00007ffcc6b10000 - 0x00007ffcc6bb3000 	C:\WINDOWS\System32\msvcp_win.dll
0x00007ffcb4ea0000 - 0x00007ffcb4ebe000 	c:\Users\juanb\.antigravity\extensions\redhat.java-1.50.0-win32-x64\jre\21.0.9-win32-x86_64\bin\VCRUNTIME140.dll
0x00007ffcb22c0000 - 0x00007ffcb2554000 	C:\WINDOWS\WinSxS\amd64_microsoft.windows.common-controls_6595b64144ccf1df_6.0.26100.7019_none_3e06ffa0e335b8a8\COMCTL32.dll
0x00007ffcc7670000 - 0x00007ffcc7719000 	C:\WINDOWS\System32\msvcrt.dll
0x00007ffcc7d40000 - 0x00007ffcc7d71000 	C:\WINDOWS\System32\IMM32.DLL
0x00007ffcc09b0000 - 0x00007ffcc09bc000 	c:\Users\juanb\.antigravity\extensions\redhat.java-1.50.0-win32-x64\jre\21.0.9-win32-x86_64\bin\vcruntime140_1.dll
0x00007ffc697c0000 - 0x00007ffc6984d000 	c:\Users\juanb\.antigravity\extensions\redhat.java-1.50.0-win32-x64\jre\21.0.9-win32-x86_64\bin\msvcp140.dll
0x00007ffc10280000 - 0x00007ffc11020000 	c:\Users\juanb\.antigravity\extensions\redhat.java-1.50.0-win32-x64\jre\21.0.9-win32-x86_64\bin\server\jvm.dll
0x00007ffcc7c50000 - 0x00007ffcc7d04000 	C:\WINDOWS\System32\ADVAPI32.dll
0x00007ffcc8050000 - 0x00007ffcc80f6000 	C:\WINDOWS\System32\sechost.dll
0x00007ffcc6d00000 - 0x00007ffcc6e18000 	C:\WINDOWS\System32\RPCRT4.dll
0x00007ffcc6e20000 - 0x00007ffcc6e94000 	C:\WINDOWS\System32\WS2_32.dll
0x00007ffcc5dd0000 - 0x00007ffcc5e2e000 	C:\WINDOWS\SYSTEM32\POWRPROF.dll
0x00007ffcb4e00000 - 0x00007ffcb4e35000 	C:\WINDOWS\SYSTEM32\WINMM.dll
0x00007ffcb9aa0000 - 0x00007ffcb9aab000 	C:\WINDOWS\SYSTEM32\VERSION.dll
0x00007ffcc5db0000 - 0x00007ffcc5dc4000 	C:\WINDOWS\SYSTEM32\UMPDC.dll
0x00007ffcc4d30000 - 0x00007ffcc4d4b000 	C:\WINDOWS\SYSTEM32\kernel.appcore.dll
0x00007ffcb5560000 - 0x00007ffcb556a000 	c:\Users\juanb\.antigravity\extensions\redhat.java-1.50.0-win32-x64\jre\21.0.9-win32-x86_64\bin\jimage.dll
0x00007ffcc2ef0000 - 0x00007ffcc3132000 	C:\WINDOWS\SYSTEM32\DBGHELP.DLL
0x00007ffcc8870000 - 0x00007ffcc8bfb000 	C:\WINDOWS\System32\combase.dll
0x00007ffcc78e0000 - 0x00007ffcc79b7000 	C:\WINDOWS\System32\OLEAUT32.dll
0x00007ffcae6c0000 - 0x00007ffcae6fc000 	C:\WINDOWS\SYSTEM32\dbgcore.DLL
0x00007ffcc6660000 - 0x00007ffcc6705000 	C:\WINDOWS\System32\bcryptPrimitives.dll
0x00007ffc9db90000 - 0x00007ffc9db9f000 	c:\Users\juanb\.antigravity\extensions\redhat.java-1.50.0-win32-x64\jre\21.0.9-win32-x86_64\bin\instrument.dll
0x00007ffc90cc0000 - 0x00007ffc90ce0000 	c:\Users\juanb\.antigravity\extensions\redhat.java-1.50.0-win32-x64\jre\21.0.9-win32-x86_64\bin\java.dll
0x00007ffcc8100000 - 0x00007ffcc884f000 	C:\WINDOWS\System32\SHELL32.dll
0x00007ffcc6430000 - 0x00007ffcc659b000 	C:\WINDOWS\System32\wintypes.dll
0x00007ffcc3b70000 - 0x00007ffcc43cd000 	C:\WINDOWS\SYSTEM32\windows.storage.dll
0x00007ffcc7040000 - 0x00007ffcc7132000 	C:\WINDOWS\System32\SHCORE.dll
0x00007ffcc7fe0000 - 0x00007ffcc8047000 	C:\WINDOWS\System32\shlwapi.dll
0x00007ffcc5e90000 - 0x00007ffcc5eb9000 	C:\WINDOWS\SYSTEM32\profapi.dll
0x00007ffcb40b0000 - 0x00007ffcb40c8000 	c:\Users\juanb\.antigravity\extensions\redhat.java-1.50.0-win32-x64\jre\21.0.9-win32-x86_64\bin\zip.dll
0x00007ffcb40a0000 - 0x00007ffcb40b0000 	C:\Users\juanb\.antigravity\extensions\redhat.java-1.50.0-win32-x64\jre\21.0.9-win32-x86_64\bin\net.dll
0x00007ffcba8f0000 - 0x00007ffcbaa18000 	C:\WINDOWS\SYSTEM32\WINHTTP.dll
0x00007ffcc52a0000 - 0x00007ffcc530b000 	C:\WINDOWS\system32\mswsock.dll
0x00007ffc93180000 - 0x00007ffc93196000 	C:\Users\juanb\.antigravity\extensions\redhat.java-1.50.0-win32-x64\jre\21.0.9-win32-x86_64\bin\nio.dll
0x00007ffc935d0000 - 0x00007ffc935e0000 	c:\Users\juanb\.antigravity\extensions\redhat.java-1.50.0-win32-x64\jre\21.0.9-win32-x86_64\bin\verify.dll
0x00007ffc5e0e0000 - 0x00007ffc5e124000 	C:\Users\juanb\AppData\Roaming\Antigravity\User\globalStorage\redhat.java\1.50.0\config_win\org.eclipse.equinox.launcher\org.eclipse.equinox.launcher.win32.win32.x86_64_1.2.1400.v20250801-0854\eclipse_11916.dll
0x00007ffcc6ea0000 - 0x00007ffcc7037000 	C:\WINDOWS\System32\ole32.dll
0x00007ffcc5560000 - 0x00007ffcc557b000 	C:\WINDOWS\SYSTEM32\CRYPTSP.dll
0x00007ffcc4c90000 - 0x00007ffcc4cca000 	C:\WINDOWS\system32\rsaenh.dll
0x00007ffcc5350000 - 0x00007ffcc537b000 	C:\WINDOWS\SYSTEM32\USERENV.dll
0x00007ffcc5e60000 - 0x00007ffcc5e8a000 	C:\WINDOWS\SYSTEM32\bcrypt.dll
0x00007ffcc5580000 - 0x00007ffcc558c000 	C:\WINDOWS\SYSTEM32\CRYPTBASE.dll
0x00007ffcc4720000 - 0x00007ffcc4754000 	C:\WINDOWS\SYSTEM32\IPHLPAPI.DLL
0x00007ffcc71d0000 - 0x00007ffcc71da000 	C:\WINDOWS\System32\NSI.dll
0x00007ffc59bc0000 - 0x00007ffc59c09000 	C:\Users\juanb\AppData\Local\Temp\jna-101475498\jna13241347508255422064.dll
0x00007ffcc8860000 - 0x00007ffcc8868000 	C:\WINDOWS\System32\PSAPI.DLL
0x00007ffcbaa50000 - 0x00007ffcbaa6e000 	C:\WINDOWS\SYSTEM32\dhcpcsvc6.DLL
0x00007ffcbaa20000 - 0x00007ffcbaa43000 	C:\WINDOWS\SYSTEM32\dhcpcsvc.DLL
0x00007ffcc4e50000 - 0x00007ffcc4e86000 	C:\WINDOWS\SYSTEM32\ntmarta.dll

JVMTI agents:
c:\Users\juanb\.antigravity\extensions\redhat.java-1.50.0-win32-x64\lombok\lombok-1.18.39-4050.jar path:c:\Users\juanb\.antigravity\extensions\redhat.java-1.50.0-win32-x64\jre\21.0.9-win32-x86_64\bin\instrument.dll, loaded, initialized, instrumentlib options:none

dbghelp: loaded successfully - version: 4.0.5 - missing functions: none
symbol engine: initialized successfully - sym options: 0x614 - pdb path: .;c:\Users\juanb\.antigravity\extensions\redhat.java-1.50.0-win32-x64\jre\21.0.9-win32-x86_64\bin;C:\WINDOWS\SYSTEM32;C:\WINDOWS\WinSxS\amd64_microsoft.windows.common-controls_6595b64144ccf1df_6.0.26100.7019_none_3e06ffa0e335b8a8;c:\Users\juanb\.antigravity\extensions\redhat.java-1.50.0-win32-x64\jre\21.0.9-win32-x86_64\bin\server;C:\Users\juanb\AppData\Roaming\Antigravity\User\globalStorage\redhat.java\1.50.0\config_win\org.eclipse.equinox.launcher\org.eclipse.equinox.launcher.win32.win32.x86_64_1.2.1400.v20250801-0854;C:\Users\juanb\AppData\Local\Temp\jna-101475498

VM Arguments:
jvm_args: --add-modules=ALL-SYSTEM --add-opens=java.base/java.util=ALL-UNNAMED --add-opens=java.base/java.lang=ALL-UNNAMED --add-opens=java.base/sun.nio.fs=ALL-UNNAMED -Declipse.application=org.eclipse.jdt.ls.core.id1 -Dosgi.bundles.defaultStartLevel=4 -Declipse.product=org.eclipse.jdt.ls.core.product -Djava.import.generatesMetadataFilesAtProjectRoot=false -DDetectVMInstallationsJob.disabled=true -Dfile.encoding=utf8 -XX:+UseParallelGC -XX:GCTimeRatio=4 -XX:AdaptiveSizePolicyWeight=90 -Dsun.zip.disableMemoryMapping=true -Xmx2G -Xms100m -Xlog:disable -javaagent:c:\Users\juanb\.antigravity\extensions\redhat.java-1.50.0-win32-x64\lombok\lombok-1.18.39-4050.jar -XX:+HeapDumpOnOutOfMemoryError -XX:HeapDumpPath=c:\Users\juanb\AppData\Roaming\Antigravity\User\workspaceStorage\945df90eec9aabffa7a7b0fd25b8c26d\redhat.java -Daether.dependencyCollector.impl=bf 
java_command: c:\Users\juanb\.antigravity\extensions\redhat.java-1.50.0-win32-x64\server\plugins\org.eclipse.equinox.launcher_1.7.100.v20251111-0406.jar -configuration c:\Users\juanb\AppData\Roaming\Antigravity\User\globalStorage\redhat.java\1.50.0\config_win -data c:\Users\juanb\AppData\Roaming\Antigravity\User\workspaceStorage\945df90eec9aabffa7a7b0fd25b8c26d\redhat.java\jdt_ws --pipe=\\.\pipe\lsp-59ceba900ab4fa3a4758aa36d6a2ccc4-sock
java_class_path (initial): c:\Users\juanb\.antigravity\extensions\redhat.java-1.50.0-win32-x64\server\plugins\org.eclipse.equinox.launcher_1.7.100.v20251111-0406.jar
Launcher Type: SUN_STANDARD

[Global flags]
    uintx AdaptiveSizePolicyWeight                 = 90                                        {product} {command line}
     intx CICompilerCount                          = 3                                         {product} {ergonomic}
    uintx GCTimeRatio                              = 4                                         {product} {command line}
     bool HeapDumpOnOutOfMemoryError               = true                                   {manageable} {command line}
    ccstr HeapDumpPath                             = c:\Users\juanb\AppData\Roaming\Antigravity\User\workspaceStorage\945df90eec9aabffa7a7b0fd25b8c26d\redhat.java         {manageable} {command line}
   size_t InitialHeapSize                          = 104857600                                 {product} {command line}
   size_t MaxHeapSize                              = 2147483648                                {product} {command line}
   size_t MaxNewSize                               = 715653120                                 {product} {ergonomic}
   size_t MinHeapDeltaBytes                        = 524288                                    {product} {ergonomic}
   size_t MinHeapSize                              = 104857600                                 {product} {command line}
   size_t NewSize                                  = 34603008                                  {product} {ergonomic}
    uintx NonNMethodCodeHeapSize                   = 5832780                                {pd product} {ergonomic}
    uintx NonProfiledCodeHeapSize                  = 122912730                              {pd product} {ergonomic}
   size_t OldSize                                  = 70254592                                  {product} {ergonomic}
    uintx ProfiledCodeHeapSize                     = 122912730                              {pd product} {ergonomic}
    uintx ReservedCodeCacheSize                    = 251658240                              {pd product} {ergonomic}
     bool SegmentedCodeCache                       = true                                      {product} {ergonomic}
   size_t SoftMaxHeapSize                          = 2147483648                             {manageable} {ergonomic}
     bool UseCompressedOops                        = true                           {product lp64_product} {ergonomic}
     bool UseLargePagesIndividualAllocation        = false                                  {pd product} {ergonomic}
     bool UseParallelGC                            = true                                      {product} {command line}

Logging:
Log output configuration:
 #0: stdout all=off uptime,level,tags foldmultilines=false
 #1: stderr all=off uptime,level,tags foldmultilines=false

Release file:
JAVA_VERSION="21.0.9" 
MODULES="java.base java.compiler java.datatransfer java.xml java.prefs java.desktop java.instrument java.logging java.management java.security.sasl java.naming java.rmi java.management.rmi java.net.http java.scripting java.security.jgss java.transaction.xa java.sql java.sql.rowset java.xml.crypto java.se java.smartcardio jdk.accessibility jdk.internal.jvmstat jdk.attach jdk.charsets jdk.internal.opt jdk.zipfs jdk.compiler jdk.crypto.ec jdk.crypto.cryptoki jdk.crypto.mscapi jdk.dynalink jdk.internal.ed jdk.editpad jdk.hotspot.agent jdk.httpserver jdk.internal.le jdk.internal.vm.ci jdk.internal.vm.compiler jdk.internal.vm.compiler.management jdk.jartool jdk.javadoc jdk.jcmd jdk.management jdk.management.agent jdk.jconsole jdk.jdeps jdk.jdwp.agent jdk.jdi jdk.jfr jdk.jshell jdk.jsobject jdk.jstatd jdk.localedata jdk.management.jfr jdk.naming.dns jdk.naming.rmi jdk.net jdk.nio.mapmode jdk.random jdk.sctp jdk.security.auth jdk.security.jgss jdk.unsupported jdk.unsupported.desktop jdk.xml.dom" 

Environment Variables:
JAVA_HOME=C:\Program Files\Java\jdk-23
PATH=C:\Program Files (x86)\Common Files\Oracle\Java\javapath;C:\Program Files\PostgreSQL\17\bin;C:\Program Files\Git\cmd;C:\Program Files\Git\mingw64\bin;C:\Program Files\Git\usr\bin;C:\ProgramData\chocolatey\bin;C:\Program Files\dotnet\;C:\Windows\System32;C:\sonarqube-25.8.0.112029\bin;C:\sonarqube-25.8.0.112029\bin\windows-x86-64;C:\Program Files\MongoDB\Server\8.0\bin;C:\Program Files\MongoDB\Server\8.0\bin\mongosh-2.5.6-win32-x64\bin;C:\Program Files\MongoDB\Server\8.0\bin\mongodb-database-tools-windows-x86_64-100.13.0\bin;C:\php;C:\composer;C:\Program Files\nodejs\;C:\Windows\System32\WindowsPowerShell\v1.0\powershell.exe;C:\Program Files\Apache\Maven\apache-maven-3.9.11\bin;C:\Program Files\Java\jdk-23\bin;C:\Program Files\Docker\Docker\resources\bin;C:\flutter\bin;C:\Windows\System32\WindowsPowerShell\v1.0;C:\Program Files (x86)\Windows Kits\10\Windows Performance Toolkit\;C:\Users\juanb\anaconda3;C:\Users\juanb\anaconda3\Library\mingw-w64\bin;C:\Users\juanb\anaconda3\Library\usr\bin;C:\Users\juanb\anaconda3\Library\bin;C:\Users\juanb\anaconda3\Scripts;C:\Users\juanb\AppData\Local\Microsoft\WindowsApps;C:\Users\juanb\AppData\Local\Programs\Microsoft VS Code\bin;C:\Users\juanb\AppData\Roaming\Composer\vendor\bin;C:\Users\juanb\AppData\Local\Programs\Python\Python311;C:\Program Files\Java\jdk-23\bin;C:\Users\juanb\AppData\Local\Muse Hub\lib;C:\Program Files\JetBrains\IntelliJ IDEA Community Edition 2025.2\bin;C:\Windows\System32;C:\sonarqube-25.8.0.112029\bin\;C:\sonarqube-25.8.0.112029\bin\windows-x86-64;C:\Program Files\MongoDB\Server\8.0\bin;C:\Program Files\MongoDB\Server\8.0\bin\mongosh-2.5.6-win32-x64\bin;C:\Program Files\MongoDB\Server\8.0\bin\mongodb-database-tools-windows-x86_64-100.13.0\bin;C:\php;C:\Users\juanb\AppData\Roaming\npm;C:\Windows\System32\WindowsPowerShell\v1.0\powershell.exe;C:\Program Files\Apache\Maven\apache-maven-3.9.11\bin;C:\Program Files\Java\jdk-23\bin;C:\flutter\bin;C:\Windows\System32\WindowsPowerShell\v1.0;C:\Users\juanb\AppData\Local\Programs\Antigravity\bin
USERNAME=juanb
OS=Windows_NT
PROCESSOR_IDENTIFIER=Intel64 Family 6 Model 140 Stepping 1, GenuineIntel
TMP=C:\Users\juanb\AppData\Local\Temp
TEMP=C:\Users\juanb\AppData\Local\Temp




Periodic native trim disabled

---------------  S Y S T E M  ---------------

OS:
 Windows 11 , 64 bit Build 26100 (10.0.26100.7019)
OS uptime: 0 days 6:20 hours
Hyper-V role detected

CPU: total 4 (initial active 4) (2 cores per cpu, 2 threads per core) family 6 model 140 stepping 1 microcode 0x86, cx8, cmov, fxsr, ht, mmx, 3dnowpref, sse, sse2, sse3, ssse3, sse4.1, sse4.2, popcnt, lzcnt, tsc, tscinvbit, avx, avx2, aes, erms, clmul, bmi1, bmi2, adx, avx512f, avx512dq, avx512cd, avx512bw, avx512vl, sha, fma, vzeroupper, avx512_vpopcntdq, avx512_vpclmulqdq, avx512_vaes, avx512_vnni, clflush, clflushopt, clwb, avx512_vbmi2, avx512_vbmi, hv, rdtscp, rdpid, fsrm, gfni, avx512_bitalg, f16c, cet_ibt, cet_ss, avx512_ifma
Processor Information for the first 4 processors :
  Max Mhz: 1997, Current Mhz: 1997, Mhz Limit: 1997

Memory: 4k page, system-wide physical 7885M (811M free)
TotalPageFile size 14029M (AvailPageFile size 50M)
current process WorkingSet (physical memory assigned to process): 89M, peak: 363M
current process commit charge ("private bytes"): 398M, peak: 427M

vm_info: OpenJDK 64-Bit Server VM (21.0.9+10-LTS) for windows-amd64 JRE (21.0.9+10-LTS), built on 2025-10-21T00:00:00Z by "admin" with unknown MS VC++:1942

END.
